<?xml version="1.0" encoding="UTF-8"?>
<coverage generated="1535042583403" clover="3.2.0">
  <project timestamp="1535042583403" name="All files">
    <metrics statements="342" coveredstatements="227" conditionals="182" coveredconditionals="70" methods="86" coveredmethods="44" elements="610" coveredelements="341" complexity="0" loc="342" ncloc="342" packages="8" files="11" classes="11">
      <package name="server.config">
        <metrics statements="6" coveredstatements="6" conditionals="24" coveredconditionals="17" methods="0" coveredmethods="0"/>
        <file name="connect.cnf.ts" path="/Users/c017188/Desktop/temp/react_unit/simple_server_shop/src/server/config/connect.cnf.ts">
          <metrics statements="5" coveredstatements="5" conditionals="24" coveredconditionals="17" methods="0" coveredmethods="0"/>
          <line num="2" count="1" type="stmt"/>
          <line num="3" count="1" type="stmt"/>
          <line num="4" count="1" type="stmt"/>
          <line num="7" count="1" type="stmt"/>
          <line num="12" count="1" type="stmt"/>
        </file>
        <file name="private.cnf.ts" path="/Users/c017188/Desktop/temp/react_unit/simple_server_shop/src/server/config/private.cnf.ts">
          <metrics statements="1" coveredstatements="1" conditionals="0" coveredconditionals="0" methods="0" coveredmethods="0"/>
          <line num="4" count="1" type="stmt"/>
        </file>
      </package>
      <package name="server.controllers.boilerplate">
        <metrics statements="14" coveredstatements="13" conditionals="0" coveredconditionals="0" methods="3" coveredmethods="2"/>
        <file name="responder.ts" path="/Users/c017188/Desktop/temp/react_unit/simple_server_shop/src/server/controllers/boilerplate/responder.ts">
          <metrics statements="14" coveredstatements="13" conditionals="0" coveredconditionals="0" methods="3" coveredmethods="2"/>
          <line num="3" count="1" type="stmt"/>
          <line num="4" count="1" type="stmt"/>
          <line num="5" count="1" type="stmt"/>
          <line num="6" count="1" type="stmt"/>
          <line num="8" count="1" type="stmt"/>
          <line num="14" count="1" type="stmt"/>
          <line num="15" count="1" type="stmt"/>
          <line num="18" count="1" type="stmt"/>
          <line num="19" count="1" type="stmt"/>
          <line num="20" count="1" type="stmt"/>
          <line num="21" count="1" type="stmt"/>
          <line num="24" count="1" type="stmt"/>
          <line num="25" count="0" type="stmt"/>
          <line num="32" count="1" type="stmt"/>
        </file>
      </package>
      <package name="server.controllers.boilerplate.en">
        <metrics statements="5" coveredstatements="5" conditionals="2" coveredconditionals="1" methods="0" coveredmethods="0"/>
        <file name="us.ts" path="/Users/c017188/Desktop/temp/react_unit/simple_server_shop/src/server/controllers/boilerplate/en/us.ts">
          <metrics statements="5" coveredstatements="5" conditionals="2" coveredconditionals="1" methods="0" coveredmethods="0"/>
          <line num="2" count="1" type="stmt"/>
          <line num="4" count="1" type="stmt"/>
          <line num="8" count="1" type="stmt"/>
          <line num="10" count="1" type="stmt"/>
          <line num="16" count="1" type="stmt"/>
        </file>
      </package>
      <package name="server.mail">
        <metrics statements="95" coveredstatements="48" conditionals="46" coveredconditionals="9" methods="21" coveredmethods="6"/>
        <file name="mailer.ts" path="/Users/c017188/Desktop/temp/react_unit/simple_server_shop/src/server/mail/mailer.ts">
          <metrics statements="95" coveredstatements="48" conditionals="46" coveredconditionals="9" methods="21" coveredmethods="6"/>
          <line num="3" count="1" type="stmt"/>
          <line num="4" count="1" type="stmt"/>
          <line num="7" count="1" type="stmt"/>
          <line num="8" count="1" type="stmt"/>
          <line num="9" count="1" type="stmt"/>
          <line num="10" count="1" type="stmt"/>
          <line num="45" count="1" type="stmt"/>
          <line num="47" count="1" type="stmt"/>
          <line num="48" count="1" type="stmt"/>
          <line num="50" count="1" type="stmt"/>
          <line num="51" count="1" type="stmt"/>
          <line num="53" count="1" type="stmt"/>
          <line num="57" count="1" type="cond" truecount="1" falsecount="1"/>
          <line num="58" count="0" type="stmt"/>
          <line num="59" count="0" type="cond" truecount="0" falsecount="2"/>
          <line num="63" count="1" type="stmt"/>
          <line num="64" count="1" type="stmt"/>
          <line num="67" count="1" type="stmt"/>
          <line num="68" count="4" type="cond" truecount="1" falsecount="1"/>
          <line num="69" count="4" type="stmt"/>
          <line num="70" count="4" type="cond" truecount="1" falsecount="1"/>
          <line num="80" count="1" type="stmt"/>
          <line num="82" count="24" type="stmt"/>
          <line num="83" count="24" type="stmt"/>
          <line num="84" count="24" type="stmt"/>
          <line num="85" count="24" type="stmt"/>
          <line num="87" count="24" type="stmt"/>
          <line num="106" count="1" type="stmt"/>
          <line num="107" count="0" type="stmt"/>
          <line num="108" count="0" type="stmt"/>
          <line num="109" count="0" type="stmt"/>
          <line num="110" count="0" type="cond" truecount="0" falsecount="2"/>
          <line num="111" count="0" type="stmt"/>
          <line num="120" count="1" type="stmt"/>
          <line num="121" count="24" type="stmt"/>
          <line num="123" count="24" type="stmt"/>
          <line num="125" count="24" type="stmt"/>
          <line num="135" count="24" type="cond" truecount="1" falsecount="1"/>
          <line num="136" count="0" type="stmt"/>
          <line num="138" count="24" type="stmt"/>
          <line num="147" count="1" type="stmt"/>
          <line num="148" count="0" type="cond" truecount="0" falsecount="4"/>
          <line num="149" count="0" type="stmt"/>
          <line num="150" count="0" type="stmt"/>
          <line num="151" count="0" type="cond" truecount="0" falsecount="2"/>
          <line num="152" count="0" type="cond" truecount="0" falsecount="2"/>
          <line num="155" count="0" type="stmt"/>
          <line num="157" count="0" type="stmt"/>
          <line num="161" count="0" type="stmt"/>
          <line num="164" count="0" type="stmt"/>
          <line num="165" count="0" type="cond" truecount="0" falsecount="2"/>
          <line num="166" count="0" type="cond" truecount="0" falsecount="2"/>
          <line num="167" count="0" type="stmt"/>
          <line num="168" count="0" type="stmt"/>
          <line num="184" count="1" type="stmt"/>
          <line num="185" count="0" type="cond" truecount="0" falsecount="4"/>
          <line num="186" count="0" type="cond" truecount="0" falsecount="4"/>
          <line num="187" count="0" type="stmt"/>
          <line num="188" count="0" type="stmt"/>
          <line num="189" count="0" type="cond" truecount="0" falsecount="2"/>
          <line num="190" count="0" type="stmt"/>
          <line num="193" count="0" type="stmt"/>
          <line num="195" count="0" type="stmt"/>
          <line num="196" count="0" type="stmt"/>
          <line num="198" count="0" type="stmt"/>
          <line num="199" count="0" type="cond" truecount="0" falsecount="2"/>
          <line num="200" count="0" type="stmt"/>
          <line num="201" count="0" type="cond" truecount="0" falsecount="2"/>
          <line num="202" count="0" type="stmt"/>
          <line num="204" count="0" type="stmt"/>
          <line num="208" count="0" type="stmt"/>
          <line num="209" count="0" type="stmt"/>
          <line num="210" count="0" type="stmt"/>
          <line num="212" count="0" type="stmt"/>
          <line num="213" count="0" type="stmt"/>
          <line num="214" count="0" type="stmt"/>
          <line num="216" count="0" type="stmt"/>
          <line num="217" count="0" type="stmt"/>
          <line num="218" count="0" type="stmt"/>
          <line num="229" count="1" type="stmt"/>
          <line num="230" count="0" type="cond" truecount="0" falsecount="2"/>
          <line num="231" count="0" type="stmt"/>
          <line num="241" count="1" type="stmt"/>
          <line num="242" count="24" type="stmt"/>
          <line num="246" count="24" type="stmt"/>
          <line num="252" count="24" type="stmt"/>
          <line num="253" count="72" type="stmt"/>
          <line num="254" count="72" type="stmt"/>
          <line num="258" count="72" type="stmt"/>
          <line num="259" count="72" type="stmt"/>
          <line num="260" count="72" type="stmt"/>
          <line num="263" count="24" type="stmt"/>
          <line num="266" count="1" type="stmt"/>
          <line num="268" count="24" type="stmt"/>
          <line num="276" count="1" type="stmt"/>
        </file>
      </package>
      <package name="server.mail.boilerplate.en">
        <metrics statements="7" coveredstatements="7" conditionals="2" coveredconditionals="1" methods="0" coveredmethods="0"/>
        <file name="us.ts" path="/Users/c017188/Desktop/temp/react_unit/simple_server_shop/src/server/mail/boilerplate/en/us.ts">
          <metrics statements="7" coveredstatements="7" conditionals="2" coveredconditionals="1" methods="0" coveredmethods="0"/>
          <line num="1" count="1" type="stmt"/>
          <line num="4" count="1" type="stmt"/>
          <line num="8" count="1" type="stmt"/>
          <line num="13" count="1" type="stmt"/>
          <line num="14" count="1" type="stmt"/>
          <line num="16" count="1" type="stmt"/>
          <line num="28" count="1" type="stmt"/>
        </file>
      </package>
      <package name="server.model">
        <metrics statements="167" coveredstatements="107" conditionals="93" coveredconditionals="34" methods="53" coveredmethods="28"/>
        <file name="cmsModel.ts" path="/Users/c017188/Desktop/temp/react_unit/simple_server_shop/src/server/model/cmsModel.ts">
          <metrics statements="126" coveredstatements="82" conditionals="85" coveredconditionals="34" methods="38" coveredmethods="22"/>
          <line num="3" count="1" type="stmt"/>
          <line num="5" count="1" type="stmt"/>
          <line num="6" count="1" type="stmt"/>
          <line num="7" count="1" type="stmt"/>
          <line num="8" count="1" type="stmt"/>
          <line num="9" count="1" type="stmt"/>
          <line num="10" count="1" type="stmt"/>
          <line num="13" count="1" type="stmt"/>
          <line num="14" count="1" type="stmt"/>
          <line num="15" count="1" type="stmt"/>
          <line num="53" count="1" type="stmt"/>
          <line num="57" count="1" type="stmt"/>
          <line num="59" count="1" type="stmt"/>
          <line num="61" count="1" type="stmt"/>
          <line num="63" count="1" type="stmt"/>
          <line num="69" count="1" type="stmt"/>
          <line num="71" count="1" type="stmt"/>
          <line num="233" count="1" type="stmt"/>
          <line num="234" count="0" type="cond" truecount="0" falsecount="2"/>
          <line num="235" count="0" type="stmt"/>
          <line num="237" count="0" type="stmt"/>
          <line num="240" count="1" type="stmt"/>
          <line num="241" count="2" type="cond" truecount="1" falsecount="1"/>
          <line num="243" count="2" type="cond" truecount="1" falsecount="1"/>
          <line num="244" count="2" type="cond" truecount="1" falsecount="1"/>
          <line num="245" count="2" type="stmt"/>
          <line num="246" count="2" type="stmt"/>
          <line num="248" count="0" type="stmt"/>
          <line num="251" count="1" type="stmt"/>
          <line num="252" count="20" type="cond" truecount="2" falsecount="0"/>
          <line num="254" count="2" type="stmt"/>
          <line num="255" count="2" type="cond" truecount="1" falsecount="1"/>
          <line num="256" count="2" type="stmt"/>
          <line num="257" count="2" type="stmt"/>
          <line num="259" count="0" type="stmt"/>
          <line num="262" count="1" type="stmt"/>
          <line num="264" count="20" type="stmt"/>
          <line num="265" count="20" type="cond" truecount="1" falsecount="1"/>
          <line num="266" count="20" type="stmt"/>
          <line num="268" count="0" type="stmt"/>
          <line num="271" count="1" type="stmt"/>
          <line num="272" count="0" type="stmt"/>
          <line num="273" count="0" type="cond" truecount="0" falsecount="2"/>
          <line num="274" count="0" type="stmt"/>
          <line num="276" count="0" type="stmt"/>
          <line num="281" count="1" type="stmt"/>
          <line num="282" count="0" type="stmt"/>
          <line num="283" count="0" type="cond" truecount="0" falsecount="5"/>
          <line num="284" count="0" type="stmt"/>
          <line num="288" count="1" type="stmt"/>
          <line num="290" count="0" type="cond" truecount="0" falsecount="2"/>
          <line num="291" count="0" type="cond" truecount="0" falsecount="2"/>
          <line num="293" count="0" type="stmt"/>
          <line num="294" count="0" type="stmt"/>
          <line num="295" count="0" type="stmt"/>
          <line num="301" count="0" type="cond" truecount="0" falsecount="4"/>
          <line num="303" count="0" type="stmt"/>
          <line num="304" count="0" type="stmt"/>
          <line num="306" count="0" type="cond" truecount="0" falsecount="2"/>
          <line num="310" count="0" type="stmt"/>
          <line num="311" count="0" type="stmt"/>
          <line num="313" count="0" type="cond" truecount="0" falsecount="2"/>
          <line num="314" count="0" type="cond" truecount="0" falsecount="2"/>
          <line num="315" count="0" type="stmt"/>
          <line num="323" count="1" type="stmt"/>
          <line num="325" count="4" type="cond" truecount="4" falsecount="0"/>
          <line num="327" count="3" type="stmt"/>
          <line num="329" count="3" type="stmt"/>
          <line num="330" count="3" type="stmt"/>
          <line num="331" count="3" type="cond" truecount="1" falsecount="1"/>
          <line num="335" count="3" type="stmt"/>
          <line num="337" count="3" type="cond" truecount="1" falsecount="1"/>
          <line num="339" count="0" type="cond" truecount="0" falsecount="2"/>
          <line num="340" count="0" type="stmt"/>
          <line num="345" count="1" type="stmt"/>
          <line num="346" count="4" type="stmt"/>
          <line num="347" count="3" type="stmt"/>
          <line num="348" count="3" type="stmt"/>
          <line num="349" count="3" type="cond" truecount="3" falsecount="1"/>
          <line num="350" count="3" type="stmt"/>
          <line num="355" count="0" type="cond" truecount="0" falsecount="2"/>
          <line num="358" count="0" type="cond" truecount="0" falsecount="2"/>
          <line num="362" count="1" type="stmt"/>
          <line num="364" count="3" type="stmt"/>
          <line num="365" count="1" type="cond" truecount="1" falsecount="1"/>
          <line num="366" count="1" type="cond" truecount="4" falsecount="1"/>
          <line num="367" count="1" type="stmt"/>
          <line num="369" count="0" type="stmt"/>
          <line num="373" count="1" type="stmt"/>
          <line num="374" count="4" type="stmt"/>
          <line num="375" count="3" type="cond" truecount="3" falsecount="1"/>
          <line num="376" count="3" type="stmt"/>
          <line num="377" count="3" type="stmt"/>
          <line num="378" count="3" type="stmt"/>
          <line num="379" count="3" type="stmt"/>
          <line num="380" count="3" type="stmt"/>
          <line num="381" count="3" type="stmt"/>
          <line num="382" count="3" type="stmt"/>
          <line num="383" count="3" type="cond" truecount="3" falsecount="1"/>
          <line num="384" count="3" type="stmt"/>
          <line num="390" count="3" type="cond" truecount="1" falsecount="1"/>
          <line num="401" count="1" type="stmt"/>
          <line num="402" count="4" type="stmt"/>
          <line num="404" count="4" type="stmt"/>
          <line num="405" count="4" type="stmt"/>
          <line num="406" count="4" type="stmt"/>
          <line num="409" count="4" type="stmt"/>
          <line num="411" count="4" type="cond" truecount="1" falsecount="1"/>
          <line num="412" count="4" type="cond" truecount="1" falsecount="1"/>
          <line num="416" count="4" type="stmt"/>
          <line num="425" count="4" type="cond" truecount="1" falsecount="1"/>
          <line num="426" count="4" type="cond" truecount="1" falsecount="1"/>
          <line num="432" count="1" type="stmt"/>
          <line num="433" count="0" type="stmt"/>
          <line num="435" count="0" type="stmt"/>
          <line num="436" count="0" type="cond" truecount="0" falsecount="2"/>
          <line num="437" count="0" type="stmt"/>
          <line num="438" count="0" type="stmt"/>
          <line num="439" count="0" type="stmt"/>
          <line num="440" count="0" type="stmt"/>
          <line num="441" count="0" type="stmt"/>
          <line num="442" count="0" type="stmt"/>
          <line num="445" count="0" type="stmt"/>
          <line num="447" count="0" type="stmt"/>
          <line num="449" count="0" type="stmt"/>
          <line num="456" count="1" type="stmt"/>
        </file>
        <file name="repository.ts" path="/Users/c017188/Desktop/temp/react_unit/simple_server_shop/src/server/model/repository.ts">
          <metrics statements="24" coveredstatements="19" conditionals="0" coveredconditionals="0" methods="11" coveredmethods="5"/>
          <line num="1" count="1" type="stmt"/>
          <line num="2" count="1" type="stmt"/>
          <line num="3" count="1" type="stmt"/>
          <line num="4" count="1" type="stmt"/>
          <line num="6" count="1" type="stmt"/>
          <line num="11" count="20" type="stmt"/>
          <line num="14" count="20" type="stmt"/>
          <line num="15" count="8" type="stmt"/>
          <line num="18" count="20" type="stmt"/>
          <line num="19" count="0" type="stmt"/>
          <line num="23" count="20" type="stmt"/>
          <line num="24" count="3" type="stmt"/>
          <line num="27" count="20" type="stmt"/>
          <line num="28" count="0" type="stmt"/>
          <line num="31" count="20" type="stmt"/>
          <line num="32" count="0" type="stmt"/>
          <line num="35" count="20" type="stmt"/>
          <line num="36" count="0" type="stmt"/>
          <line num="39" count="20" type="stmt"/>
          <line num="40" count="3" type="stmt"/>
          <line num="43" count="20" type="stmt"/>
          <line num="44" count="6" type="stmt"/>
          <line num="47" count="20" type="stmt"/>
          <line num="48" count="0" type="stmt"/>
        </file>
        <file name="validate.ts" path="/Users/c017188/Desktop/temp/react_unit/simple_server_shop/src/server/model/validate.ts">
          <metrics statements="17" coveredstatements="6" conditionals="8" coveredconditionals="0" methods="4" coveredmethods="1"/>
          <line num="3" count="1" type="stmt"/>
          <line num="5" count="1" type="stmt"/>
          <line num="10" count="1" type="stmt"/>
          <line num="45" count="1" type="stmt"/>
          <line num="46" count="0" type="cond" truecount="0" falsecount="2"/>
          <line num="47" count="0" type="cond" truecount="0" falsecount="2"/>
          <line num="48" count="0" type="stmt"/>
          <line num="50" count="0" type="stmt"/>
          <line num="55" count="1" type="stmt"/>
          <line num="56" count="0" type="stmt"/>
          <line num="57" count="0" type="stmt"/>
          <line num="58" count="0" type="cond" truecount="0" falsecount="2"/>
          <line num="59" count="0" type="stmt"/>
          <line num="60" count="0" type="cond" truecount="0" falsecount="2"/>
          <line num="61" count="0" type="stmt"/>
          <line num="62" count="0" type="stmt"/>
          <line num="71" count="1" type="stmt"/>
        </file>
      </package>
      <package name="server.utils">
        <metrics statements="24" coveredstatements="24" conditionals="7" coveredconditionals="5" methods="3" coveredmethods="3"/>
        <file name="filters.ts" path="/Users/c017188/Desktop/temp/react_unit/simple_server_shop/src/server/utils/filters.ts">
          <metrics statements="24" coveredstatements="24" conditionals="7" coveredconditionals="5" methods="3" coveredmethods="3"/>
          <line num="4" count="1" type="stmt"/>
          <line num="8" count="1" type="stmt"/>
          <line num="9" count="1086" type="stmt"/>
          <line num="12" count="1" type="cond" truecount="1" falsecount="1"/>
          <line num="13" count="3" type="stmt"/>
          <line num="14" count="3" type="stmt"/>
          <line num="15" count="3" type="cond" truecount="1" falsecount="1"/>
          <line num="17" count="3" type="stmt"/>
          <line num="18" count="3" type="stmt"/>
          <line num="20" count="3" type="stmt"/>
          <line num="22" count="3" type="stmt"/>
          <line num="24" count="540" type="stmt"/>
          <line num="26" count="175" type="stmt"/>
          <line num="27" count="175" type="stmt"/>
          <line num="28" count="175" type="stmt"/>
          <line num="30" count="170" type="stmt"/>
          <line num="31" count="170" type="stmt"/>
          <line num="32" count="170" type="stmt"/>
          <line num="34" count="195" type="stmt"/>
          <line num="35" count="195" type="stmt"/>
          <line num="36" count="195" type="stmt"/>
          <line num="38" count="540" type="stmt"/>
          <line num="40" count="3" type="stmt"/>
          <line num="46" count="1" type="stmt"/>
        </file>
      </package>
      <package name="tests">
        <metrics statements="24" coveredstatements="17" conditionals="8" coveredconditionals="3" methods="6" coveredmethods="5"/>
        <file name="db_connect.ts" path="/Users/c017188/Desktop/temp/react_unit/simple_server_shop/src/tests/db_connect.ts">
          <metrics statements="24" coveredstatements="17" conditionals="8" coveredconditionals="3" methods="6" coveredmethods="5"/>
          <line num="3" count="1" type="stmt"/>
          <line num="6" count="1" type="stmt"/>
          <line num="11" count="1" type="stmt"/>
          <line num="16" count="1" type="stmt"/>
          <line num="23" count="1" type="stmt"/>
          <line num="24" count="1" type="stmt"/>
          <line num="27" count="1" type="stmt"/>
          <line num="30" count="1" type="stmt"/>
          <line num="31" count="2" type="cond" truecount="1" falsecount="1"/>
          <line num="33" count="2" type="stmt"/>
          <line num="34" count="2" type="cond" truecount="1" falsecount="1"/>
          <line num="36" count="0" type="stmt"/>
          <line num="38" count="2" type="cond" truecount="1" falsecount="1"/>
          <line num="39" count="0" type="stmt"/>
          <line num="40" count="0" type="stmt"/>
          <line num="41" count="0" type="stmt"/>
          <line num="47" count="1" type="stmt"/>
          <line num="49" count="1" type="stmt"/>
          <line num="50" count="1" type="stmt"/>
          <line num="54" count="1" type="stmt"/>
          <line num="55" count="0" type="cond" truecount="0" falsecount="2"/>
          <line num="56" count="0" type="stmt"/>
          <line num="58" count="0" type="stmt"/>
          <line num="64" count="1" type="stmt"/>
        </file>
      </package>
    </metrics>
  </project>
</coverage>
