<?xml version="1.0" encoding="UTF-8"?>
<coverage generated="1546721903849" clover="3.2.0">
  <project timestamp="1546721903849" name="All files">
    <metrics statements="890" coveredstatements="428" conditionals="351" coveredconditionals="90" methods="172" coveredmethods="61" elements="1413" coveredelements="579" complexity="0" loc="890" ncloc="890" packages="13" files="21" classes="21">
      <package name="server">
        <metrics statements="42" coveredstatements="22" conditionals="2" coveredconditionals="0" methods="10" coveredmethods="3"/>
        <file name="app.ts" path="/Users/jack/Dev/node/server/simple_server_shop/src/server/app.ts">
          <metrics statements="42" coveredstatements="22" conditionals="2" coveredconditionals="0" methods="10" coveredmethods="3"/>
          <line num="3" count="1" type="stmt"/>
          <line num="5" count="1" type="stmt"/>
          <line num="6" count="1" type="stmt"/>
          <line num="7" count="1" type="stmt"/>
          <line num="8" count="1" type="stmt"/>
          <line num="9" count="1" type="stmt"/>
          <line num="10" count="1" type="stmt"/>
          <line num="11" count="1" type="stmt"/>
          <line num="16" count="1" type="stmt"/>
          <line num="17" count="1" type="stmt"/>
          <line num="19" count="1" type="stmt"/>
          <line num="22" count="1" type="stmt"/>
          <line num="39" count="1" type="stmt"/>
          <line num="40" count="1" type="stmt"/>
          <line num="43" count="1" type="stmt"/>
          <line num="44" count="0" type="stmt"/>
          <line num="50" count="0" type="stmt"/>
          <line num="51" count="0" type="stmt"/>
          <line num="52" count="0" type="stmt"/>
          <line num="54" count="0" type="stmt"/>
          <line num="56" count="0" type="stmt"/>
          <line num="69" count="0" type="stmt"/>
          <line num="86" count="0" type="stmt"/>
          <line num="95" count="0" type="stmt"/>
          <line num="96" count="0" type="cond" truecount="0" falsecount="2"/>
          <line num="97" count="0" type="stmt"/>
          <line num="100" count="0" type="stmt"/>
          <line num="103" count="0" type="stmt"/>
          <line num="104" count="0" type="stmt"/>
          <line num="108" count="0" type="stmt"/>
          <line num="109" count="0" type="stmt"/>
          <line num="110" count="0" type="stmt"/>
          <line num="113" count="0" type="stmt"/>
          <line num="117" count="1" type="stmt"/>
          <line num="118" count="0" type="stmt"/>
          <line num="121" count="1" type="stmt"/>
          <line num="122" count="0" type="stmt"/>
          <line num="131" count="1" type="stmt"/>
          <line num="132" count="6" type="stmt"/>
          <line num="135" count="1" type="stmt"/>
          <line num="136" count="6" type="stmt"/>
          <line num="141" count="1" type="stmt"/>
        </file>
      </package>
      <package name="server.com">
        <metrics statements="27" coveredstatements="16" conditionals="0" coveredconditionals="0" methods="8" coveredmethods="1"/>
        <file name="socket.ts" path="/Users/jack/Dev/node/server/simple_server_shop/src/server/com/socket.ts">
          <metrics statements="27" coveredstatements="16" conditionals="0" coveredconditionals="0" methods="8" coveredmethods="1"/>
          <line num="2" count="1" type="stmt"/>
          <line num="3" count="1" type="stmt"/>
          <line num="5" count="1" type="stmt"/>
          <line num="6" count="1" type="stmt"/>
          <line num="10" count="1" type="stmt"/>
          <line num="21" count="1" type="stmt"/>
          <line num="23" count="1" type="stmt"/>
          <line num="24" count="1" type="stmt"/>
          <line num="26" count="1" type="stmt"/>
          <line num="27" count="0" type="stmt"/>
          <line num="28" count="0" type="stmt"/>
          <line num="31" count="1" type="stmt"/>
          <line num="32" count="1" type="stmt"/>
          <line num="34" count="1" type="stmt"/>
          <line num="35" count="0" type="stmt"/>
          <line num="36" count="0" type="stmt"/>
          <line num="39" count="1" type="stmt"/>
          <line num="42" count="1" type="stmt"/>
          <line num="43" count="0" type="stmt"/>
          <line num="44" count="0" type="stmt"/>
          <line num="47" count="1" type="stmt"/>
          <line num="48" count="0" type="stmt"/>
          <line num="49" count="0" type="stmt"/>
          <line num="52" count="1" type="stmt"/>
          <line num="53" count="0" type="stmt"/>
          <line num="55" count="0" type="stmt"/>
          <line num="57" count="0" type="stmt"/>
        </file>
      </package>
      <package name="server.config">
        <metrics statements="7" coveredstatements="7" conditionals="24" coveredconditionals="17" methods="0" coveredmethods="0"/>
        <file name="connect.cnf.ts" path="/Users/jack/Dev/node/server/simple_server_shop/src/server/config/connect.cnf.ts">
          <metrics statements="6" coveredstatements="6" conditionals="24" coveredconditionals="17" methods="0" coveredmethods="0"/>
          <line num="2" count="5" type="stmt"/>
          <line num="3" count="5" type="stmt"/>
          <line num="4" count="5" type="stmt"/>
          <line num="6" count="5" type="stmt"/>
          <line num="10" count="5" type="stmt"/>
          <line num="15" count="5" type="stmt"/>
        </file>
        <file name="private.cnf.ts" path="/Users/jack/Dev/node/server/simple_server_shop/src/server/config/private.cnf.ts">
          <metrics statements="1" coveredstatements="1" conditionals="0" coveredconditionals="0" methods="0" coveredmethods="0"/>
          <line num="4" count="5" type="stmt"/>
        </file>
      </package>
      <package name="server.controllers">
        <metrics statements="321" coveredstatements="92" conditionals="91" coveredconditionals="8" methods="44" coveredmethods="9"/>
        <file name="accountController.ts" path="/Users/jack/Dev/node/server/simple_server_shop/src/server/controllers/accountController.ts">
          <metrics statements="114" coveredstatements="23" conditionals="22" coveredconditionals="1" methods="22" coveredmethods="1"/>
          <line num="8" count="1" type="stmt"/>
          <line num="9" count="1" type="stmt"/>
          <line num="12" count="1" type="stmt"/>
          <line num="13" count="1" type="stmt"/>
          <line num="14" count="1" type="stmt"/>
          <line num="15" count="1" type="stmt"/>
          <line num="16" count="1" type="stmt"/>
          <line num="27" count="1" type="stmt"/>
          <line num="36" count="2" type="stmt"/>
          <line num="37" count="2" type="cond" truecount="1" falsecount="1"/>
          <line num="38" count="2" type="stmt"/>
          <line num="43" count="2" type="stmt"/>
          <line num="45" count="0" type="stmt"/>
          <line num="46" count="0" type="stmt"/>
          <line num="47" count="0" type="stmt"/>
          <line num="56" count="2" type="stmt"/>
          <line num="57" count="0" type="stmt"/>
          <line num="58" count="0" type="stmt"/>
          <line num="60" count="0" type="stmt"/>
          <line num="62" count="0" type="stmt"/>
          <line num="66" count="0" type="stmt"/>
          <line num="67" count="0" type="stmt"/>
          <line num="68" count="0" type="stmt"/>
          <line num="69" count="0" type="stmt"/>
          <line num="70" count="0" type="stmt"/>
          <line num="71" count="0" type="stmt"/>
          <line num="75" count="2" type="stmt"/>
          <line num="76" count="0" type="stmt"/>
          <line num="77" count="0" type="stmt"/>
          <line num="79" count="0" type="stmt"/>
          <line num="81" count="0" type="stmt"/>
          <line num="84" count="0" type="stmt"/>
          <line num="93" count="0" type="stmt"/>
          <line num="94" count="0" type="stmt"/>
          <line num="102" count="0" type="stmt"/>
          <line num="106" count="0" type="stmt"/>
          <line num="114" count="2" type="stmt"/>
          <line num="115" count="0" type="stmt"/>
          <line num="117" count="0" type="cond" truecount="0" falsecount="2"/>
          <line num="119" count="0" type="stmt"/>
          <line num="121" count="0" type="cond" truecount="0" falsecount="2"/>
          <line num="123" count="0" type="stmt"/>
          <line num="124" count="0" type="stmt"/>
          <line num="125" count="0" type="stmt"/>
          <line num="127" count="0" type="stmt"/>
          <line num="136" count="0" type="stmt"/>
          <line num="137" count="0" type="stmt"/>
          <line num="143" count="0" type="stmt"/>
          <line num="144" count="0" type="stmt"/>
          <line num="149" count="0" type="stmt"/>
          <line num="153" count="2" type="stmt"/>
          <line num="154" count="0" type="stmt"/>
          <line num="155" count="0" type="stmt"/>
          <line num="157" count="0" type="stmt"/>
          <line num="159" count="0" type="stmt"/>
          <line num="161" count="0" type="stmt"/>
          <line num="166" count="0" type="stmt"/>
          <line num="170" count="0" type="stmt"/>
          <line num="177" count="2" type="stmt"/>
          <line num="179" count="0" type="stmt"/>
          <line num="180" count="0" type="stmt"/>
          <line num="189" count="2" type="stmt"/>
          <line num="191" count="0" type="stmt"/>
          <line num="192" count="0" type="stmt"/>
          <line num="196" count="0" type="stmt"/>
          <line num="197" count="0" type="stmt"/>
          <line num="200" count="0" type="cond" truecount="0" falsecount="2"/>
          <line num="201" count="0" type="stmt"/>
          <line num="202" count="0" type="stmt"/>
          <line num="205" count="0" type="stmt"/>
          <line num="206" count="0" type="stmt"/>
          <line num="207" count="0" type="cond" truecount="0" falsecount="2"/>
          <line num="208" count="0" type="stmt"/>
          <line num="209" count="0" type="stmt"/>
          <line num="211" count="0" type="cond" truecount="0" falsecount="2"/>
          <line num="212" count="0" type="stmt"/>
          <line num="214" count="0" type="stmt"/>
          <line num="219" count="2" type="stmt"/>
          <line num="220" count="0" type="stmt"/>
          <line num="221" count="0" type="stmt"/>
          <line num="222" count="0" type="cond" truecount="0" falsecount="2"/>
          <line num="223" count="0" type="stmt"/>
          <line num="234" count="2" type="stmt"/>
          <line num="235" count="0" type="stmt"/>
          <line num="240" count="0" type="stmt"/>
          <line num="243" count="0" type="stmt"/>
          <line num="244" count="0" type="stmt"/>
          <line num="245" count="0" type="stmt"/>
          <line num="246" count="0" type="stmt"/>
          <line num="247" count="0" type="stmt"/>
          <line num="249" count="0" type="stmt"/>
          <line num="250" count="0" type="stmt"/>
          <line num="251" count="0" type="stmt"/>
          <line num="252" count="0" type="stmt"/>
          <line num="254" count="0" type="stmt"/>
          <line num="257" count="0" type="stmt"/>
          <line num="258" count="0" type="stmt"/>
          <line num="261" count="0" type="stmt"/>
          <line num="262" count="0" type="stmt"/>
          <line num="263" count="0" type="stmt"/>
          <line num="266" count="0" type="stmt"/>
          <line num="267" count="0" type="stmt"/>
          <line num="268" count="0" type="stmt"/>
          <line num="272" count="0" type="stmt"/>
          <line num="279" count="2" type="stmt"/>
          <line num="280" count="0" type="stmt"/>
          <line num="283" count="2" type="stmt"/>
          <line num="284" count="0" type="stmt"/>
          <line num="287" count="2" type="stmt"/>
          <line num="288" count="0" type="stmt"/>
          <line num="289" count="0" type="stmt"/>
          <line num="290" count="0" type="cond" truecount="0" falsecount="2"/>
          <line num="291" count="0" type="stmt"/>
          <line num="293" count="0" type="stmt"/>
        </file>
        <file name="appController.ts" path="/Users/jack/Dev/node/server/simple_server_shop/src/server/controllers/appController.ts">
          <metrics statements="21" coveredstatements="10" conditionals="4" coveredconditionals="1" methods="5" coveredmethods="1"/>
          <line num="4" count="1" type="stmt"/>
          <line num="6" count="1" type="stmt"/>
          <line num="7" count="1" type="stmt"/>
          <line num="9" count="1" type="stmt"/>
          <line num="20" count="1" type="cond" truecount="1" falsecount="1"/>
          <line num="21" count="1" type="stmt"/>
          <line num="24" count="1" type="stmt"/>
          <line num="25" count="0" type="stmt"/>
          <line num="28" count="1" type="stmt"/>
          <line num="29" count="0" type="stmt"/>
          <line num="30" count="0" type="stmt"/>
          <line num="31" count="0" type="stmt"/>
          <line num="33" count="0" type="stmt"/>
          <line num="36" count="0" type="stmt"/>
          <line num="37" count="0" type="stmt"/>
          <line num="39" count="0" type="stmt"/>
          <line num="40" count="0" type="stmt"/>
          <line num="45" count="1" type="stmt"/>
          <line num="49" count="1" type="stmt"/>
          <line num="50" count="0" type="stmt"/>
          <line num="51" count="0" type="stmt"/>
        </file>
        <file name="cmsController.ts" path="/Users/jack/Dev/node/server/simple_server_shop/src/server/controllers/cmsController.ts">
          <metrics statements="73" coveredstatements="20" conditionals="38" coveredconditionals="0" methods="10" coveredmethods="1"/>
          <line num="4" count="1" type="stmt"/>
          <line num="5" count="1" type="stmt"/>
          <line num="6" count="1" type="stmt"/>
          <line num="7" count="1" type="stmt"/>
          <line num="8" count="1" type="stmt"/>
          <line num="9" count="1" type="stmt"/>
          <line num="11" count="1" type="stmt"/>
          <line num="28" count="1" type="stmt"/>
          <line num="42" count="1" type="stmt"/>
          <line num="44" count="1" type="stmt"/>
          <line num="46" count="1" type="stmt"/>
          <line num="50" count="1" type="stmt"/>
          <line num="51" count="1" type="stmt"/>
          <line num="52" count="1" type="stmt"/>
          <line num="56" count="1" type="stmt"/>
          <line num="57" count="0" type="stmt"/>
          <line num="62" count="0" type="stmt"/>
          <line num="65" count="1" type="stmt"/>
          <line num="67" count="0" type="cond" truecount="0" falsecount="2"/>
          <line num="68" count="0" type="cond" truecount="0" falsecount="2"/>
          <line num="70" count="0" type="stmt"/>
          <line num="74" count="0" type="cond" truecount="0" falsecount="2"/>
          <line num="75" count="0" type="stmt"/>
          <line num="76" count="0" type="stmt"/>
          <line num="78" count="0" type="stmt"/>
          <line num="80" count="0" type="stmt"/>
          <line num="92" count="0" type="stmt"/>
          <line num="95" count="0" type="stmt"/>
          <line num="100" count="1" type="stmt"/>
          <line num="101" count="0" type="stmt"/>
          <line num="102" count="0" type="stmt"/>
          <line num="107" count="0" type="cond" truecount="0" falsecount="2"/>
          <line num="109" count="0" type="stmt"/>
          <line num="115" count="0" type="stmt"/>
          <line num="116" count="0" type="stmt"/>
          <line num="117" count="0" type="stmt"/>
          <line num="118" count="0" type="stmt"/>
          <line num="119" count="0" type="stmt"/>
          <line num="121" count="0" type="cond" truecount="0" falsecount="2"/>
          <line num="122" count="0" type="stmt"/>
          <line num="125" count="0" type="stmt"/>
          <line num="126" count="0" type="cond" truecount="0" falsecount="2"/>
          <line num="127" count="0" type="stmt"/>
          <line num="128" count="0" type="stmt"/>
          <line num="129" count="0" type="stmt"/>
          <line num="130" count="0" type="stmt"/>
          <line num="132" count="0" type="stmt"/>
          <line num="135" count="0" type="cond" truecount="0" falsecount="2"/>
          <line num="140" count="1" type="stmt"/>
          <line num="141" count="0" type="stmt"/>
          <line num="142" count="0" type="stmt"/>
          <line num="143" count="0" type="stmt"/>
          <line num="146" count="1" type="stmt"/>
          <line num="147" count="0" type="stmt"/>
          <line num="149" count="0" type="stmt"/>
          <line num="151" count="0" type="cond" truecount="0" falsecount="2"/>
          <line num="152" count="0" type="stmt"/>
          <line num="155" count="0" type="stmt"/>
          <line num="156" count="0" type="stmt"/>
          <line num="157" count="0" type="cond" truecount="0" falsecount="2"/>
          <line num="158" count="0" type="cond" truecount="0" falsecount="4"/>
          <line num="159" count="0" type="stmt"/>
          <line num="163" count="0" type="stmt"/>
          <line num="165" count="0" type="stmt"/>
          <line num="166" count="0" type="stmt"/>
          <line num="168" count="0" type="cond" truecount="0" falsecount="2"/>
          <line num="169" count="0" type="stmt"/>
          <line num="172" count="0" type="stmt"/>
          <line num="174" count="0" type="stmt"/>
          <line num="175" count="0" type="stmt"/>
          <line num="176" count="0" type="stmt"/>
          <line num="182" count="1" type="stmt"/>
          <line num="184" count="0" type="stmt"/>
        </file>
        <file name="formactions.ts" path="/Users/jack/Dev/node/server/simple_server_shop/src/server/controllers/formactions.ts">
          <metrics statements="99" coveredstatements="25" conditionals="25" coveredconditionals="5" methods="5" coveredmethods="4"/>
          <line num="1" count="1" type="stmt"/>
          <line num="2" count="1" type="stmt"/>
          <line num="3" count="1" type="stmt"/>
          <line num="4" count="1" type="stmt"/>
          <line num="22" count="1" type="stmt"/>
          <line num="27" count="1" type="stmt"/>
          <line num="29" count="1" type="stmt"/>
          <line num="30" count="1" type="stmt"/>
          <line num="31" count="1" type="cond" truecount="1" falsecount="1"/>
          <line num="32" count="1" type="cond" truecount="1" falsecount="1"/>
          <line num="33" count="0" type="stmt"/>
          <line num="46" count="1" type="stmt"/>
          <line num="48" count="1" type="stmt"/>
          <line num="50" count="1" type="stmt"/>
          <line num="52" count="1" type="stmt"/>
          <line num="60" count="1" type="cond" truecount="1" falsecount="1"/>
          <line num="61" count="0" type="stmt"/>
          <line num="62" count="0" type="stmt"/>
          <line num="63" count="0" type="stmt"/>
          <line num="64" count="0" type="stmt"/>
          <line num="65" count="0" type="stmt"/>
          <line num="68" count="1" type="stmt"/>
          <line num="78" count="1" type="stmt"/>
          <line num="79" count="1" type="stmt"/>
          <line num="83" count="1" type="stmt"/>
          <line num="84" count="1" type="stmt"/>
          <line num="86" count="1" type="stmt"/>
          <line num="88" count="0" type="stmt"/>
          <line num="89" count="0" type="stmt"/>
          <line num="90" count="0" type="stmt"/>
          <line num="91" count="0" type="stmt"/>
          <line num="92" count="0" type="stmt"/>
          <line num="99" count="0" type="stmt"/>
          <line num="105" count="0" type="stmt"/>
          <line num="112" count="0" type="stmt"/>
          <line num="119" count="0" type="stmt"/>
          <line num="126" count="0" type="stmt"/>
          <line num="127" count="0" type="stmt"/>
          <line num="128" count="0" type="stmt"/>
          <line num="129" count="0" type="stmt"/>
          <line num="130" count="0" type="stmt"/>
          <line num="132" count="0" type="stmt"/>
          <line num="133" count="0" type="stmt"/>
          <line num="134" count="0" type="stmt"/>
          <line num="135" count="0" type="stmt"/>
          <line num="136" count="0" type="stmt"/>
          <line num="137" count="0" type="stmt"/>
          <line num="140" count="0" type="stmt"/>
          <line num="141" count="0" type="stmt"/>
          <line num="142" count="0" type="stmt"/>
          <line num="144" count="0" type="stmt"/>
          <line num="151" count="0" type="stmt"/>
          <line num="158" count="0" type="stmt"/>
          <line num="159" count="0" type="stmt"/>
          <line num="160" count="0" type="stmt"/>
          <line num="161" count="0" type="stmt"/>
          <line num="164" count="0" type="stmt"/>
          <line num="165" count="0" type="stmt"/>
          <line num="166" count="0" type="stmt"/>
          <line num="168" count="0" type="stmt"/>
          <line num="175" count="0" type="stmt"/>
          <line num="182" count="0" type="stmt"/>
          <line num="183" count="0" type="stmt"/>
          <line num="185" count="0" type="stmt"/>
          <line num="186" count="0" type="stmt"/>
          <line num="187" count="0" type="stmt"/>
          <line num="190" count="0" type="stmt"/>
          <line num="191" count="0" type="stmt"/>
          <line num="192" count="0" type="stmt"/>
          <line num="194" count="0" type="stmt"/>
          <line num="201" count="0" type="stmt"/>
          <line num="202" count="0" type="stmt"/>
          <line num="203" count="0" type="stmt"/>
          <line num="204" count="0" type="stmt"/>
          <line num="207" count="1" type="cond" truecount="1" falsecount="1"/>
          <line num="208" count="0" type="stmt"/>
          <line num="209" count="1" type="stmt"/>
          <line num="212" count="1" type="stmt"/>
          <line num="213" count="0" type="stmt"/>
          <line num="214" count="0" type="cond" truecount="0" falsecount="2"/>
          <line num="216" count="0" type="stmt"/>
          <line num="217" count="0" type="stmt"/>
          <line num="218" count="0" type="stmt"/>
          <line num="219" count="0" type="stmt"/>
          <line num="221" count="0" type="stmt"/>
          <line num="222" count="0" type="cond" truecount="0" falsecount="4"/>
          <line num="223" count="0" type="stmt"/>
          <line num="224" count="0" type="cond" truecount="0" falsecount="4"/>
          <line num="225" count="0" type="stmt"/>
          <line num="226" count="0" type="cond" truecount="0" falsecount="2"/>
          <line num="229" count="0" type="stmt"/>
          <line num="230" count="0" type="stmt"/>
          <line num="231" count="0" type="stmt"/>
          <line num="233" count="0" type="stmt"/>
          <line num="234" count="0" type="stmt"/>
          <line num="238" count="0" type="stmt"/>
          <line num="242" count="0" type="stmt"/>
          <line num="248" count="0" type="stmt"/>
          <line num="258" count="1" type="stmt"/>
        </file>
        <file name="formsController.ts" path="/Users/jack/Dev/node/server/simple_server_shop/src/server/controllers/formsController.ts">
          <metrics statements="14" coveredstatements="14" conditionals="2" coveredconditionals="1" methods="2" coveredmethods="2"/>
          <line num="6" count="1" type="stmt"/>
          <line num="13" count="1" type="stmt"/>
          <line num="16" count="1" type="stmt"/>
          <line num="24" count="2" type="stmt"/>
          <line num="25" count="2" type="cond" truecount="1" falsecount="1"/>
          <line num="26" count="2" type="stmt"/>
          <line num="31" count="2" type="stmt"/>
          <line num="33" count="1" type="stmt"/>
          <line num="34" count="1" type="stmt"/>
          <line num="35" count="1" type="stmt"/>
          <line num="39" count="1" type="stmt"/>
          <line num="42" count="1" type="stmt"/>
          <line num="43" count="1" type="stmt"/>
          <line num="44" count="1" type="stmt"/>
        </file>
      </package>
      <package name="server.controllers.boilerplate">
        <metrics statements="14" coveredstatements="13" conditionals="0" coveredconditionals="0" methods="3" coveredmethods="2"/>
        <file name="responder.ts" path="/Users/jack/Dev/node/server/simple_server_shop/src/server/controllers/boilerplate/responder.ts">
          <metrics statements="14" coveredstatements="13" conditionals="0" coveredconditionals="0" methods="3" coveredmethods="2"/>
          <line num="3" count="2" type="stmt"/>
          <line num="4" count="2" type="stmt"/>
          <line num="5" count="2" type="stmt"/>
          <line num="6" count="2" type="stmt"/>
          <line num="8" count="2" type="stmt"/>
          <line num="14" count="2" type="stmt"/>
          <line num="15" count="2" type="stmt"/>
          <line num="18" count="2" type="stmt"/>
          <line num="19" count="2" type="stmt"/>
          <line num="20" count="2" type="stmt"/>
          <line num="21" count="2" type="stmt"/>
          <line num="24" count="2" type="stmt"/>
          <line num="25" count="0" type="stmt"/>
          <line num="32" count="2" type="stmt"/>
        </file>
      </package>
      <package name="server.controllers.boilerplate.en">
        <metrics statements="5" coveredstatements="5" conditionals="2" coveredconditionals="1" methods="0" coveredmethods="0"/>
        <file name="us.ts" path="/Users/jack/Dev/node/server/simple_server_shop/src/server/controllers/boilerplate/en/us.ts">
          <metrics statements="5" coveredstatements="5" conditionals="2" coveredconditionals="1" methods="0" coveredmethods="0"/>
          <line num="2" count="2" type="stmt"/>
          <line num="4" count="2" type="stmt"/>
          <line num="8" count="2" type="stmt"/>
          <line num="10" count="2" type="stmt"/>
          <line num="16" count="2" type="stmt"/>
        </file>
      </package>
      <package name="server.db">
        <metrics statements="22" coveredstatements="9" conditionals="8" coveredconditionals="0" methods="4" coveredmethods="1"/>
        <file name="db_connect.ts" path="/Users/jack/Dev/node/server/simple_server_shop/src/server/db/db_connect.ts">
          <metrics statements="22" coveredstatements="9" conditionals="8" coveredconditionals="0" methods="4" coveredmethods="1"/>
          <line num="3" count="1" type="stmt"/>
          <line num="6" count="1" type="stmt"/>
          <line num="10" count="1" type="stmt"/>
          <line num="15" count="1" type="stmt"/>
          <line num="22" count="1" type="stmt"/>
          <line num="23" count="1" type="stmt"/>
          <line num="26" count="1" type="stmt"/>
          <line num="27" count="0" type="cond" truecount="0" falsecount="2"/>
          <line num="29" count="0" type="stmt"/>
          <line num="31" count="0" type="stmt"/>
          <line num="32" count="0" type="cond" truecount="0" falsecount="2"/>
          <line num="33" count="0" type="stmt"/>
          <line num="35" count="0" type="cond" truecount="0" falsecount="2"/>
          <line num="36" count="0" type="stmt"/>
          <line num="37" count="0" type="stmt"/>
          <line num="38" count="0" type="stmt"/>
          <line num="41" count="0" type="stmt"/>
          <line num="44" count="1" type="stmt"/>
          <line num="45" count="0" type="cond" truecount="0" falsecount="2"/>
          <line num="46" count="0" type="stmt"/>
          <line num="49" count="0" type="stmt"/>
          <line num="54" count="1" type="stmt"/>
        </file>
      </package>
      <package name="server.mail">
        <metrics statements="94" coveredstatements="47" conditionals="46" coveredconditionals="7" methods="21" coveredmethods="6"/>
        <file name="mailer.ts" path="/Users/jack/Dev/node/server/simple_server_shop/src/server/mail/mailer.ts">
          <metrics statements="94" coveredstatements="47" conditionals="46" coveredconditionals="7" methods="21" coveredmethods="6"/>
          <line num="3" count="2" type="stmt"/>
          <line num="4" count="2" type="stmt"/>
          <line num="7" count="2" type="stmt"/>
          <line num="8" count="2" type="stmt"/>
          <line num="9" count="2" type="stmt"/>
          <line num="10" count="2" type="stmt"/>
          <line num="45" count="2" type="stmt"/>
          <line num="47" count="2" type="stmt"/>
          <line num="48" count="2" type="stmt"/>
          <line num="50" count="2" type="stmt"/>
          <line num="51" count="2" type="stmt"/>
          <line num="53" count="2" type="stmt"/>
          <line num="57" count="2" type="cond" truecount="1" falsecount="1"/>
          <line num="58" count="0" type="stmt"/>
          <line num="59" count="0" type="cond" truecount="0" falsecount="2"/>
          <line num="63" count="2" type="stmt"/>
          <line num="64" count="2" type="stmt"/>
          <line num="67" count="2" type="stmt"/>
          <line num="68" count="4" type="cond" truecount="1" falsecount="1"/>
          <line num="69" count="4" type="stmt"/>
          <line num="70" count="4" type="cond" truecount="1" falsecount="1"/>
          <line num="80" count="2" type="stmt"/>
          <line num="82" count="21" type="stmt"/>
          <line num="83" count="21" type="stmt"/>
          <line num="84" count="21" type="stmt"/>
          <line num="85" count="21" type="stmt"/>
          <line num="87" count="21" type="stmt"/>
          <line num="106" count="2" type="stmt"/>
          <line num="107" count="0" type="stmt"/>
          <line num="108" count="0" type="stmt"/>
          <line num="109" count="0" type="stmt"/>
          <line num="110" count="0" type="cond" truecount="0" falsecount="2"/>
          <line num="111" count="0" type="stmt"/>
          <line num="120" count="2" type="stmt"/>
          <line num="121" count="21" type="stmt"/>
          <line num="123" count="21" type="stmt"/>
          <line num="125" count="21" type="stmt"/>
          <line num="135" count="21" type="cond" truecount="1" falsecount="1"/>
          <line num="136" count="0" type="stmt"/>
          <line num="138" count="21" type="stmt"/>
          <line num="147" count="2" type="stmt"/>
          <line num="148" count="0" type="cond" truecount="0" falsecount="4"/>
          <line num="149" count="0" type="stmt"/>
          <line num="150" count="0" type="stmt"/>
          <line num="151" count="0" type="cond" truecount="0" falsecount="2"/>
          <line num="152" count="0" type="cond" truecount="0" falsecount="2"/>
          <line num="155" count="0" type="stmt"/>
          <line num="157" count="0" type="stmt"/>
          <line num="161" count="0" type="stmt"/>
          <line num="164" count="0" type="stmt"/>
          <line num="165" count="0" type="cond" truecount="0" falsecount="2"/>
          <line num="166" count="0" type="cond" truecount="0" falsecount="2"/>
          <line num="167" count="0" type="stmt"/>
          <line num="168" count="0" type="stmt"/>
          <line num="184" count="2" type="stmt"/>
          <line num="185" count="0" type="cond" truecount="0" falsecount="4"/>
          <line num="186" count="0" type="cond" truecount="0" falsecount="4"/>
          <line num="187" count="0" type="stmt"/>
          <line num="188" count="0" type="stmt"/>
          <line num="189" count="0" type="cond" truecount="0" falsecount="2"/>
          <line num="190" count="0" type="stmt"/>
          <line num="193" count="0" type="stmt"/>
          <line num="195" count="0" type="stmt"/>
          <line num="196" count="0" type="stmt"/>
          <line num="198" count="0" type="stmt"/>
          <line num="199" count="0" type="cond" truecount="0" falsecount="2"/>
          <line num="200" count="0" type="stmt"/>
          <line num="201" count="0" type="cond" truecount="0" falsecount="2"/>
          <line num="202" count="0" type="stmt"/>
          <line num="204" count="0" type="stmt"/>
          <line num="208" count="0" type="stmt"/>
          <line num="209" count="0" type="stmt"/>
          <line num="210" count="0" type="stmt"/>
          <line num="212" count="0" type="stmt"/>
          <line num="213" count="0" type="stmt"/>
          <line num="214" count="0" type="stmt"/>
          <line num="216" count="0" type="stmt"/>
          <line num="217" count="0" type="stmt"/>
          <line num="218" count="0" type="stmt"/>
          <line num="229" count="2" type="stmt"/>
          <line num="230" count="0" type="cond" truecount="0" falsecount="2"/>
          <line num="231" count="0" type="stmt"/>
          <line num="241" count="2" type="stmt"/>
          <line num="242" count="21" type="stmt"/>
          <line num="246" count="21" type="stmt"/>
          <line num="252" count="21" type="stmt"/>
          <line num="253" count="63" type="stmt"/>
          <line num="254" count="63" type="stmt"/>
          <line num="258" count="63" type="stmt"/>
          <line num="259" count="63" type="stmt"/>
          <line num="263" count="21" type="stmt"/>
          <line num="266" count="2" type="stmt"/>
          <line num="268" count="21" type="stmt"/>
          <line num="276" count="2" type="stmt"/>
        </file>
      </package>
      <package name="server.mail.boilerplate.en">
        <metrics statements="7" coveredstatements="7" conditionals="2" coveredconditionals="1" methods="0" coveredmethods="0"/>
        <file name="us.ts" path="/Users/jack/Dev/node/server/simple_server_shop/src/server/mail/boilerplate/en/us.ts">
          <metrics statements="7" coveredstatements="7" conditionals="2" coveredconditionals="1" methods="0" coveredmethods="0"/>
          <line num="1" count="2" type="stmt"/>
          <line num="4" count="2" type="stmt"/>
          <line num="8" count="2" type="stmt"/>
          <line num="13" count="2" type="stmt"/>
          <line num="14" count="2" type="stmt"/>
          <line num="16" count="2" type="stmt"/>
          <line num="28" count="2" type="stmt"/>
        </file>
      </package>
      <package name="server.model">
        <metrics statements="166" coveredstatements="89" conditionals="93" coveredconditionals="17" methods="53" coveredmethods="19"/>
        <file name="cmsModel.ts" path="/Users/jack/Dev/node/server/simple_server_shop/src/server/model/cmsModel.ts">
          <metrics statements="126" coveredstatements="66" conditionals="85" coveredconditionals="17" methods="38" coveredmethods="15"/>
          <line num="3" count="5" type="stmt"/>
          <line num="5" count="5" type="stmt"/>
          <line num="6" count="5" type="stmt"/>
          <line num="7" count="5" type="stmt"/>
          <line num="8" count="5" type="stmt"/>
          <line num="9" count="5" type="stmt"/>
          <line num="10" count="5" type="stmt"/>
          <line num="13" count="5" type="stmt"/>
          <line num="14" count="5" type="stmt"/>
          <line num="15" count="5" type="stmt"/>
          <line num="53" count="5" type="stmt"/>
          <line num="57" count="5" type="stmt"/>
          <line num="59" count="5" type="stmt"/>
          <line num="61" count="5" type="stmt"/>
          <line num="63" count="5" type="stmt"/>
          <line num="69" count="5" type="stmt"/>
          <line num="71" count="5" type="stmt"/>
          <line num="233" count="5" type="stmt"/>
          <line num="234" count="1" type="cond" truecount="1" falsecount="1"/>
          <line num="235" count="1" type="stmt"/>
          <line num="237" count="0" type="stmt"/>
          <line num="240" count="5" type="stmt"/>
          <line num="241" count="7" type="cond" truecount="1" falsecount="1"/>
          <line num="243" count="7" type="cond" truecount="1" falsecount="1"/>
          <line num="244" count="7" type="cond" truecount="1" falsecount="1"/>
          <line num="245" count="7" type="stmt"/>
          <line num="246" count="7" type="stmt"/>
          <line num="248" count="0" type="stmt"/>
          <line num="251" count="5" type="stmt"/>
          <line num="252" count="42" type="cond" truecount="2" falsecount="0"/>
          <line num="254" count="7" type="stmt"/>
          <line num="255" count="7" type="cond" truecount="1" falsecount="1"/>
          <line num="256" count="7" type="stmt"/>
          <line num="257" count="7" type="stmt"/>
          <line num="259" count="0" type="stmt"/>
          <line num="262" count="5" type="stmt"/>
          <line num="264" count="42" type="stmt"/>
          <line num="265" count="42" type="cond" truecount="1" falsecount="1"/>
          <line num="266" count="42" type="stmt"/>
          <line num="268" count="0" type="stmt"/>
          <line num="271" count="5" type="stmt"/>
          <line num="272" count="0" type="stmt"/>
          <line num="273" count="0" type="cond" truecount="0" falsecount="2"/>
          <line num="274" count="0" type="stmt"/>
          <line num="276" count="0" type="stmt"/>
          <line num="281" count="5" type="stmt"/>
          <line num="282" count="8" type="stmt"/>
          <line num="283" count="0" type="cond" truecount="0" falsecount="5"/>
          <line num="284" count="0" type="stmt"/>
          <line num="288" count="5" type="stmt"/>
          <line num="290" count="6" type="cond" truecount="1" falsecount="1"/>
          <line num="291" count="6" type="cond" truecount="1" falsecount="1"/>
          <line num="293" count="6" type="stmt"/>
          <line num="294" count="0" type="stmt"/>
          <line num="295" count="0" type="stmt"/>
          <line num="301" count="6" type="cond" truecount="3" falsecount="1"/>
          <line num="303" count="6" type="stmt"/>
          <line num="304" count="6" type="stmt"/>
          <line num="306" count="0" type="cond" truecount="0" falsecount="2"/>
          <line num="310" count="6" type="stmt"/>
          <line num="311" count="0" type="stmt"/>
          <line num="313" count="0" type="cond" truecount="0" falsecount="2"/>
          <line num="314" count="0" type="cond" truecount="0" falsecount="2"/>
          <line num="315" count="0" type="stmt"/>
          <line num="323" count="5" type="stmt"/>
          <line num="325" count="22" type="cond" truecount="4" falsecount="0"/>
          <line num="327" count="17" type="stmt"/>
          <line num="329" count="17" type="stmt"/>
          <line num="330" count="17" type="stmt"/>
          <line num="331" count="0" type="cond" truecount="0" falsecount="2"/>
          <line num="335" count="17" type="stmt"/>
          <line num="337" count="0" type="cond" truecount="0" falsecount="2"/>
          <line num="339" count="0" type="cond" truecount="0" falsecount="2"/>
          <line num="340" count="0" type="stmt"/>
          <line num="345" count="5" type="stmt"/>
          <line num="346" count="12" type="stmt"/>
          <line num="347" count="0" type="stmt"/>
          <line num="348" count="0" type="stmt"/>
          <line num="349" count="0" type="cond" truecount="0" falsecount="4"/>
          <line num="350" count="0" type="stmt"/>
          <line num="355" count="0" type="cond" truecount="0" falsecount="2"/>
          <line num="358" count="0" type="cond" truecount="0" falsecount="2"/>
          <line num="362" count="5" type="stmt"/>
          <line num="364" count="0" type="stmt"/>
          <line num="365" count="0" type="cond" truecount="0" falsecount="2"/>
          <line num="366" count="0" type="cond" truecount="0" falsecount="5"/>
          <line num="367" count="0" type="stmt"/>
          <line num="369" count="0" type="stmt"/>
          <line num="373" count="5" type="stmt"/>
          <line num="374" count="12" type="stmt"/>
          <line num="375" count="0" type="cond" truecount="0" falsecount="4"/>
          <line num="376" count="0" type="stmt"/>
          <line num="377" count="0" type="stmt"/>
          <line num="378" count="0" type="stmt"/>
          <line num="379" count="0" type="stmt"/>
          <line num="380" count="0" type="stmt"/>
          <line num="381" count="0" type="stmt"/>
          <line num="382" count="0" type="stmt"/>
          <line num="383" count="0" type="cond" truecount="0" falsecount="4"/>
          <line num="384" count="0" type="stmt"/>
          <line num="390" count="0" type="cond" truecount="0" falsecount="2"/>
          <line num="401" count="5" type="stmt"/>
          <line num="402" count="15" type="stmt"/>
          <line num="404" count="15" type="stmt"/>
          <line num="405" count="15" type="stmt"/>
          <line num="406" count="11" type="stmt"/>
          <line num="409" count="11" type="stmt"/>
          <line num="411" count="0" type="cond" truecount="0" falsecount="2"/>
          <line num="412" count="0" type="cond" truecount="0" falsecount="2"/>
          <line num="416" count="0" type="stmt"/>
          <line num="425" count="0" type="cond" truecount="0" falsecount="2"/>
          <line num="426" count="0" type="cond" truecount="0" falsecount="2"/>
          <line num="432" count="5" type="stmt"/>
          <line num="433" count="0" type="stmt"/>
          <line num="435" count="0" type="stmt"/>
          <line num="436" count="0" type="cond" truecount="0" falsecount="2"/>
          <line num="437" count="0" type="stmt"/>
          <line num="438" count="0" type="stmt"/>
          <line num="439" count="0" type="stmt"/>
          <line num="440" count="0" type="stmt"/>
          <line num="441" count="0" type="stmt"/>
          <line num="442" count="0" type="stmt"/>
          <line num="445" count="0" type="stmt"/>
          <line num="447" count="0" type="stmt"/>
          <line num="449" count="0" type="stmt"/>
          <line num="456" count="5" type="stmt"/>
        </file>
        <file name="repository.ts" path="/Users/jack/Dev/node/server/simple_server_shop/src/server/model/repository.ts">
          <metrics statements="24" coveredstatements="17" conditionals="0" coveredconditionals="0" methods="11" coveredmethods="3"/>
          <line num="1" count="5" type="stmt"/>
          <line num="2" count="5" type="stmt"/>
          <line num="3" count="5" type="stmt"/>
          <line num="4" count="5" type="stmt"/>
          <line num="6" count="5" type="stmt"/>
          <line num="11" count="42" type="stmt"/>
          <line num="14" count="42" type="stmt"/>
          <line num="15" count="11" type="stmt"/>
          <line num="18" count="42" type="stmt"/>
          <line num="19" count="0" type="stmt"/>
          <line num="23" count="42" type="stmt"/>
          <line num="24" count="0" type="stmt"/>
          <line num="27" count="42" type="stmt"/>
          <line num="28" count="0" type="stmt"/>
          <line num="31" count="42" type="stmt"/>
          <line num="32" count="0" type="stmt"/>
          <line num="35" count="42" type="stmt"/>
          <line num="36" count="0" type="stmt"/>
          <line num="39" count="42" type="stmt"/>
          <line num="40" count="0" type="stmt"/>
          <line num="43" count="42" type="stmt"/>
          <line num="44" count="31" type="stmt"/>
          <line num="47" count="42" type="stmt"/>
          <line num="48" count="0" type="stmt"/>
        </file>
        <file name="validate.ts" path="/Users/jack/Dev/node/server/simple_server_shop/src/server/model/validate.ts">
          <metrics statements="16" coveredstatements="6" conditionals="8" coveredconditionals="0" methods="4" coveredmethods="1"/>
          <line num="3" count="5" type="stmt"/>
          <line num="5" count="5" type="stmt"/>
          <line num="10" count="5" type="stmt"/>
          <line num="45" count="5" type="stmt"/>
          <line num="46" count="0" type="cond" truecount="0" falsecount="2"/>
          <line num="47" count="0" type="cond" truecount="0" falsecount="2"/>
          <line num="48" count="0" type="stmt"/>
          <line num="50" count="0" type="stmt"/>
          <line num="55" count="5" type="stmt"/>
          <line num="57" count="0" type="stmt"/>
          <line num="58" count="0" type="cond" truecount="0" falsecount="2"/>
          <line num="59" count="0" type="stmt"/>
          <line num="60" count="0" type="cond" truecount="0" falsecount="2"/>
          <line num="61" count="0" type="stmt"/>
          <line num="62" count="0" type="stmt"/>
          <line num="71" count="5" type="stmt"/>
        </file>
      </package>
      <package name="server.route">
        <metrics statements="30" coveredstatements="14" conditionals="2" coveredconditionals="0" methods="4" coveredmethods="1"/>
        <file name="routes.ts" path="/Users/jack/Dev/node/server/simple_server_shop/src/server/route/routes.ts">
          <metrics statements="30" coveredstatements="14" conditionals="2" coveredconditionals="0" methods="4" coveredmethods="1"/>
          <line num="5" count="1" type="stmt"/>
          <line num="6" count="1" type="stmt"/>
          <line num="7" count="1" type="stmt"/>
          <line num="8" count="1" type="stmt"/>
          <line num="9" count="1" type="stmt"/>
          <line num="12" count="1" type="stmt"/>
          <line num="25" count="1" type="stmt"/>
          <line num="27" count="1" type="stmt"/>
          <line num="28" count="1" type="stmt"/>
          <line num="29" count="1" type="stmt"/>
          <line num="30" count="1" type="stmt"/>
          <line num="31" count="1" type="stmt"/>
          <line num="34" count="1" type="stmt"/>
          <line num="36" count="0" type="stmt"/>
          <line num="39" count="0" type="stmt"/>
          <line num="42" count="0" type="stmt"/>
          <line num="45" count="0" type="stmt"/>
          <line num="48" count="0" type="stmt"/>
          <line num="51" count="0" type="stmt"/>
          <line num="55" count="0" type="stmt"/>
          <line num="57" count="0" type="stmt"/>
          <line num="65" count="0" type="cond" truecount="0" falsecount="2"/>
          <line num="67" count="0" type="stmt"/>
          <line num="68" count="0" type="stmt"/>
          <line num="72" count="1" type="stmt"/>
          <line num="74" count="0" type="stmt"/>
          <line num="77" count="0" type="stmt"/>
          <line num="80" count="0" type="stmt"/>
          <line num="83" count="0" type="stmt"/>
          <line num="86" count="0" type="stmt"/>
        </file>
      </package>
      <package name="server.utils">
        <metrics statements="131" coveredstatements="87" conditionals="73" coveredconditionals="35" methods="19" coveredmethods="14"/>
        <file name="filters.ts" path="/Users/jack/Dev/node/server/simple_server_shop/src/server/utils/filters.ts">
          <metrics statements="24" coveredstatements="4" conditionals="7" coveredconditionals="0" methods="3" coveredmethods="1"/>
          <line num="4" count="5" type="stmt"/>
          <line num="8" count="5" type="stmt"/>
          <line num="9" count="0" type="stmt"/>
          <line num="12" count="5" type="cond" truecount="0" falsecount="2"/>
          <line num="13" count="0" type="stmt"/>
          <line num="14" count="0" type="stmt"/>
          <line num="15" count="0" type="cond" truecount="0" falsecount="2"/>
          <line num="17" count="0" type="stmt"/>
          <line num="18" count="0" type="stmt"/>
          <line num="20" count="0" type="stmt"/>
          <line num="22" count="0" type="stmt"/>
          <line num="24" count="0" type="stmt"/>
          <line num="26" count="0" type="stmt"/>
          <line num="27" count="0" type="stmt"/>
          <line num="28" count="0" type="stmt"/>
          <line num="30" count="0" type="stmt"/>
          <line num="31" count="0" type="stmt"/>
          <line num="32" count="0" type="stmt"/>
          <line num="34" count="0" type="stmt"/>
          <line num="35" count="0" type="stmt"/>
          <line num="36" count="0" type="stmt"/>
          <line num="38" count="0" type="stmt"/>
          <line num="40" count="0" type="stmt"/>
          <line num="46" count="5" type="stmt"/>
        </file>
        <file name="validation.ts" path="/Users/jack/Dev/node/server/simple_server_shop/src/server/utils/validation.ts">
          <metrics statements="107" coveredstatements="83" conditionals="66" coveredconditionals="35" methods="16" coveredmethods="13"/>
          <line num="2" count="2" type="stmt"/>
          <line num="3" count="2" type="stmt"/>
          <line num="80" count="2" type="stmt"/>
          <line num="87" count="1" type="stmt"/>
          <line num="115" count="1" type="cond" truecount="3" falsecount="1"/>
          <line num="116" count="1" type="stmt"/>
          <line num="117" count="1" type="stmt"/>
          <line num="121" count="1" type="stmt"/>
          <line num="122" count="0" type="cond" truecount="0" falsecount="2"/>
          <line num="123" count="0" type="stmt"/>
          <line num="125" count="0" type="stmt"/>
          <line num="133" count="1" type="stmt"/>
          <line num="135" count="4" type="stmt"/>
          <line num="137" count="4" type="stmt"/>
          <line num="138" count="20" type="stmt"/>
          <line num="139" count="20" type="cond" truecount="1" falsecount="1"/>
          <line num="142" count="4" type="stmt"/>
          <line num="161" count="1" type="stmt"/>
          <line num="163" count="4" type="stmt"/>
          <line num="165" count="4" type="stmt"/>
          <line num="167" count="4" type="stmt"/>
          <line num="168" count="20" type="cond" truecount="1" falsecount="1"/>
          <line num="169" count="20" type="stmt"/>
          <line num="171" count="20" type="cond" truecount="1" falsecount="1"/>
          <line num="172" count="20" type="stmt"/>
          <line num="174" count="36" type="cond" truecount="3" falsecount="1"/>
          <line num="175" count="0" type="stmt"/>
          <line num="176" count="0" type="stmt"/>
          <line num="179" count="36" type="stmt"/>
          <line num="181" count="36" type="stmt"/>
          <line num="183" count="36" type="stmt"/>
          <line num="193" count="36" type="cond" truecount="2" falsecount="0"/>
          <line num="194" count="16" type="stmt"/>
          <line num="196" count="20" type="cond" truecount="1" falsecount="1"/>
          <line num="197" count="20" type="stmt"/>
          <line num="199" count="0" type="stmt"/>
          <line num="212" count="1" type="stmt"/>
          <line num="213" count="28" type="stmt"/>
          <line num="214" count="28" type="cond" truecount="2" falsecount="0"/>
          <line num="215" count="4" type="stmt"/>
          <line num="216" count="4" type="stmt"/>
          <line num="218" count="4" type="stmt"/>
          <line num="223" count="28" type="cond" truecount="1" falsecount="1"/>
          <line num="225" count="0" type="stmt"/>
          <line num="226" count="0" type="stmt"/>
          <line num="231" count="0" type="cond" truecount="0" falsecount="2"/>
          <line num="232" count="0" type="stmt"/>
          <line num="242" count="1" type="stmt"/>
          <line num="243" count="16" type="stmt"/>
          <line num="244" count="16" type="stmt"/>
          <line num="245" count="16" type="stmt"/>
          <line num="249" count="16" type="cond" truecount="1" falsecount="1"/>
          <line num="251" count="0" type="stmt"/>
          <line num="256" count="1" type="stmt"/>
          <line num="258" count="4" type="stmt"/>
          <line num="259" count="4" type="stmt"/>
          <line num="261" count="4" type="cond" truecount="1" falsecount="1"/>
          <line num="265" count="4" type="stmt"/>
          <line num="275" count="1" type="stmt"/>
          <line num="276" count="4" type="stmt"/>
          <line num="286" count="1" type="stmt"/>
          <line num="287" count="0" type="stmt"/>
          <line num="288" count="0" type="stmt"/>
          <line num="289" count="0" type="stmt"/>
          <line num="291" count="0" type="cond" truecount="0" falsecount="2"/>
          <line num="295" count="0" type="stmt"/>
          <line num="305" count="1" type="stmt"/>
          <line num="306" count="8" type="stmt"/>
          <line num="307" count="8" type="stmt"/>
          <line num="309" count="8" type="cond" truecount="1" falsecount="1"/>
          <line num="311" count="8" type="stmt"/>
          <line num="321" count="1" type="stmt"/>
          <line num="322" count="4" type="stmt"/>
          <line num="323" count="4" type="stmt"/>
          <line num="324" count="4" type="stmt"/>
          <line num="325" count="4" type="cond" truecount="4" falsecount="0"/>
          <line num="327" count="4" type="cond" truecount="2" falsecount="0"/>
          <line num="328" count="2" type="stmt"/>
          <line num="331" count="4" type="stmt"/>
          <line num="333" count="4" type="cond" truecount="2" falsecount="0"/>
          <line num="334" count="2" type="stmt"/>
          <line num="335" count="2" type="stmt"/>
          <line num="338" count="4" type="stmt"/>
          <line num="348" count="1" type="stmt"/>
          <line num="350" count="8" type="stmt"/>
          <line num="351" count="8" type="stmt"/>
          <line num="352" count="8" type="stmt"/>
          <line num="353" count="8" type="stmt"/>
          <line num="354" count="8" type="stmt"/>
          <line num="356" count="8" type="cond" truecount="2" falsecount="0"/>
          <line num="358" count="8" type="stmt"/>
          <line num="368" count="1" type="stmt"/>
          <line num="370" count="8" type="stmt"/>
          <line num="372" count="8" type="cond" truecount="3" falsecount="1"/>
          <line num="373" count="8" type="stmt"/>
          <line num="375" count="8" type="cond" truecount="3" falsecount="1"/>
          <line num="379" count="8" type="stmt"/>
          <line num="386" count="8" type="stmt"/>
          <line num="387" count="0" type="stmt"/>
          <line num="390" count="0" type="stmt"/>
          <line num="391" count="0" type="cond" truecount="0" falsecount="2"/>
          <line num="392" count="0" type="stmt"/>
          <line num="395" count="0" type="cond" truecount="0" falsecount="4"/>
          <line num="396" count="0" type="cond" truecount="0" falsecount="2"/>
          <line num="398" count="0" type="stmt"/>
          <line num="408" count="0" type="stmt"/>
          <line num="421" count="2" type="stmt"/>
        </file>
      </package>
      <package name="tests">
        <metrics statements="24" coveredstatements="20" conditionals="8" coveredconditionals="4" methods="6" coveredmethods="5"/>
        <file name="db_connect.ts" path="/Users/jack/Dev/node/server/simple_server_shop/src/tests/db_connect.ts">
          <metrics statements="24" coveredstatements="20" conditionals="8" coveredconditionals="4" methods="6" coveredmethods="5"/>
          <line num="3" count="4" type="stmt"/>
          <line num="6" count="4" type="stmt"/>
          <line num="11" count="4" type="stmt"/>
          <line num="16" count="4" type="stmt"/>
          <line num="23" count="4" type="stmt"/>
          <line num="24" count="4" type="stmt"/>
          <line num="27" count="4" type="stmt"/>
          <line num="30" count="4" type="stmt"/>
          <line num="31" count="20" type="cond" truecount="1" falsecount="1"/>
          <line num="33" count="20" type="stmt"/>
          <line num="34" count="8" type="cond" truecount="1" falsecount="1"/>
          <line num="36" count="0" type="stmt"/>
          <line num="38" count="8" type="cond" truecount="1" falsecount="1"/>
          <line num="39" count="8" type="stmt"/>
          <line num="40" count="8" type="stmt"/>
          <line num="41" count="8" type="stmt"/>
          <line num="47" count="4" type="stmt"/>
          <line num="49" count="4" type="stmt"/>
          <line num="50" count="0" type="stmt"/>
          <line num="54" count="4" type="stmt"/>
          <line num="55" count="8" type="cond" truecount="1" falsecount="1"/>
          <line num="56" count="0" type="stmt"/>
          <line num="58" count="0" type="stmt"/>
          <line num="64" count="4" type="stmt"/>
        </file>
      </package>
    </metrics>
  </project>
</coverage>
