{"/Users/jack/Dev/node/server/simple_server_shop/src/server/app.ts": {"path":"/Users/jack/Dev/node/server/simple_server_shop/src/server/app.ts","statementMap":{"0":{"start":{"line":3,"column":0},"end":{"line":3,"column":34}},"1":{"start":{"line":5,"column":0},"end":{"line":5,"column":35}},"2":{"start":{"line":6,"column":0},"end":{"line":6,"column":29}},"3":{"start":{"line":7,"column":0},"end":{"line":7,"column":40}},"4":{"start":{"line":8,"column":0},"end":{"line":8,"column":28}},"5":{"start":{"line":9,"column":0},"end":{"line":9,"column":42}},"6":{"start":{"line":10,"column":0},"end":{"line":10,"column":45}},"7":{"start":{"line":11,"column":0},"end":{"line":11,"column":37}},"8":{"start":{"line":16,"column":0},"end":{"line":16,"column":40}},"9":{"start":{"line":17,"column":0},"end":{"line":17,"column":36}},"10":{"start":{"line":19,"column":0},"end":{"line":19,"column":38}},"11":{"start":{"line":22,"column":0},"end":{"line":22,"column":32}},"12":{"start":{"line":43,"column":10},"end":{"line":115,"column":3}},"13":{"start":{"line":44,"column":20},"end":{"line":44,"column":41}},"14":{"start":{"line":50,"column":20},"end":{"line":50,"column":36}},"15":{"start":{"line":51,"column":4},"end":{"line":51,"column":38}},"16":{"start":{"line":52,"column":4},"end":{"line":52,"column":34}},"17":{"start":{"line":54,"column":16},"end":{"line":54,"column":60}},"18":{"start":{"line":56,"column":19},"end":{"line":67,"column":6}},"19":{"start":{"line":69,"column":4},"end":{"line":92,"column":32}},"20":{"start":{"line":86,"column":10},"end":{"line":86,"column":55}},"21":{"start":{"line":95,"column":6},"end":{"line":98,"column":9}},"22":{"start":{"line":96,"column":10},"end":{"line":96,"column":61}},"23":{"start":{"line":96,"column":44},"end":{"line":96,"column":61}},"24":{"start":{"line":97,"column":10},"end":{"line":97,"column":82}},"25":{"start":{"line":100,"column":6},"end":{"line":100,"column":26}},"26":{"start":{"line":103,"column":6},"end":{"line":105,"column":9}},"27":{"start":{"line":104,"column":8},"end":{"line":104,"column":15}},"28":{"start":{"line":108,"column":6},"end":{"line":111,"column":9}},"29":{"start":{"line":109,"column":8},"end":{"line":109,"column":43}},"30":{"start":{"line":110,"column":8},"end":{"line":110,"column":15}},"31":{"start":{"line":113,"column":6},"end":{"line":113,"column":25}},"32":{"start":{"line":117,"column":9},"end":{"line":119,"column":3}},"33":{"start":{"line":118,"column":4},"end":{"line":118,"column":20}},"34":{"start":{"line":121,"column":9},"end":{"line":123,"column":3}},"35":{"start":{"line":122,"column":4},"end":{"line":122,"column":17}},"36":{"start":{"line":131,"column":9},"end":{"line":133,"column":3}},"37":{"start":{"line":132,"column":4},"end":{"line":132,"column":20}},"38":{"start":{"line":135,"column":9},"end":{"line":137,"column":3}},"39":{"start":{"line":136,"column":4},"end":{"line":136,"column":28}},"40":{"start":{"line":39,"column":4},"end":{"line":39,"column":25}},"41":{"start":{"line":40,"column":4},"end":{"line":40,"column":35}},"42":{"start":{"line":141,"column":0},"end":{"line":141,"column":25}}},"fnMap":{"0":{"name":"(anonymous_0)","decl":{"start":{"line":38,"column":2},"end":{"line":null,"column":-1}},"loc":{"start":{"line":38,"column":2},"end":{"line":41,"column":3}}},"1":{"name":"(anonymous_1)","decl":{"start":{"line":43,"column":18},"end":{"line":43,"column":25}},"loc":{"start":{"line":43,"column":28},"end":{"line":115,"column":3}}},"2":{"name":"(anonymous_2)","decl":{"start":{"line":85,"column":20},"end":{"line":85,"column":21}},"loc":{"start":{"line":85,"column":38},"end":{"line":87,"column":9}}},"3":{"name":"(anonymous_3)","decl":{"start":{"line":95,"column":20},"end":{"line":95,"column":21}},"loc":{"start":{"line":95,"column":44},"end":{"line":98,"column":7}}},"4":{"name":"(anonymous_4)","decl":{"start":{"line":103,"column":26},"end":{"line":103,"column":27}},"loc":{"start":{"line":103,"column":75},"end":{"line":105,"column":7}}},"5":{"name":"(anonymous_5)","decl":{"start":{"line":108,"column":25},"end":{"line":108,"column":26}},"loc":{"start":{"line":108,"column":74},"end":{"line":111,"column":7}}},"6":{"name":"(anonymous_6)","decl":{"start":{"line":117,"column":16},"end":{"line":117,"column":38}},"loc":{"start":{"line":117,"column":41},"end":{"line":119,"column":3}}},"7":{"name":"(anonymous_7)","decl":{"start":{"line":121,"column":23},"end":{"line":121,"column":25}},"loc":{"start":{"line":121,"column":28},"end":{"line":123,"column":3}}},"8":{"name":"(anonymous_8)","decl":{"start":{"line":131,"column":15},"end":{"line":131,"column":17}},"loc":{"start":{"line":131,"column":20},"end":{"line":133,"column":3}}},"9":{"name":"(anonymous_9)","decl":{"start":{"line":135,"column":26},"end":{"line":135,"column":28}},"loc":{"start":{"line":135,"column":31},"end":{"line":137,"column":3}}}},"branchMap":{"0":{"loc":{"start":{"line":96,"column":10},"end":{"line":96,"column":61}},"type":"if","locations":[{"start":{"line":96,"column":10},"end":{"line":96,"column":61}},{"start":{"line":96,"column":10},"end":{"line":96,"column":61}}]}},"s":{"0":1,"1":1,"2":1,"3":1,"4":1,"5":1,"6":1,"7":1,"8":1,"9":1,"10":1,"11":1,"12":1,"13":0,"14":0,"15":0,"16":0,"17":0,"18":0,"19":0,"20":0,"21":0,"22":0,"23":0,"24":0,"25":0,"26":0,"27":0,"28":0,"29":0,"30":0,"31":0,"32":1,"33":0,"34":1,"35":0,"36":1,"37":6,"38":1,"39":6,"40":1,"41":1,"42":1},"f":{"0":1,"1":0,"2":0,"3":0,"4":0,"5":0,"6":0,"7":0,"8":6,"9":6},"b":{"0":[0,0]}}
,"/Users/jack/Dev/node/server/simple_server_shop/src/server/com/socket.ts": {"path":"/Users/jack/Dev/node/server/simple_server_shop/src/server/com/socket.ts","statementMap":{"0":{"start":{"line":2,"column":0},"end":{"line":2,"column":41}},"1":{"start":{"line":3,"column":0},"end":{"line":3,"column":40}},"2":{"start":{"line":5,"column":0},"end":{"line":5,"column":37}},"3":{"start":{"line":6,"column":0},"end":{"line":6,"column":39}},"4":{"start":{"line":42,"column":9},"end":{"line":45,"column":3}},"5":{"start":{"line":43,"column":16},"end":{"line":43,"column":34}},"6":{"start":{"line":44,"column":4},"end":{"line":44,"column":25}},"7":{"start":{"line":47,"column":9},"end":{"line":50,"column":3}},"8":{"start":{"line":48,"column":16},"end":{"line":48,"column":34}},"9":{"start":{"line":49,"column":4},"end":{"line":49,"column":32}},"10":{"start":{"line":52,"column":9},"end":{"line":60,"column":3}},"11":{"start":{"line":53,"column":4},"end":{"line":59,"column":7}},"12":{"start":{"line":55,"column":6},"end":{"line":58,"column":9}},"13":{"start":{"line":57,"column":8},"end":{"line":57,"column":34}},"14":{"start":{"line":21,"column":4},"end":{"line":21,"column":38}},"15":{"start":{"line":23,"column":22},"end":{"line":23,"column":34}},"16":{"start":{"line":24,"column":4},"end":{"line":24,"column":55}},"17":{"start":{"line":26,"column":4},"end":{"line":29,"column":7}},"18":{"start":{"line":27,"column":6},"end":{"line":27,"column":65}},"19":{"start":{"line":28,"column":6},"end":{"line":28,"column":30}},"20":{"start":{"line":31,"column":21},"end":{"line":31,"column":26}},"21":{"start":{"line":32,"column":4},"end":{"line":32,"column":53}},"22":{"start":{"line":34,"column":4},"end":{"line":37,"column":7}},"23":{"start":{"line":35,"column":6},"end":{"line":35,"column":62}},"24":{"start":{"line":36,"column":6},"end":{"line":36,"column":30}},"25":{"start":{"line":39,"column":4},"end":{"line":39,"column":16}},"26":{"start":{"line":10,"column":0},"end":{"line":62,"column":1}}},"fnMap":{"0":{"name":"(anonymous_0)","decl":{"start":{"line":20,"column":2},"end":{"line":20,"column":13}},"loc":{"start":{"line":20,"column":41},"end":{"line":40,"column":3}}},"1":{"name":"(anonymous_1)","decl":{"start":{"line":42,"column":25},"end":{"line":42,"column":26}},"loc":{"start":{"line":42,"column":61},"end":{"line":45,"column":3}}},"2":{"name":"(anonymous_2)","decl":{"start":{"line":47,"column":25},"end":{"line":47,"column":26}},"loc":{"start":{"line":47,"column":72},"end":{"line":50,"column":3}}},"3":{"name":"(anonymous_3)","decl":{"start":{"line":52,"column":15},"end":{"line":52,"column":16}},"loc":{"start":{"line":52,"column":53},"end":{"line":60,"column":3}}},"4":{"name":"(anonymous_4)","decl":{"start":{"line":53,"column":30},"end":{"line":53,"column":31}},"loc":{"start":{"line":53,"column":46},"end":{"line":59,"column":5}}},"5":{"name":"(anonymous_5)","decl":{"start":{"line":55,"column":21},"end":{"line":55,"column":22}},"loc":{"start":{"line":55,"column":35},"end":{"line":58,"column":7}}},"6":{"name":"(anonymous_6)","decl":{"start":{"line":26,"column":38},"end":{"line":26,"column":40}},"loc":{"start":{"line":26,"column":43},"end":{"line":29,"column":5}}},"7":{"name":"(anonymous_7)","decl":{"start":{"line":34,"column":34},"end":{"line":34,"column":36}},"loc":{"start":{"line":34,"column":39},"end":{"line":37,"column":5}}}},"branchMap":{},"s":{"0":1,"1":1,"2":1,"3":1,"4":1,"5":0,"6":0,"7":1,"8":0,"9":0,"10":1,"11":0,"12":0,"13":0,"14":1,"15":1,"16":1,"17":1,"18":0,"19":0,"20":1,"21":1,"22":1,"23":0,"24":0,"25":1,"26":1},"f":{"0":1,"1":0,"2":0,"3":0,"4":0,"5":0,"6":0,"7":0},"b":{}}
,"/Users/jack/Dev/node/server/simple_server_shop/src/server/config/connect.cnf.ts": {"path":"/Users/jack/Dev/node/server/simple_server_shop/src/server/config/connect.cnf.ts","statementMap":{"0":{"start":{"line":2,"column":0},"end":{"line":2,"column":28}},"1":{"start":{"line":3,"column":0},"end":{"line":3,"column":31}},"2":{"start":{"line":4,"column":0},"end":{"line":4,"column":32}},"3":{"start":{"line":6,"column":0},"end":{"line":6,"column":18}},"4":{"start":{"line":10,"column":14},"end":{"line":13,"column":1}},"5":{"start":{"line":15,"column":0},"end":{"line":120,"column":1}}},"fnMap":{},"branchMap":{"0":{"loc":{"start":{"line":37,"column":26},"end":{"line":37,"column":55}},"type":"cond-expr","locations":[{"start":{"line":37,"column":26},"end":{"line":37,"column":55}},{"start":{"line":37,"column":58},"end":{"line":37,"column":82}}]},"1":{"loc":{"start":{"line":38,"column":21},"end":{"line":38,"column":45}},"type":"cond-expr","locations":[{"start":{"line":38,"column":21},"end":{"line":38,"column":45}},{"start":{"line":38,"column":48},"end":{"line":38,"column":72}}]},"2":{"loc":{"start":{"line":41,"column":32},"end":{"line":41,"column":54}},"type":"cond-expr","locations":[{"start":{"line":41,"column":32},"end":{"line":41,"column":54}},{"start":{"line":41,"column":57},"end":{"line":41,"column":59}}]},"3":{"loc":{"start":{"line":41,"column":12},"end":{"line":41,"column":16}},"type":"binary-expr","locations":[{"start":{"line":41,"column":12},"end":{"line":41,"column":16}},{"start":{"line":41,"column":20},"end":{"line":41,"column":29}}]},"4":{"loc":{"start":{"line":52,"column":32},"end":{"line":52,"column":51}},"type":"cond-expr","locations":[{"start":{"line":52,"column":32},"end":{"line":52,"column":51}},{"start":{"line":52,"column":54},"end":{"line":52,"column":66}}]},"5":{"loc":{"start":{"line":52,"column":12},"end":{"line":52,"column":16}},"type":"binary-expr","locations":[{"start":{"line":52,"column":12},"end":{"line":52,"column":16}},{"start":{"line":52,"column":20},"end":{"line":52,"column":29}}]},"6":{"loc":{"start":{"line":53,"column":32},"end":{"line":53,"column":51}},"type":"cond-expr","locations":[{"start":{"line":53,"column":32},"end":{"line":53,"column":51}},{"start":{"line":53,"column":54},"end":{"line":53,"column":66}}]},"7":{"loc":{"start":{"line":53,"column":12},"end":{"line":53,"column":16}},"type":"binary-expr","locations":[{"start":{"line":53,"column":12},"end":{"line":53,"column":16}},{"start":{"line":53,"column":20},"end":{"line":53,"column":29}}]},"8":{"loc":{"start":{"line":93,"column":26},"end":{"line":93,"column":34}},"type":"cond-expr","locations":[{"start":{"line":93,"column":26},"end":{"line":93,"column":34}},{"start":{"line":93,"column":37},"end":{"line":93,"column":50}}]},"9":{"loc":{"start":{"line":93,"column":7},"end":{"line":93,"column":11}},"type":"binary-expr","locations":[{"start":{"line":93,"column":7},"end":{"line":93,"column":11}},{"start":{"line":93,"column":15},"end":{"line":93,"column":23}}]},"10":{"loc":{"start":{"line":94,"column":28},"end":{"line":94,"column":37}},"type":"cond-expr","locations":[{"start":{"line":94,"column":28},"end":{"line":94,"column":37}},{"start":{"line":94,"column":39},"end":{"line":94,"column":53}}]},"11":{"loc":{"start":{"line":94,"column":8},"end":{"line":94,"column":12}},"type":"binary-expr","locations":[{"start":{"line":94,"column":8},"end":{"line":94,"column":12}},{"start":{"line":94,"column":16},"end":{"line":94,"column":25}}]}},"s":{"0":5,"1":5,"2":5,"3":5,"4":5,"5":5},"f":{},"b":{"0":[5,0],"1":[5,0],"2":[5,0],"3":[5,5],"4":[5,0],"5":[5,5],"6":[5,0],"7":[5,5],"8":[5,0],"9":[5,5],"10":[5,0],"11":[5,5]}}
,"/Users/jack/Dev/node/server/simple_server_shop/src/server/config/private.cnf.ts": {"path":"/Users/jack/Dev/node/server/simple_server_shop/src/server/config/private.cnf.ts","statementMap":{"0":{"start":{"line":4,"column":0},"end":{"line":22,"column":1}}},"fnMap":{},"branchMap":{},"s":{"0":5},"f":{},"b":{}}
,"/Users/jack/Dev/node/server/simple_server_shop/src/server/controllers/accountController.ts": {"path":"/Users/jack/Dev/node/server/simple_server_shop/src/server/controllers/accountController.ts","statementMap":{"0":{"start":{"line":8,"column":0},"end":{"line":8,"column":28}},"1":{"start":{"line":9,"column":0},"end":{"line":9,"column":26}},"2":{"start":{"line":12,"column":0},"end":{"line":12,"column":47}},"3":{"start":{"line":13,"column":0},"end":{"line":13,"column":40}},"4":{"start":{"line":14,"column":0},"end":{"line":14,"column":35}},"5":{"start":{"line":15,"column":0},"end":{"line":15,"column":40}},"6":{"start":{"line":16,"column":0},"end":{"line":16,"column":44}},"7":{"start":{"line":43,"column":9},"end":{"line":54,"column":3}},"8":{"start":{"line":45,"column":16},"end":{"line":45,"column":29}},"9":{"start":{"line":46,"column":4},"end":{"line":46,"column":45}},"10":{"start":{"line":47,"column":4},"end":{"line":47,"column":22}},"11":{"start":{"line":56,"column":9},"end":{"line":73,"column":3}},"12":{"start":{"line":57,"column":15},"end":{"line":57,"column":28}},"13":{"start":{"line":58,"column":21},"end":{"line":58,"column":60}},"14":{"start":{"line":60,"column":19},"end":{"line":60,"column":54}},"15":{"start":{"line":62,"column":15},"end":{"line":62,"column":41}},"16":{"start":{"line":66,"column":4},"end":{"line":72,"column":7}},"17":{"start":{"line":67,"column":6},"end":{"line":67,"column":26}},"18":{"start":{"line":68,"column":6},"end":{"line":68,"column":50}},"19":{"start":{"line":69,"column":6},"end":{"line":69,"column":45}},"20":{"start":{"line":70,"column":6},"end":{"line":70,"column":40}},"21":{"start":{"line":71,"column":6},"end":{"line":71,"column":14}},"22":{"start":{"line":75,"column":9},"end":{"line":111,"column":3}},"23":{"start":{"line":76,"column":4},"end":{"line":76,"column":41}},"24":{"start":{"line":77,"column":16},"end":{"line":77,"column":29}},"25":{"start":{"line":79,"column":4},"end":{"line":109,"column":7}},"26":{"start":{"line":81,"column":6},"end":{"line":81,"column":95}},"27":{"start":{"line":81,"column":42},"end":{"line":81,"column":76}},"28":{"start":{"line":84,"column":6},"end":{"line":90,"column":9}},"29":{"start":{"line":93,"column":6},"end":{"line":93,"column":50}},"30":{"start":{"line":94,"column":6},"end":{"line":101,"column":10}},"31":{"start":{"line":102,"column":6},"end":{"line":102,"column":16}},"32":{"start":{"line":106,"column":8},"end":{"line":108,"column":11}},"33":{"start":{"line":114,"column":9},"end":{"line":151,"column":3}},"34":{"start":{"line":115,"column":16},"end":{"line":115,"column":29}},"35":{"start":{"line":117,"column":4},"end":{"line":140,"column":5}},"36":{"start":{"line":119,"column":6},"end":{"line":139,"column":9}},"37":{"start":{"line":121,"column":8},"end":{"line":138,"column":9}},"38":{"start":{"line":123,"column":23},"end":{"line":123,"column":35}},"39":{"start":{"line":124,"column":23},"end":{"line":124,"column":34}},"40":{"start":{"line":125,"column":23},"end":{"line":125,"column":37}},"41":{"start":{"line":127,"column":23},"end":{"line":134,"column":11}},"42":{"start":{"line":136,"column":20},"end":{"line":136,"column":56}},"43":{"start":{"line":137,"column":10},"end":{"line":137,"column":27}},"44":{"start":{"line":143,"column":4},"end":{"line":143,"column":48}},"45":{"start":{"line":144,"column":4},"end":{"line":147,"column":8}},"46":{"start":{"line":149,"column":4},"end":{"line":149,"column":14}},"47":{"start":{"line":153,"column":9},"end":{"line":175,"column":3}},"48":{"start":{"line":154,"column":16},"end":{"line":154,"column":29}},"49":{"start":{"line":155,"column":4},"end":{"line":155,"column":22}},"50":{"start":{"line":157,"column":4},"end":{"line":174,"column":7}},"51":{"start":{"line":159,"column":6},"end":{"line":159,"column":26}},"52":{"start":{"line":161,"column":6},"end":{"line":164,"column":10}},"53":{"start":{"line":166,"column":6},"end":{"line":166,"column":16}},"54":{"start":{"line":170,"column":6},"end":{"line":172,"column":9}},"55":{"start":{"line":177,"column":10},"end":{"line":182,"column":3}},"56":{"start":{"line":179,"column":14},"end":{"line":179,"column":49}},"57":{"start":{"line":180,"column":4},"end":{"line":180,"column":21}},"58":{"start":{"line":189,"column":10},"end":{"line":217,"column":3}},"59":{"start":{"line":191,"column":16},"end":{"line":191,"column":29}},"60":{"start":{"line":192,"column":21},"end":{"line":194,"column":10}},"61":{"start":{"line":196,"column":16},"end":{"line":196,"column":55}},"62":{"start":{"line":197,"column":4},"end":{"line":197,"column":45}},"63":{"start":{"line":200,"column":4},"end":{"line":203,"column":5}},"64":{"start":{"line":201,"column":6},"end":{"line":201,"column":44}},"65":{"start":{"line":202,"column":6},"end":{"line":202,"column":26}},"66":{"start":{"line":205,"column":20},"end":{"line":205,"column":55}},"67":{"start":{"line":206,"column":21},"end":{"line":206,"column":37}},"68":{"start":{"line":207,"column":18},"end":{"line":207,"column":52}},"69":{"start":{"line":208,"column":4},"end":{"line":208,"column":30}},"70":{"start":{"line":209,"column":4},"end":{"line":216,"column":6}},"71":{"start":{"line":211,"column":6},"end":{"line":212,"column":27}},"72":{"start":{"line":212,"column":8},"end":{"line":212,"column":27}},"73":{"start":{"line":214,"column":6},"end":{"line":214,"column":26}},"74":{"start":{"line":219,"column":10},"end":{"line":224,"column":3}},"75":{"start":{"line":220,"column":16},"end":{"line":220,"column":37}},"76":{"start":{"line":221,"column":21},"end":{"line":221,"column":37}},"77":{"start":{"line":222,"column":4},"end":{"line":222,"column":56}},"78":{"start":{"line":222,"column":24},"end":{"line":222,"column":56}},"79":{"start":{"line":223,"column":4},"end":{"line":223,"column":14}},"80":{"start":{"line":234,"column":10},"end":{"line":277,"column":3}},"81":{"start":{"line":235,"column":19},"end":{"line":238,"column":5}},"82":{"start":{"line":240,"column":4},"end":{"line":270,"column":5}},"83":{"start":{"line":243,"column":8},"end":{"line":243,"column":69}},"84":{"start":{"line":244,"column":8},"end":{"line":244,"column":66}},"85":{"start":{"line":245,"column":8},"end":{"line":245,"column":56}},"86":{"start":{"line":246,"column":8},"end":{"line":246,"column":62}},"87":{"start":{"line":247,"column":8},"end":{"line":247,"column":76}},"88":{"start":{"line":249,"column":8},"end":{"line":249,"column":35}},"89":{"start":{"line":250,"column":8},"end":{"line":250,"column":35}},"90":{"start":{"line":251,"column":8},"end":{"line":251,"column":38}},"91":{"start":{"line":252,"column":8},"end":{"line":252,"column":46}},"92":{"start":{"line":254,"column":8},"end":{"line":254,"column":14}},"93":{"start":{"line":257,"column":8},"end":{"line":257,"column":76}},"94":{"start":{"line":258,"column":8},"end":{"line":258,"column":14}},"95":{"start":{"line":261,"column":8},"end":{"line":261,"column":48}},"96":{"start":{"line":262,"column":8},"end":{"line":262,"column":35}},"97":{"start":{"line":263,"column":8},"end":{"line":263,"column":14}},"98":{"start":{"line":266,"column":8},"end":{"line":266,"column":48}},"99":{"start":{"line":267,"column":8},"end":{"line":267,"column":76}},"100":{"start":{"line":268,"column":8},"end":{"line":268,"column":14}},"101":{"start":{"line":272,"column":4},"end":{"line":275,"column":5}},"102":{"start":{"line":279,"column":10},"end":{"line":281,"column":3}},"103":{"start":{"line":280,"column":4},"end":{"line":280,"column":24}},"104":{"start":{"line":283,"column":10},"end":{"line":285,"column":3}},"105":{"start":{"line":284,"column":4},"end":{"line":284,"column":34}},"106":{"start":{"line":287,"column":10},"end":{"line":295,"column":3}},"107":{"start":{"line":288,"column":4},"end":{"line":288,"column":29}},"108":{"start":{"line":289,"column":4},"end":{"line":294,"column":7}},"109":{"start":{"line":290,"column":6},"end":{"line":292,"column":7}},"110":{"start":{"line":291,"column":8},"end":{"line":291,"column":31}},"111":{"start":{"line":293,"column":6},"end":{"line":293,"column":22}},"112":{"start":{"line":36,"column":4},"end":{"line":36,"column":29}},"113":{"start":{"line":37,"column":4},"end":{"line":37,"column":60}},"114":{"start":{"line":38,"column":4},"end":{"line":38,"column":62}},"115":{"start":{"line":27,"column":0},"end":{"line":298,"column":1}}},"fnMap":{"0":{"name":"(anonymous_0)","decl":{"start":{"line":35,"column":2},"end":{"line":35,"column":13}},"loc":{"start":{"line":35,"column":30},"end":{"line":40,"column":3}}},"1":{"name":"(anonymous_1)","decl":{"start":{"line":43,"column":17},"end":{"line":43,"column":18}},"loc":{"start":{"line":43,"column":67},"end":{"line":54,"column":3}}},"2":{"name":"(anonymous_2)","decl":{"start":{"line":56,"column":22},"end":{"line":56,"column":23}},"loc":{"start":{"line":56,"column":72},"end":{"line":73,"column":3}}},"3":{"name":"(anonymous_3)","decl":{"start":{"line":66,"column":37},"end":{"line":66,"column":38}},"loc":{"start":{"line":66,"column":47},"end":{"line":72,"column":5}}},"4":{"name":"(anonymous_4)","decl":{"start":{"line":75,"column":20},"end":{"line":75,"column":21}},"loc":{"start":{"line":75,"column":70},"end":{"line":111,"column":3}}},"5":{"name":"(anonymous_5)","decl":{"start":{"line":79,"column":34},"end":{"line":79,"column":35}},"loc":{"start":{"line":79,"column":38},"end":{"line":104,"column":5}}},"6":{"name":"(anonymous_6)","decl":{"start":{"line":81,"column":36},"end":{"line":81,"column":37}},"loc":{"start":{"line":81,"column":40},"end":{"line":81,"column":77}}},"7":{"name":"(anonymous_7)","decl":{"start":{"line":104,"column":7},"end":{"line":104,"column":8}},"loc":{"start":{"line":104,"column":22},"end":{"line":109,"column":5}}},"8":{"name":"(anonymous_8)","decl":{"start":{"line":114,"column":17},"end":{"line":114,"column":18}},"loc":{"start":{"line":114,"column":67},"end":{"line":151,"column":3}}},"9":{"name":"(anonymous_9)","decl":{"start":{"line":119,"column":46},"end":{"line":119,"column":47}},"loc":{"start":{"line":119,"column":56},"end":{"line":139,"column":7}}},"10":{"name":"(anonymous_10)","decl":{"start":{"line":153,"column":20},"end":{"line":153,"column":21}},"loc":{"start":{"line":153,"column":70},"end":{"line":175,"column":3}}},"11":{"name":"(anonymous_11)","decl":{"start":{"line":157,"column":34},"end":{"line":157,"column":35}},"loc":{"start":{"line":157,"column":48},"end":{"line":168,"column":5}}},"12":{"name":"(anonymous_12)","decl":{"start":{"line":168,"column":7},"end":{"line":168,"column":8}},"loc":{"start":{"line":168,"column":23},"end":{"line":174,"column":5}}},"13":{"name":"(anonymous_13)","decl":{"start":{"line":177,"column":21},"end":{"line":177,"column":22}},"loc":{"start":{"line":177,"column":32},"end":{"line":182,"column":3}}},"14":{"name":"(anonymous_14)","decl":{"start":{"line":189,"column":27},"end":{"line":189,"column":28}},"loc":{"start":{"line":189,"column":88},"end":{"line":217,"column":3}}},"15":{"name":"(anonymous_15)","decl":{"start":{"line":209,"column":38},"end":{"line":209,"column":39}},"loc":{"start":{"line":209,"column":48},"end":{"line":216,"column":5}}},"16":{"name":"(anonymous_16)","decl":{"start":{"line":219,"column":22},"end":{"line":219,"column":23}},"loc":{"start":{"line":219,"column":51},"end":{"line":224,"column":3}}},"17":{"name":"(anonymous_17)","decl":{"start":{"line":234,"column":23},"end":{"line":234,"column":24}},"loc":{"start":{"line":234,"column":51},"end":{"line":277,"column":3}}},"18":{"name":"(anonymous_18)","decl":{"start":{"line":279,"column":21},"end":{"line":279,"column":22}},"loc":{"start":{"line":279,"column":56},"end":{"line":281,"column":3}}},"19":{"name":"(anonymous_19)","decl":{"start":{"line":283,"column":24},"end":{"line":283,"column":25}},"loc":{"start":{"line":283,"column":59},"end":{"line":285,"column":3}}},"20":{"name":"(anonymous_20)","decl":{"start":{"line":287,"column":18},"end":{"line":287,"column":19}},"loc":{"start":{"line":287,"column":82},"end":{"line":295,"column":3}}},"21":{"name":"(anonymous_21)","decl":{"start":{"line":289,"column":38},"end":{"line":289,"column":39}},"loc":{"start":{"line":289,"column":61},"end":{"line":294,"column":5}}}},"branchMap":{"0":{"loc":{"start":{"line":117,"column":4},"end":{"line":140,"column":5}},"type":"if","locations":[{"start":{"line":117,"column":4},"end":{"line":140,"column":5}},{"start":{"line":117,"column":4},"end":{"line":140,"column":5}}]},"1":{"loc":{"start":{"line":121,"column":8},"end":{"line":138,"column":9}},"type":"if","locations":[{"start":{"line":121,"column":8},"end":{"line":138,"column":9}},{"start":{"line":121,"column":8},"end":{"line":138,"column":9}}]},"2":{"loc":{"start":{"line":193,"column":8},"end":{"line":193,"column":35}},"type":"cond-expr","locations":[{"start":{"line":193,"column":8},"end":{"line":193,"column":35}},{"start":{"line":194,"column":8},"end":{"line":194,"column":10}}]},"3":{"loc":{"start":{"line":200,"column":4},"end":{"line":203,"column":5}},"type":"if","locations":[{"start":{"line":200,"column":4},"end":{"line":203,"column":5}},{"start":{"line":200,"column":4},"end":{"line":203,"column":5}}]},"4":{"loc":{"start":{"line":207,"column":18},"end":{"line":207,"column":29}},"type":"binary-expr","locations":[{"start":{"line":207,"column":18},"end":{"line":207,"column":29}},{"start":{"line":207,"column":33},"end":{"line":207,"column":52}}]},"5":{"loc":{"start":{"line":211,"column":6},"end":{"line":212,"column":27}},"type":"if","locations":[{"start":{"line":211,"column":6},"end":{"line":212,"column":27}},{"start":{"line":211,"column":6},"end":{"line":212,"column":27}}]},"6":{"loc":{"start":{"line":222,"column":4},"end":{"line":222,"column":56}},"type":"if","locations":[{"start":{"line":222,"column":4},"end":{"line":222,"column":56}},{"start":{"line":222,"column":4},"end":{"line":222,"column":56}}]},"7":{"loc":{"start":{"line":241,"column":6},"end":{"line":254,"column":14}},"type":"switch","locations":[{"start":{"line":241,"column":6},"end":{"line":254,"column":14}},{"start":{"line":256,"column":6},"end":{"line":258,"column":14}},{"start":{"line":260,"column":6},"end":{"line":263,"column":14}},{"start":{"line":265,"column":6},"end":{"line":268,"column":14}}]},"8":{"loc":{"start":{"line":290,"column":6},"end":{"line":292,"column":7}},"type":"if","locations":[{"start":{"line":290,"column":6},"end":{"line":292,"column":7}},{"start":{"line":290,"column":6},"end":{"line":292,"column":7}}]},"9":{"loc":{"start":{"line":37,"column":28},"end":{"line":37,"column":52}},"type":"cond-expr","locations":[{"start":{"line":37,"column":28},"end":{"line":37,"column":52}},{"start":{"line":37,"column":55},"end":{"line":37,"column":59}}]}},"s":{"0":1,"1":1,"2":1,"3":1,"4":1,"5":1,"6":1,"7":2,"8":0,"9":0,"10":0,"11":2,"12":0,"13":0,"14":0,"15":0,"16":0,"17":0,"18":0,"19":0,"20":0,"21":0,"22":2,"23":0,"24":0,"25":0,"26":0,"27":0,"28":0,"29":0,"30":0,"31":0,"32":0,"33":2,"34":0,"35":0,"36":0,"37":0,"38":0,"39":0,"40":0,"41":0,"42":0,"43":0,"44":0,"45":0,"46":0,"47":2,"48":0,"49":0,"50":0,"51":0,"52":0,"53":0,"54":0,"55":2,"56":0,"57":0,"58":2,"59":0,"60":0,"61":0,"62":0,"63":0,"64":0,"65":0,"66":0,"67":0,"68":0,"69":0,"70":0,"71":0,"72":0,"73":0,"74":2,"75":0,"76":0,"77":0,"78":0,"79":0,"80":2,"81":0,"82":0,"83":0,"84":0,"85":0,"86":0,"87":0,"88":0,"89":0,"90":0,"91":0,"92":0,"93":0,"94":0,"95":0,"96":0,"97":0,"98":0,"99":0,"100":0,"101":0,"102":2,"103":0,"104":2,"105":0,"106":2,"107":0,"108":0,"109":0,"110":0,"111":0,"112":2,"113":2,"114":2,"115":1},"f":{"0":2,"1":0,"2":0,"3":0,"4":0,"5":0,"6":0,"7":0,"8":0,"9":0,"10":0,"11":0,"12":0,"13":0,"14":0,"15":0,"16":0,"17":0,"18":0,"19":0,"20":0,"21":0},"b":{"0":[0,0],"1":[0,0],"2":[0,0],"3":[0,0],"4":[0,0],"5":[0,0],"6":[0,0],"7":[0,0,0,0],"8":[0,0],"9":[2,0]}}
,"/Users/jack/Dev/node/server/simple_server_shop/src/server/controllers/appController.ts": {"path":"/Users/jack/Dev/node/server/simple_server_shop/src/server/controllers/appController.ts","statementMap":{"0":{"start":{"line":4,"column":0},"end":{"line":4,"column":36}},"1":{"start":{"line":6,"column":0},"end":{"line":6,"column":40}},"2":{"start":{"line":7,"column":0},"end":{"line":7,"column":40}},"3":{"start":{"line":24,"column":9},"end":{"line":26,"column":3}},"4":{"start":{"line":25,"column":4},"end":{"line":25,"column":39}},"5":{"start":{"line":28,"column":9},"end":{"line":43,"column":3}},"6":{"start":{"line":29,"column":4},"end":{"line":29,"column":50}},"7":{"start":{"line":30,"column":4},"end":{"line":30,"column":43}},"8":{"start":{"line":31,"column":4},"end":{"line":31,"column":22}},"9":{"start":{"line":33,"column":4},"end":{"line":41,"column":5}},"10":{"start":{"line":36,"column":8},"end":{"line":36,"column":81}},"11":{"start":{"line":37,"column":8},"end":{"line":37,"column":14}},"12":{"start":{"line":39,"column":8},"end":{"line":39,"column":46}},"13":{"start":{"line":40,"column":8},"end":{"line":40,"column":14}},"14":{"start":{"line":45,"column":9},"end":{"line":47,"column":3}},"15":{"start":{"line":49,"column":9},"end":{"line":53,"column":3}},"16":{"start":{"line":50,"column":4},"end":{"line":50,"column":29}},"17":{"start":{"line":51,"column":15},"end":{"line":51,"column":40}},"18":{"start":{"line":20,"column":4},"end":{"line":20,"column":60}},"19":{"start":{"line":21,"column":4},"end":{"line":21,"column":30}},"20":{"start":{"line":9,"column":0},"end":{"line":55,"column":1}}},"fnMap":{"0":{"name":"(anonymous_0)","decl":{"start":{"line":18,"column":2},"end":{"line":18,"column":13}},"loc":{"start":{"line":18,"column":31},"end":{"line":22,"column":3}}},"1":{"name":"(anonymous_1)","decl":{"start":{"line":24,"column":19},"end":{"line":24,"column":21}},"loc":{"start":{"line":24,"column":24},"end":{"line":26,"column":3}}},"2":{"name":"(anonymous_2)","decl":{"start":{"line":28,"column":18},"end":{"line":28,"column":19}},"loc":{"start":{"line":28,"column":43},"end":{"line":43,"column":3}}},"3":{"name":"(anonymous_3)","decl":{"start":{"line":45,"column":18},"end":{"line":45,"column":19}},"loc":{"start":{"line":45,"column":49},"end":{"line":47,"column":3}}},"4":{"name":"(anonymous_4)","decl":{"start":{"line":49,"column":23},"end":{"line":49,"column":24}},"loc":{"start":{"line":49,"column":54},"end":{"line":53,"column":3}}}},"branchMap":{"0":{"loc":{"start":{"line":35,"column":6},"end":{"line":37,"column":14}},"type":"switch","locations":[{"start":{"line":35,"column":6},"end":{"line":37,"column":14}},{"start":{"line":38,"column":6},"end":{"line":40,"column":14}}]},"1":{"loc":{"start":{"line":20,"column":28},"end":{"line":20,"column":52}},"type":"cond-expr","locations":[{"start":{"line":20,"column":28},"end":{"line":20,"column":52}},{"start":{"line":20,"column":55},"end":{"line":20,"column":59}}]}},"s":{"0":1,"1":1,"2":1,"3":1,"4":0,"5":1,"6":0,"7":0,"8":0,"9":0,"10":0,"11":0,"12":0,"13":0,"14":1,"15":1,"16":0,"17":0,"18":1,"19":1,"20":1},"f":{"0":1,"1":0,"2":0,"3":0,"4":0},"b":{"0":[0,0],"1":[1,0]}}
,"/Users/jack/Dev/node/server/simple_server_shop/src/server/controllers/cmsController.ts": {"path":"/Users/jack/Dev/node/server/simple_server_shop/src/server/controllers/cmsController.ts","statementMap":{"0":{"start":{"line":4,"column":0},"end":{"line":4,"column":28}},"1":{"start":{"line":5,"column":0},"end":{"line":5,"column":26}},"2":{"start":{"line":6,"column":0},"end":{"line":6,"column":27}},"3":{"start":{"line":7,"column":0},"end":{"line":7,"column":26}},"4":{"start":{"line":8,"column":0},"end":{"line":8,"column":29}},"5":{"start":{"line":9,"column":0},"end":{"line":9,"column":40}},"6":{"start":{"line":11,"column":0},"end":{"line":11,"column":39}},"7":{"start":{"line":56,"column":9},"end":{"line":63,"column":3}},"8":{"start":{"line":57,"column":4},"end":{"line":61,"column":7}},"9":{"start":{"line":62,"column":4},"end":{"line":62,"column":36}},"10":{"start":{"line":65,"column":9},"end":{"line":98,"column":3}},"11":{"start":{"line":67,"column":21},"end":{"line":67,"column":54}},"12":{"start":{"line":68,"column":14},"end":{"line":68,"column":66}},"13":{"start":{"line":70,"column":4},"end":{"line":97,"column":7}},"14":{"start":{"line":74,"column":6},"end":{"line":96,"column":7}},"15":{"start":{"line":75,"column":27},"end":{"line":75,"column":43}},"16":{"start":{"line":76,"column":24},"end":{"line":76,"column":67}},"17":{"start":{"line":78,"column":8},"end":{"line":78,"column":60}},"18":{"start":{"line":80,"column":8},"end":{"line":89,"column":11}},"19":{"start":{"line":92,"column":8},"end":{"line":92,"column":41}},"20":{"start":{"line":95,"column":8},"end":{"line":95,"column":26}},"21":{"start":{"line":100,"column":9},"end":{"line":138,"column":3}},"22":{"start":{"line":101,"column":36},"end":{"line":101,"column":63}},"23":{"start":{"line":102,"column":19},"end":{"line":102,"column":55}},"24":{"start":{"line":107,"column":4},"end":{"line":136,"column":5}},"25":{"start":{"line":109,"column":6},"end":{"line":113,"column":9}},"26":{"start":{"line":115,"column":17},"end":{"line":115,"column":53}},"27":{"start":{"line":116,"column":6},"end":{"line":116,"column":43}},"28":{"start":{"line":117,"column":6},"end":{"line":117,"column":45}},"29":{"start":{"line":118,"column":6},"end":{"line":118,"column":22}},"30":{"start":{"line":119,"column":6},"end":{"line":119,"column":23}},"31":{"start":{"line":121,"column":10},"end":{"line":136,"column":5}},"32":{"start":{"line":122,"column":17},"end":{"line":122,"column":42}},"33":{"start":{"line":125,"column":6},"end":{"line":133,"column":9}},"34":{"start":{"line":126,"column":8},"end":{"line":131,"column":9}},"35":{"start":{"line":127,"column":10},"end":{"line":127,"column":54}},"36":{"start":{"line":128,"column":10},"end":{"line":128,"column":49}},"37":{"start":{"line":129,"column":10},"end":{"line":129,"column":42}},"38":{"start":{"line":130,"column":10},"end":{"line":130,"column":27}},"39":{"start":{"line":132,"column":8},"end":{"line":132,"column":34}},"40":{"start":{"line":135,"column":6},"end":{"line":135,"column":83}},"41":{"start":{"line":140,"column":10},"end":{"line":144,"column":3}},"42":{"start":{"line":141,"column":4},"end":{"line":141,"column":53}},"43":{"start":{"line":142,"column":4},"end":{"line":142,"column":32}},"44":{"start":{"line":143,"column":4},"end":{"line":143,"column":14}},"45":{"start":{"line":146,"column":10},"end":{"line":180,"column":3}},"46":{"start":{"line":147,"column":19},"end":{"line":147,"column":61}},"47":{"start":{"line":149,"column":4},"end":{"line":179,"column":7}},"48":{"start":{"line":151,"column":8},"end":{"line":178,"column":9}},"49":{"start":{"line":152,"column":10},"end":{"line":152,"column":36}},"50":{"start":{"line":155,"column":23},"end":{"line":155,"column":54}},"51":{"start":{"line":156,"column":22},"end":{"line":156,"column":42}},"52":{"start":{"line":157,"column":22},"end":{"line":157,"column":53}},"53":{"start":{"line":158,"column":21},"end":{"line":158,"column":81}},"54":{"start":{"line":159,"column":23},"end":{"line":159,"column":47}},"55":{"start":{"line":163,"column":10},"end":{"line":171,"column":11}},"56":{"start":{"line":165,"column":14},"end":{"line":165,"column":34}},"57":{"start":{"line":166,"column":12},"end":{"line":166,"column":18}},"58":{"start":{"line":168,"column":12},"end":{"line":170,"column":13}},"59":{"start":{"line":169,"column":14},"end":{"line":169,"column":41}},"60":{"start":{"line":172,"column":10},"end":{"line":172,"column":29}},"61":{"start":{"line":174,"column":10},"end":{"line":174,"column":84}},"62":{"start":{"line":175,"column":10},"end":{"line":175,"column":26}},"63":{"start":{"line":176,"column":10},"end":{"line":176,"column":27}},"64":{"start":{"line":182,"column":10},"end":{"line":199,"column":3}},"65":{"start":{"line":184,"column":4},"end":{"line":196,"column":5}},"66":{"start":{"line":42,"column":4},"end":{"line":42,"column":25}},"67":{"start":{"line":44,"column":4},"end":{"line":44,"column":62}},"68":{"start":{"line":46,"column":4},"end":{"line":46,"column":29}},"69":{"start":{"line":50,"column":4},"end":{"line":50,"column":57}},"70":{"start":{"line":51,"column":4},"end":{"line":51,"column":38}},"71":{"start":{"line":52,"column":4},"end":{"line":52,"column":41}},"72":{"start":{"line":28,"column":0},"end":{"line":200,"column":1}}},"fnMap":{"0":{"name":"(anonymous_0)","decl":{"start":{"line":40,"column":2},"end":{"line":40,"column":13}},"loc":{"start":{"line":40,"column":25},"end":{"line":54,"column":3}}},"1":{"name":"(anonymous_1)","decl":{"start":{"line":56,"column":16},"end":{"line":56,"column":17}},"loc":{"start":{"line":56,"column":47},"end":{"line":63,"column":3}}},"2":{"name":"(anonymous_2)","decl":{"start":{"line":65,"column":18},"end":{"line":65,"column":19}},"loc":{"start":{"line":65,"column":49},"end":{"line":98,"column":3}}},"3":{"name":"(anonymous_3)","decl":{"start":{"line":70,"column":33},"end":{"line":70,"column":34}},"loc":{"start":{"line":70,"column":44},"end":{"line":97,"column":5}}},"4":{"name":"(anonymous_4)","decl":{"start":{"line":100,"column":16},"end":{"line":100,"column":17}},"loc":{"start":{"line":100,"column":47},"end":{"line":138,"column":3}}},"5":{"name":"(anonymous_5)","decl":{"start":{"line":125,"column":20},"end":{"line":125,"column":21}},"loc":{"start":{"line":125,"column":41},"end":{"line":133,"column":7}}},"6":{"name":"(anonymous_6)","decl":{"start":{"line":140,"column":21},"end":{"line":140,"column":22}},"loc":{"start":{"line":140,"column":38},"end":{"line":144,"column":3}}},"7":{"name":"(anonymous_7)","decl":{"start":{"line":146,"column":31},"end":{"line":146,"column":32}},"loc":{"start":{"line":146,"column":62},"end":{"line":180,"column":3}}},"8":{"name":"(anonymous_8)","decl":{"start":{"line":149,"column":20},"end":{"line":149,"column":21}},"loc":{"start":{"line":149,"column":34},"end":{"line":179,"column":5}}},"9":{"name":"(anonymous_9)","decl":{"start":{"line":182,"column":26},"end":{"line":182,"column":27}},"loc":{"start":{"line":182,"column":60},"end":{"line":199,"column":3}}}},"branchMap":{"0":{"loc":{"start":{"line":67,"column":31},"end":{"line":67,"column":49}},"type":"cond-expr","locations":[{"start":{"line":67,"column":31},"end":{"line":67,"column":49}},{"start":{"line":67,"column":52},"end":{"line":67,"column":54}}]},"1":{"loc":{"start":{"line":68,"column":28},"end":{"line":68,"column":62}},"type":"cond-expr","locations":[{"start":{"line":68,"column":28},"end":{"line":68,"column":62}},{"start":{"line":68,"column":64},"end":{"line":68,"column":66}}]},"2":{"loc":{"start":{"line":74,"column":6},"end":{"line":96,"column":7}},"type":"if","locations":[{"start":{"line":74,"column":6},"end":{"line":96,"column":7}},{"start":{"line":74,"column":6},"end":{"line":96,"column":7}}]},"3":{"loc":{"start":{"line":107,"column":4},"end":{"line":136,"column":5}},"type":"if","locations":[{"start":{"line":107,"column":4},"end":{"line":136,"column":5}},{"start":{"line":107,"column":4},"end":{"line":136,"column":5}}]},"4":{"loc":{"start":{"line":121,"column":10},"end":{"line":136,"column":5}},"type":"if","locations":[{"start":{"line":121,"column":10},"end":{"line":136,"column":5}},{"start":{"line":121,"column":10},"end":{"line":136,"column":5}}]},"5":{"loc":{"start":{"line":126,"column":8},"end":{"line":131,"column":9}},"type":"if","locations":[{"start":{"line":126,"column":8},"end":{"line":131,"column":9}},{"start":{"line":126,"column":8},"end":{"line":131,"column":9}}]},"6":{"loc":{"start":{"line":135,"column":24},"end":{"line":135,"column":61}},"type":"cond-expr","locations":[{"start":{"line":135,"column":24},"end":{"line":135,"column":61}},{"start":{"line":135,"column":64},"end":{"line":135,"column":82}}]},"7":{"loc":{"start":{"line":151,"column":8},"end":{"line":178,"column":9}},"type":"if","locations":[{"start":{"line":151,"column":8},"end":{"line":178,"column":9}},{"start":{"line":151,"column":8},"end":{"line":178,"column":9}}]},"8":{"loc":{"start":{"line":157,"column":30},"end":{"line":157,"column":49}},"type":"cond-expr","locations":[{"start":{"line":157,"column":30},"end":{"line":157,"column":49}},{"start":{"line":157,"column":51},"end":{"line":157,"column":53}}]},"9":{"loc":{"start":{"line":158,"column":49},"end":{"line":158,"column":76}},"type":"cond-expr","locations":[{"start":{"line":158,"column":49},"end":{"line":158,"column":76}},{"start":{"line":158,"column":79},"end":{"line":158,"column":81}}]},"10":{"loc":{"start":{"line":158,"column":21},"end":{"line":158,"column":26}},"type":"binary-expr","locations":[{"start":{"line":158,"column":21},"end":{"line":158,"column":26}},{"start":{"line":158,"column":30},"end":{"line":158,"column":46}}]},"11":{"loc":{"start":{"line":164,"column":12},"end":{"line":166,"column":18}},"type":"switch","locations":[{"start":{"line":164,"column":12},"end":{"line":166,"column":18}},{"start":{"line":167,"column":12},"end":{"line":170,"column":13}}]},"12":{"loc":{"start":{"line":168,"column":12},"end":{"line":170,"column":13}},"type":"if","locations":[{"start":{"line":168,"column":12},"end":{"line":170,"column":13}},{"start":{"line":168,"column":12},"end":{"line":170,"column":13}}]},"13":{"loc":{"start":{"line":188,"column":35},"end":{"line":188,"column":52}},"type":"cond-expr","locations":[{"start":{"line":188,"column":35},"end":{"line":188,"column":52}},{"start":{"line":188,"column":55},"end":{"line":188,"column":60}}]},"14":{"loc":{"start":{"line":189,"column":37},"end":{"line":189,"column":55}},"type":"cond-expr","locations":[{"start":{"line":189,"column":37},"end":{"line":189,"column":55}},{"start":{"line":189,"column":58},"end":{"line":189,"column":62}}]},"15":{"loc":{"start":{"line":190,"column":33},"end":{"line":190,"column":49}},"type":"cond-expr","locations":[{"start":{"line":190,"column":33},"end":{"line":190,"column":49}},{"start":{"line":190,"column":52},"end":{"line":190,"column":56}}]},"16":{"loc":{"start":{"line":191,"column":31},"end":{"line":191,"column":46}},"type":"cond-expr","locations":[{"start":{"line":191,"column":31},"end":{"line":191,"column":46}},{"start":{"line":191,"column":48},"end":{"line":191,"column":52}}]},"17":{"loc":{"start":{"line":192,"column":33},"end":{"line":192,"column":49}},"type":"cond-expr","locations":[{"start":{"line":192,"column":33},"end":{"line":192,"column":49}},{"start":{"line":192,"column":52},"end":{"line":192,"column":56}}]},"18":{"loc":{"start":{"line":194,"column":10},"end":{"line":194,"column":26}},"type":"cond-expr","locations":[{"start":{"line":194,"column":10},"end":{"line":194,"column":26}},{"start":{"line":195,"column":10},"end":{"line":195,"column":35}}]}},"s":{"0":1,"1":1,"2":1,"3":1,"4":1,"5":1,"6":1,"7":1,"8":0,"9":0,"10":1,"11":0,"12":0,"13":0,"14":0,"15":0,"16":0,"17":0,"18":0,"19":0,"20":0,"21":1,"22":0,"23":0,"24":0,"25":0,"26":0,"27":0,"28":0,"29":0,"30":0,"31":0,"32":0,"33":0,"34":0,"35":0,"36":0,"37":0,"38":0,"39":0,"40":0,"41":1,"42":0,"43":0,"44":0,"45":1,"46":0,"47":0,"48":0,"49":0,"50":0,"51":0,"52":0,"53":0,"54":0,"55":0,"56":0,"57":0,"58":0,"59":0,"60":0,"61":0,"62":0,"63":0,"64":1,"65":0,"66":1,"67":1,"68":1,"69":1,"70":1,"71":1,"72":1},"f":{"0":1,"1":0,"2":0,"3":0,"4":0,"5":0,"6":0,"7":0,"8":0,"9":0},"b":{"0":[0,0],"1":[0,0],"2":[0,0],"3":[0,0],"4":[0,0],"5":[0,0],"6":[0,0],"7":[0,0],"8":[0,0],"9":[0,0],"10":[0,0],"11":[0,0],"12":[0,0],"13":[0,0],"14":[0,0],"15":[0,0],"16":[0,0],"17":[0,0],"18":[0,0]}}
,"/Users/jack/Dev/node/server/simple_server_shop/src/server/controllers/formactions.ts": {"path":"/Users/jack/Dev/node/server/simple_server_shop/src/server/controllers/formactions.ts","statementMap":{"0":{"start":{"line":1,"column":0},"end":{"line":1,"column":28}},"1":{"start":{"line":2,"column":0},"end":{"line":2,"column":26}},"2":{"start":{"line":3,"column":0},"end":{"line":3,"column":26}},"3":{"start":{"line":4,"column":0},"end":{"line":4,"column":40}},"4":{"start":{"line":29,"column":9},"end":{"line":34,"column":3}},"5":{"start":{"line":30,"column":36},"end":{"line":30,"column":63}},"6":{"start":{"line":31,"column":15},"end":{"line":31,"column":69}},"7":{"start":{"line":32,"column":4},"end":{"line":32,"column":47}},"8":{"start":{"line":32,"column":13},"end":{"line":32,"column":47}},"9":{"start":{"line":33,"column":4},"end":{"line":33,"column":16}},"10":{"start":{"line":46,"column":9},"end":{"line":76,"column":3}},"11":{"start":{"line":48,"column":19},"end":{"line":48,"column":55}},"12":{"start":{"line":50,"column":15},"end":{"line":50,"column":41}},"13":{"start":{"line":52,"column":24},"end":{"line":58,"column":5}},"14":{"start":{"line":60,"column":4},"end":{"line":66,"column":5}},"15":{"start":{"line":61,"column":6},"end":{"line":61,"column":32}},"16":{"start":{"line":62,"column":6},"end":{"line":62,"column":31}},"17":{"start":{"line":63,"column":6},"end":{"line":63,"column":40}},"18":{"start":{"line":64,"column":6},"end":{"line":64,"column":37}},"19":{"start":{"line":65,"column":6},"end":{"line":65,"column":138}},"20":{"start":{"line":68,"column":4},"end":{"line":75,"column":5}},"21":{"start":{"line":78,"column":9},"end":{"line":210,"column":3}},"22":{"start":{"line":79,"column":22},"end":{"line":79,"column":30}},"23":{"start":{"line":83,"column":19},"end":{"line":83,"column":21}},"24":{"start":{"line":84,"column":4},"end":{"line":84,"column":25}},"25":{"start":{"line":86,"column":4},"end":{"line":206,"column":5}},"26":{"start":{"line":88,"column":8},"end":{"line":88,"column":42}},"27":{"start":{"line":89,"column":8},"end":{"line":89,"column":34}},"28":{"start":{"line":90,"column":8},"end":{"line":90,"column":44}},"29":{"start":{"line":91,"column":8},"end":{"line":91,"column":27}},"30":{"start":{"line":92,"column":8},"end":{"line":97,"column":11}},"31":{"start":{"line":99,"column":8},"end":{"line":103,"column":11}},"32":{"start":{"line":105,"column":8},"end":{"line":110,"column":11}},"33":{"start":{"line":112,"column":8},"end":{"line":117,"column":11}},"34":{"start":{"line":119,"column":8},"end":{"line":124,"column":11}},"35":{"start":{"line":126,"column":8},"end":{"line":126,"column":45}},"36":{"start":{"line":127,"column":8},"end":{"line":127,"column":48}},"37":{"start":{"line":128,"column":8},"end":{"line":128,"column":51}},"38":{"start":{"line":129,"column":8},"end":{"line":129,"column":62}},"39":{"start":{"line":130,"column":8},"end":{"line":130,"column":76}},"40":{"start":{"line":132,"column":8},"end":{"line":132,"column":35}},"41":{"start":{"line":133,"column":8},"end":{"line":133,"column":35}},"42":{"start":{"line":134,"column":8},"end":{"line":134,"column":38}},"43":{"start":{"line":135,"column":8},"end":{"line":135,"column":46}},"44":{"start":{"line":136,"column":8},"end":{"line":136,"column":28}},"45":{"start":{"line":137,"column":8},"end":{"line":137,"column":14}},"46":{"start":{"line":140,"column":8},"end":{"line":140,"column":41}},"47":{"start":{"line":141,"column":8},"end":{"line":141,"column":31}},"48":{"start":{"line":142,"column":8},"end":{"line":142,"column":35}},"49":{"start":{"line":144,"column":8},"end":{"line":149,"column":11}},"50":{"start":{"line":151,"column":8},"end":{"line":156,"column":11}},"51":{"start":{"line":158,"column":8},"end":{"line":158,"column":48}},"52":{"start":{"line":159,"column":8},"end":{"line":159,"column":35}},"53":{"start":{"line":160,"column":8},"end":{"line":160,"column":28}},"54":{"start":{"line":161,"column":8},"end":{"line":161,"column":14}},"55":{"start":{"line":164,"column":8},"end":{"line":164,"column":41}},"56":{"start":{"line":165,"column":8},"end":{"line":165,"column":34}},"57":{"start":{"line":166,"column":8},"end":{"line":166,"column":35}},"58":{"start":{"line":168,"column":8},"end":{"line":173,"column":11}},"59":{"start":{"line":175,"column":8},"end":{"line":180,"column":11}},"60":{"start":{"line":182,"column":8},"end":{"line":182,"column":62}},"61":{"start":{"line":183,"column":8},"end":{"line":183,"column":76}},"62":{"start":{"line":185,"column":8},"end":{"line":185,"column":38}},"63":{"start":{"line":186,"column":8},"end":{"line":186,"column":28}},"64":{"start":{"line":187,"column":8},"end":{"line":187,"column":14}},"65":{"start":{"line":190,"column":8},"end":{"line":190,"column":48}},"66":{"start":{"line":191,"column":8},"end":{"line":191,"column":31}},"67":{"start":{"line":192,"column":8},"end":{"line":192,"column":43}},"68":{"start":{"line":194,"column":8},"end":{"line":199,"column":11}},"69":{"start":{"line":201,"column":8},"end":{"line":201,"column":48}},"70":{"start":{"line":202,"column":8},"end":{"line":202,"column":35}},"71":{"start":{"line":203,"column":8},"end":{"line":203,"column":28}},"72":{"start":{"line":204,"column":8},"end":{"line":204,"column":14}},"73":{"start":{"line":207,"column":4},"end":{"line":208,"column":18}},"74":{"start":{"line":208,"column":6},"end":{"line":208,"column":18}},"75":{"start":{"line":209,"column":4},"end":{"line":209,"column":14}},"76":{"start":{"line":212,"column":10},"end":{"line":253,"column":3}},"77":{"start":{"line":213,"column":32},"end":{"line":213,"column":52}},"78":{"start":{"line":214,"column":4},"end":{"line":247,"column":5}},"79":{"start":{"line":216,"column":37},"end":{"line":216,"column":39}},"80":{"start":{"line":217,"column":24},"end":{"line":217,"column":26}},"81":{"start":{"line":218,"column":24},"end":{"line":218,"column":26}},"82":{"start":{"line":219,"column":21},"end":{"line":219,"column":23}},"83":{"start":{"line":221,"column":6},"end":{"line":241,"column":7}},"84":{"start":{"line":222,"column":8},"end":{"line":222,"column":49}},"85":{"start":{"line":222,"column":40},"end":{"line":222,"column":49}},"86":{"start":{"line":223,"column":31},"end":{"line":223,"column":41}},"87":{"start":{"line":224,"column":8},"end":{"line":239,"column":9}},"88":{"start":{"line":225,"column":21},"end":{"line":225,"column":36}},"89":{"start":{"line":226,"column":10},"end":{"line":226,"column":53}},"90":{"start":{"line":226,"column":30},"end":{"line":226,"column":53}},"91":{"start":{"line":229,"column":10},"end":{"line":229,"column":30}},"92":{"start":{"line":230,"column":10},"end":{"line":230,"column":37}},"93":{"start":{"line":231,"column":10},"end":{"line":231,"column":35}},"94":{"start":{"line":233,"column":10},"end":{"line":233,"column":57}},"95":{"start":{"line":234,"column":10},"end":{"line":234,"column":54}},"96":{"start":{"line":238,"column":10},"end":{"line":238,"column":30}},"97":{"start":{"line":242,"column":6},"end":{"line":246,"column":8}},"98":{"start":{"line":248,"column":4},"end":{"line":252,"column":6}},"99":{"start":{"line":27,"column":4},"end":{"line":27,"column":62}},"100":{"start":{"line":22,"column":0},"end":{"line":257,"column":1}},"101":{"start":{"line":258,"column":0},"end":{"line":258,"column":33}}},"fnMap":{"0":{"name":"(anonymous_0)","decl":{"start":{"line":26,"column":2},"end":{"line":null,"column":-1}},"loc":{"start":{"line":26,"column":2},"end":{"line":28,"column":3}}},"1":{"name":"(anonymous_1)","decl":{"start":{"line":29,"column":22},"end":{"line":29,"column":23}},"loc":{"start":{"line":29,"column":50},"end":{"line":34,"column":3}}},"2":{"name":"(anonymous_2)","decl":{"start":{"line":46,"column":21},"end":{"line":46,"column":22}},"loc":{"start":{"line":46,"column":53},"end":{"line":76,"column":3}}},"3":{"name":"(anonymous_3)","decl":{"start":{"line":78,"column":20},"end":{"line":78,"column":21}},"loc":{"start":{"line":78,"column":52},"end":{"line":210,"column":3}}},"4":{"name":"(anonymous_4)","decl":{"start":{"line":212,"column":24},"end":{"line":212,"column":25}},"loc":{"start":{"line":212,"column":56},"end":{"line":253,"column":3}}}},"branchMap":{"0":{"loc":{"start":{"line":31,"column":26},"end":{"line":31,"column":56}},"type":"cond-expr","locations":[{"start":{"line":31,"column":26},"end":{"line":31,"column":56}},{"start":{"line":31,"column":59},"end":{"line":31,"column":69}}]},"1":{"loc":{"start":{"line":32,"column":4},"end":{"line":32,"column":47}},"type":"if","locations":[{"start":{"line":32,"column":4},"end":{"line":32,"column":47}},{"start":{"line":32,"column":4},"end":{"line":32,"column":47}}]},"2":{"loc":{"start":{"line":60,"column":4},"end":{"line":66,"column":5}},"type":"if","locations":[{"start":{"line":60,"column":4},"end":{"line":66,"column":5}},{"start":{"line":60,"column":4},"end":{"line":66,"column":5}}]},"3":{"loc":{"start":{"line":87,"column":6},"end":{"line":137,"column":14}},"type":"switch","locations":[{"start":{"line":87,"column":6},"end":{"line":137,"column":14}},{"start":{"line":139,"column":6},"end":{"line":161,"column":14}},{"start":{"line":163,"column":6},"end":{"line":187,"column":14}},{"start":{"line":189,"column":6},"end":{"line":204,"column":14}},{"start":{"line":205,"column":6},"end":{"line":205,"column":14}}]},"4":{"loc":{"start":{"line":207,"column":4},"end":{"line":208,"column":18}},"type":"if","locations":[{"start":{"line":207,"column":4},"end":{"line":208,"column":18}},{"start":{"line":207,"column":4},"end":{"line":208,"column":18}}]},"5":{"loc":{"start":{"line":214,"column":4},"end":{"line":247,"column":5}},"type":"if","locations":[{"start":{"line":214,"column":4},"end":{"line":247,"column":5}},{"start":{"line":214,"column":4},"end":{"line":247,"column":5}}]},"6":{"loc":{"start":{"line":222,"column":8},"end":{"line":222,"column":49}},"type":"if","locations":[{"start":{"line":222,"column":8},"end":{"line":222,"column":49}},{"start":{"line":222,"column":8},"end":{"line":222,"column":49}}]},"7":{"loc":{"start":{"line":222,"column":11},"end":{"line":222,"column":17}},"type":"binary-expr","locations":[{"start":{"line":222,"column":11},"end":{"line":222,"column":17}},{"start":{"line":222,"column":21},"end":{"line":222,"column":38}}]},"8":{"loc":{"start":{"line":224,"column":8},"end":{"line":239,"column":9}},"type":"if","locations":[{"start":{"line":224,"column":8},"end":{"line":239,"column":9}},{"start":{"line":224,"column":8},"end":{"line":239,"column":9}}]},"9":{"loc":{"start":{"line":224,"column":13},"end":{"line":224,"column":23}},"type":"binary-expr","locations":[{"start":{"line":224,"column":13},"end":{"line":224,"column":23}},{"start":{"line":224,"column":27},"end":{"line":224,"column":42}}]},"10":{"loc":{"start":{"line":226,"column":10},"end":{"line":226,"column":53}},"type":"if","locations":[{"start":{"line":226,"column":10},"end":{"line":226,"column":53}},{"start":{"line":226,"column":10},"end":{"line":226,"column":53}}]}},"s":{"0":1,"1":1,"2":1,"3":1,"4":1,"5":1,"6":1,"7":1,"8":1,"9":0,"10":1,"11":1,"12":1,"13":1,"14":1,"15":0,"16":0,"17":0,"18":0,"19":0,"20":1,"21":1,"22":1,"23":1,"24":1,"25":1,"26":0,"27":0,"28":0,"29":0,"30":0,"31":0,"32":0,"33":0,"34":0,"35":0,"36":0,"37":0,"38":0,"39":0,"40":0,"41":0,"42":0,"43":0,"44":0,"45":0,"46":0,"47":0,"48":0,"49":0,"50":0,"51":0,"52":0,"53":0,"54":0,"55":0,"56":0,"57":0,"58":0,"59":0,"60":0,"61":0,"62":0,"63":0,"64":0,"65":0,"66":0,"67":0,"68":0,"69":0,"70":0,"71":0,"72":0,"73":1,"74":0,"75":1,"76":1,"77":0,"78":0,"79":0,"80":0,"81":0,"82":0,"83":0,"84":0,"85":0,"86":0,"87":0,"88":0,"89":0,"90":0,"91":0,"92":0,"93":0,"94":0,"95":0,"96":0,"97":0,"98":0,"99":1,"100":1,"101":1},"f":{"0":1,"1":1,"2":1,"3":1,"4":0},"b":{"0":[1,0],"1":[1,0],"2":[0,1],"3":[0,0,0,0,1],"4":[0,1],"5":[0,0],"6":[0,0],"7":[0,0],"8":[0,0],"9":[0,0],"10":[0,0]}}
,"/Users/jack/Dev/node/server/simple_server_shop/src/server/controllers/formsController.ts": {"path":"/Users/jack/Dev/node/server/simple_server_shop/src/server/controllers/formsController.ts","statementMap":{"0":{"start":{"line":6,"column":0},"end":{"line":6,"column":28}},"1":{"start":{"line":13,"column":0},"end":{"line":13,"column":39}},"2":{"start":{"line":31,"column":9},"end":{"line":46,"column":3}},"3":{"start":{"line":33,"column":4},"end":{"line":33,"column":38}},"4":{"start":{"line":34,"column":4},"end":{"line":34,"column":46}},"5":{"start":{"line":35,"column":23},"end":{"line":35,"column":39}},"6":{"start":{"line":39,"column":16},"end":{"line":39,"column":49}},"7":{"start":{"line":42,"column":4},"end":{"line":42,"column":48}},"8":{"start":{"line":43,"column":4},"end":{"line":43,"column":37}},"9":{"start":{"line":44,"column":4},"end":{"line":44,"column":14}},"10":{"start":{"line":24,"column":4},"end":{"line":24,"column":29}},"11":{"start":{"line":25,"column":4},"end":{"line":25,"column":60}},"12":{"start":{"line":26,"column":4},"end":{"line":26,"column":62}},"13":{"start":{"line":16,"column":0},"end":{"line":47,"column":1}}},"fnMap":{"0":{"name":"(anonymous_0)","decl":{"start":{"line":23,"column":2},"end":{"line":23,"column":13}},"loc":{"start":{"line":23,"column":30},"end":{"line":27,"column":3}}},"1":{"name":"(anonymous_1)","decl":{"start":{"line":31,"column":17},"end":{"line":31,"column":18}},"loc":{"start":{"line":31,"column":58},"end":{"line":46,"column":3}}}},"branchMap":{"0":{"loc":{"start":{"line":25,"column":28},"end":{"line":25,"column":52}},"type":"cond-expr","locations":[{"start":{"line":25,"column":28},"end":{"line":25,"column":52}},{"start":{"line":25,"column":55},"end":{"line":25,"column":59}}]}},"s":{"0":1,"1":1,"2":2,"3":1,"4":1,"5":1,"6":1,"7":1,"8":1,"9":1,"10":2,"11":2,"12":2,"13":1},"f":{"0":2,"1":1},"b":{"0":[2,0]}}
,"/Users/jack/Dev/node/server/simple_server_shop/src/server/controllers/boilerplate/responder.ts": {"path":"/Users/jack/Dev/node/server/simple_server_shop/src/server/controllers/boilerplate/responder.ts","statementMap":{"0":{"start":{"line":3,"column":0},"end":{"line":3,"column":42}},"1":{"start":{"line":4,"column":0},"end":{"line":4,"column":28}},"2":{"start":{"line":5,"column":0},"end":{"line":5,"column":26}},"3":{"start":{"line":6,"column":0},"end":{"line":6,"column":45}},"4":{"start":{"line":18,"column":9},"end":{"line":22,"column":3}},"5":{"start":{"line":19,"column":19},"end":{"line":19,"column":59}},"6":{"start":{"line":20,"column":20},"end":{"line":20,"column":38}},"7":{"start":{"line":21,"column":4},"end":{"line":21,"column":54}},"8":{"start":{"line":24,"column":9},"end":{"line":29,"column":3}},"9":{"start":{"line":25,"column":4},"end":{"line":28,"column":7}},"10":{"start":{"line":14,"column":4},"end":{"line":14,"column":65}},"11":{"start":{"line":15,"column":4},"end":{"line":15,"column":103}},"12":{"start":{"line":8,"column":0},"end":{"line":31,"column":1}},"13":{"start":{"line":32,"column":0},"end":{"line":32,"column":31}}},"fnMap":{"0":{"name":"(anonymous_0)","decl":{"start":{"line":13,"column":2},"end":{"line":null,"column":-1}},"loc":{"start":{"line":13,"column":2},"end":{"line":16,"column":3}}},"1":{"name":"(anonymous_1)","decl":{"start":{"line":18,"column":18},"end":{"line":18,"column":19}},"loc":{"start":{"line":18,"column":33},"end":{"line":22,"column":3}}},"2":{"name":"(anonymous_2)","decl":{"start":{"line":24,"column":17},"end":{"line":24,"column":18}},"loc":{"start":{"line":24,"column":33},"end":{"line":29,"column":3}}}},"branchMap":{},"s":{"0":2,"1":2,"2":2,"3":2,"4":2,"5":2,"6":2,"7":2,"8":2,"9":0,"10":2,"11":2,"12":2,"13":2},"f":{"0":2,"1":2,"2":0},"b":{}}
,"/Users/jack/Dev/node/server/simple_server_shop/src/server/controllers/boilerplate/en/us.ts": {"path":"/Users/jack/Dev/node/server/simple_server_shop/src/server/controllers/boilerplate/en/us.ts","statementMap":{"0":{"start":{"line":2,"column":0},"end":{"line":2,"column":44}},"1":{"start":{"line":4,"column":10},"end":{"line":6,"column":21}},"2":{"start":{"line":8,"column":10},"end":{"line":8,"column":25}},"3":{"start":{"line":10,"column":14},"end":{"line":13,"column":1}},"4":{"start":{"line":16,"column":0},"end":{"line":40,"column":1}}},"fnMap":{},"branchMap":{"0":{"loc":{"start":{"line":5,"column":4},"end":{"line":5,"column":35}},"type":"cond-expr","locations":[{"start":{"line":5,"column":4},"end":{"line":5,"column":35}},{"start":{"line":6,"column":4},"end":{"line":6,"column":21}}]}},"s":{"0":2,"1":2,"2":2,"3":2,"4":2},"f":{},"b":{"0":[2,0]}}
,"/Users/jack/Dev/node/server/simple_server_shop/src/server/db/db_connect.ts": {"path":"/Users/jack/Dev/node/server/simple_server_shop/src/server/db/db_connect.ts","statementMap":{"0":{"start":{"line":3,"column":0},"end":{"line":3,"column":36}},"1":{"start":{"line":6,"column":0},"end":{"line":6,"column":39}},"2":{"start":{"line":15,"column":10},"end":{"line":15,"column":30}},"3":{"start":{"line":26,"column":9},"end":{"line":42,"column":3}},"4":{"start":{"line":27,"column":4},"end":{"line":27,"column":47}},"5":{"start":{"line":27,"column":24},"end":{"line":27,"column":47}},"6":{"start":{"line":29,"column":25},"end":{"line":29,"column":44}},"7":{"start":{"line":31,"column":4},"end":{"line":40,"column":7}},"8":{"start":{"line":32,"column":6},"end":{"line":34,"column":7}},"9":{"start":{"line":33,"column":8},"end":{"line":33,"column":19}},"10":{"start":{"line":35,"column":6},"end":{"line":39,"column":7}},"11":{"start":{"line":36,"column":8},"end":{"line":36,"column":55}},"12":{"start":{"line":37,"column":8},"end":{"line":37,"column":27}},"13":{"start":{"line":38,"column":8},"end":{"line":38,"column":21}},"14":{"start":{"line":41,"column":4},"end":{"line":41,"column":27}},"15":{"start":{"line":44,"column":9},"end":{"line":51,"column":3}},"16":{"start":{"line":45,"column":4},"end":{"line":50,"column":5}},"17":{"start":{"line":46,"column":6},"end":{"line":46,"column":52}},"18":{"start":{"line":49,"column":6},"end":{"line":49,"column":29}},"19":{"start":{"line":22,"column":4},"end":{"line":22,"column":34}},"20":{"start":{"line":23,"column":4},"end":{"line":23,"column":34}},"21":{"start":{"line":10,"column":0},"end":{"line":53,"column":1}},"22":{"start":{"line":54,"column":0},"end":{"line":54,"column":31}}},"fnMap":{"0":{"name":"(anonymous_0)","decl":{"start":{"line":20,"column":2},"end":{"line":null,"column":-1}},"loc":{"start":{"line":20,"column":2},"end":{"line":24,"column":3}}},"1":{"name":"(anonymous_1)","decl":{"start":{"line":26,"column":24},"end":{"line":26,"column":25}},"loc":{"start":{"line":26,"column":45},"end":{"line":42,"column":3}}},"2":{"name":"(anonymous_2)","decl":{"start":{"line":31,"column":57},"end":{"line":31,"column":58}},"loc":{"start":{"line":31,"column":68},"end":{"line":40,"column":5}}},"3":{"name":"(anonymous_3)","decl":{"start":{"line":44,"column":23},"end":{"line":44,"column":29}},"loc":{"start":{"line":44,"column":32},"end":{"line":51,"column":3}}}},"branchMap":{"0":{"loc":{"start":{"line":27,"column":4},"end":{"line":27,"column":47}},"type":"if","locations":[{"start":{"line":27,"column":4},"end":{"line":27,"column":47}},{"start":{"line":27,"column":4},"end":{"line":27,"column":47}}]},"1":{"loc":{"start":{"line":32,"column":6},"end":{"line":34,"column":7}},"type":"if","locations":[{"start":{"line":32,"column":6},"end":{"line":34,"column":7}},{"start":{"line":32,"column":6},"end":{"line":34,"column":7}}]},"2":{"loc":{"start":{"line":35,"column":6},"end":{"line":39,"column":7}},"type":"if","locations":[{"start":{"line":35,"column":6},"end":{"line":39,"column":7}},{"start":{"line":35,"column":6},"end":{"line":39,"column":7}}]},"3":{"loc":{"start":{"line":45,"column":4},"end":{"line":50,"column":5}},"type":"if","locations":[{"start":{"line":45,"column":4},"end":{"line":50,"column":5}},{"start":{"line":45,"column":4},"end":{"line":50,"column":5}}]}},"s":{"0":1,"1":1,"2":1,"3":1,"4":0,"5":0,"6":0,"7":0,"8":0,"9":0,"10":0,"11":0,"12":0,"13":0,"14":0,"15":1,"16":0,"17":0,"18":0,"19":1,"20":1,"21":1,"22":1},"f":{"0":1,"1":0,"2":0,"3":0},"b":{"0":[0,0],"1":[0,0],"2":[0,0],"3":[0,0]}}
,"/Users/jack/Dev/node/server/simple_server_shop/src/server/mail/mailer.ts": {"path":"/Users/jack/Dev/node/server/simple_server_shop/src/server/mail/mailer.ts","statementMap":{"0":{"start":{"line":3,"column":0},"end":{"line":3,"column":61}},"1":{"start":{"line":4,"column":0},"end":{"line":4,"column":60}},"2":{"start":{"line":7,"column":0},"end":{"line":7,"column":38}},"3":{"start":{"line":8,"column":0},"end":{"line":8,"column":28}},"4":{"start":{"line":9,"column":0},"end":{"line":9,"column":29}},"5":{"start":{"line":10,"column":0},"end":{"line":10,"column":41}},"6":{"start":{"line":47,"column":10},"end":{"line":47,"column":22}},"7":{"start":{"line":48,"column":10},"end":{"line":48,"column":36}},"8":{"start":{"line":50,"column":10},"end":{"line":50,"column":34}},"9":{"start":{"line":51,"column":10},"end":{"line":51,"column":33}},"10":{"start":{"line":53,"column":10},"end":{"line":53,"column":42}},"11":{"start":{"line":67,"column":9},"end":{"line":73,"column":3}},"12":{"start":{"line":68,"column":4},"end":{"line":72,"column":5}},"13":{"start":{"line":69,"column":6},"end":{"line":71,"column":7}},"14":{"start":{"line":70,"column":8},"end":{"line":70,"column":55}},"15":{"start":{"line":70,"column":34},"end":{"line":70,"column":55}},"16":{"start":{"line":80,"column":9},"end":{"line":99,"column":3}},"17":{"start":{"line":82,"column":15},"end":{"line":82,"column":27}},"18":{"start":{"line":83,"column":15},"end":{"line":83,"column":66}},"19":{"start":{"line":84,"column":15},"end":{"line":84,"column":77}},"20":{"start":{"line":85,"column":15},"end":{"line":85,"column":48}},"21":{"start":{"line":87,"column":4},"end":{"line":98,"column":5}},"22":{"start":{"line":106,"column":9},"end":{"line":113,"column":3}},"23":{"start":{"line":107,"column":18},"end":{"line":107,"column":30}},"24":{"start":{"line":108,"column":4},"end":{"line":112,"column":7}},"25":{"start":{"line":109,"column":6},"end":{"line":109,"column":16}},"26":{"start":{"line":110,"column":6},"end":{"line":111,"column":49}},"27":{"start":{"line":110,"column":23},"end":{"line":110,"column":41}},"28":{"start":{"line":111,"column":11},"end":{"line":111,"column":49}},"29":{"start":{"line":111,"column":34},"end":{"line":111,"column":47}},"30":{"start":{"line":120,"column":9},"end":{"line":139,"column":3}},"31":{"start":{"line":121,"column":15},"end":{"line":121,"column":29}},"32":{"start":{"line":123,"column":17},"end":{"line":123,"column":62}},"33":{"start":{"line":125,"column":25},"end":{"line":133,"column":5}},"34":{"start":{"line":135,"column":4},"end":{"line":137,"column":5}},"35":{"start":{"line":136,"column":6},"end":{"line":136,"column":27}},"36":{"start":{"line":138,"column":4},"end":{"line":138,"column":17}},"37":{"start":{"line":147,"column":10},"end":{"line":172,"column":3}},"38":{"start":{"line":148,"column":4},"end":{"line":171,"column":5}},"39":{"start":{"line":149,"column":6},"end":{"line":153,"column":9}},"40":{"start":{"line":150,"column":8},"end":{"line":150,"column":96}},"41":{"start":{"line":151,"column":8},"end":{"line":151,"column":28}},"42":{"start":{"line":151,"column":15},"end":{"line":151,"column":28}},"43":{"start":{"line":152,"column":8},"end":{"line":152,"column":49}},"44":{"start":{"line":152,"column":35},"end":{"line":152,"column":49}},"45":{"start":{"line":155,"column":6},"end":{"line":170,"column":8}},"46":{"start":{"line":157,"column":22},"end":{"line":159,"column":29}},"47":{"start":{"line":161,"column":8},"end":{"line":169,"column":11}},"48":{"start":{"line":164,"column":12},"end":{"line":164,"column":98}},"49":{"start":{"line":165,"column":12},"end":{"line":165,"column":53}},"50":{"start":{"line":165,"column":39},"end":{"line":165,"column":53}},"51":{"start":{"line":166,"column":12},"end":{"line":166,"column":32}},"52":{"start":{"line":166,"column":19},"end":{"line":166,"column":32}},"53":{"start":{"line":167,"column":12},"end":{"line":167,"column":29}},"54":{"start":{"line":168,"column":12},"end":{"line":168,"column":30}},"55":{"start":{"line":184,"column":10},"end":{"line":222,"column":3}},"56":{"start":{"line":185,"column":4},"end":{"line":185,"column":66}},"57":{"start":{"line":185,"column":43},"end":{"line":185,"column":66}},"58":{"start":{"line":186,"column":4},"end":{"line":221,"column":5}},"59":{"start":{"line":187,"column":6},"end":{"line":191,"column":9}},"60":{"start":{"line":188,"column":8},"end":{"line":188,"column":67}},"61":{"start":{"line":189,"column":8},"end":{"line":189,"column":32}},"62":{"start":{"line":189,"column":21},"end":{"line":189,"column":32}},"63":{"start":{"line":190,"column":8},"end":{"line":190,"column":31}},"64":{"start":{"line":193,"column":6},"end":{"line":193,"column":58}},"65":{"start":{"line":195,"column":6},"end":{"line":206,"column":9}},"66":{"start":{"line":196,"column":8},"end":{"line":196,"column":38}},"67":{"start":{"line":198,"column":8},"end":{"line":205,"column":11}},"68":{"start":{"line":199,"column":10},"end":{"line":203,"column":11}},"69":{"start":{"line":200,"column":12},"end":{"line":200,"column":52}},"70":{"start":{"line":201,"column":12},"end":{"line":201,"column":36}},"71":{"start":{"line":201,"column":25},"end":{"line":201,"column":36}},"72":{"start":{"line":202,"column":12},"end":{"line":202,"column":35}},"73":{"start":{"line":204,"column":10},"end":{"line":204,"column":27}},"74":{"start":{"line":208,"column":6},"end":{"line":211,"column":9}},"75":{"start":{"line":209,"column":8},"end":{"line":209,"column":37}},"76":{"start":{"line":210,"column":8},"end":{"line":210,"column":30}},"77":{"start":{"line":212,"column":6},"end":{"line":215,"column":9}},"78":{"start":{"line":213,"column":8},"end":{"line":213,"column":35}},"79":{"start":{"line":214,"column":8},"end":{"line":214,"column":31}},"80":{"start":{"line":216,"column":6},"end":{"line":219,"column":9}},"81":{"start":{"line":217,"column":8},"end":{"line":217,"column":33}},"82":{"start":{"line":218,"column":8},"end":{"line":218,"column":31}},"83":{"start":{"line":229,"column":10},"end":{"line":233,"column":3}},"84":{"start":{"line":230,"column":4},"end":{"line":232,"column":5}},"85":{"start":{"line":231,"column":6},"end":{"line":231,"column":29}},"86":{"start":{"line":241,"column":9},"end":{"line":264,"column":3}},"87":{"start":{"line":242,"column":14},"end":{"line":244,"column":24}},"88":{"start":{"line":246,"column":20},"end":{"line":250,"column":5}},"89":{"start":{"line":252,"column":4},"end":{"line":261,"column":5}},"90":{"start":{"line":253,"column":24},"end":{"line":253,"column":36}},"91":{"start":{"line":254,"column":19},"end":{"line":254,"column":36}},"92":{"start":{"line":258,"column":6},"end":{"line":258,"column":61}},"93":{"start":{"line":259,"column":6},"end":{"line":259,"column":58}},"94":{"start":{"line":263,"column":4},"end":{"line":263,"column":15}},"95":{"start":{"line":266,"column":10},"end":{"line":272,"column":3}},"96":{"start":{"line":268,"column":4},"end":{"line":270,"column":7}},"97":{"start":{"line":57,"column":4},"end":{"line":61,"column":5}},"98":{"start":{"line":58,"column":6},"end":{"line":60,"column":7}},"99":{"start":{"line":59,"column":8},"end":{"line":59,"column":55}},"100":{"start":{"line":59,"column":34},"end":{"line":59,"column":55}},"101":{"start":{"line":63,"column":14},"end":{"line":63,"column":85}},"102":{"start":{"line":64,"column":4},"end":{"line":64,"column":38}},"103":{"start":{"line":45,"column":0},"end":{"line":274,"column":1}},"104":{"start":{"line":276,"column":0},"end":{"line":276,"column":28}}},"fnMap":{"0":{"name":"(anonymous_0)","decl":{"start":{"line":55,"column":2},"end":{"line":55,"column":13}},"loc":{"start":{"line":55,"column":29},"end":{"line":65,"column":3}}},"1":{"name":"(anonymous_1)","decl":{"start":{"line":67,"column":22},"end":{"line":67,"column":23}},"loc":{"start":{"line":67,"column":41},"end":{"line":73,"column":3}}},"2":{"name":"(anonymous_2)","decl":{"start":{"line":80,"column":18},"end":{"line":80,"column":19}},"loc":{"start":{"line":80,"column":63},"end":{"line":99,"column":3}}},"3":{"name":"(anonymous_3)","decl":{"start":{"line":106,"column":17},"end":{"line":106,"column":18}},"loc":{"start":{"line":106,"column":46},"end":{"line":113,"column":3}}},"4":{"name":"(anonymous_4)","decl":{"start":{"line":108,"column":18},"end":{"line":108,"column":19}},"loc":{"start":{"line":108,"column":29},"end":{"line":112,"column":5}}},"5":{"name":"(anonymous_5)","decl":{"start":{"line":111,"column":29},"end":{"line":111,"column":30}},"loc":{"start":{"line":111,"column":33},"end":{"line":111,"column":48}}},"6":{"name":"(anonymous_6)","decl":{"start":{"line":120,"column":17},"end":{"line":120,"column":18}},"loc":{"start":{"line":120,"column":55},"end":{"line":139,"column":3}}},"7":{"name":"(anonymous_7)","decl":{"start":{"line":147,"column":17},"end":{"line":147,"column":18}},"loc":{"start":{"line":147,"column":53},"end":{"line":172,"column":3}}},"8":{"name":"(anonymous_8)","decl":{"start":{"line":149,"column":37},"end":{"line":149,"column":39}},"loc":{"start":{"line":149,"column":42},"end":{"line":153,"column":7}}},"9":{"name":"(anonymous_9)","decl":{"start":{"line":155,"column":19},"end":{"line":155,"column":21}},"loc":{"start":{"line":155,"column":24},"end":{"line":170,"column":7}}},"10":{"name":"(anonymous_10)","decl":{"start":{"line":163,"column":37},"end":{"line":163,"column":38}},"loc":{"start":{"line":163,"column":59},"end":{"line":169,"column":9}}},"11":{"name":"(anonymous_11)","decl":{"start":{"line":184,"column":20},"end":{"line":184,"column":21}},"loc":{"start":{"line":184,"column":47},"end":{"line":222,"column":3}}},"12":{"name":"(anonymous_12)","decl":{"start":{"line":187,"column":28},"end":{"line":187,"column":29}},"loc":{"start":{"line":187,"column":40},"end":{"line":191,"column":7}}},"13":{"name":"(anonymous_13)","decl":{"start":{"line":195,"column":30},"end":{"line":195,"column":31}},"loc":{"start":{"line":195,"column":35},"end":{"line":206,"column":7}}},"14":{"name":"(anonymous_14)","decl":{"start":{"line":198,"column":45},"end":{"line":198,"column":46}},"loc":{"start":{"line":198,"column":57},"end":{"line":205,"column":9}}},"15":{"name":"(anonymous_15)","decl":{"start":{"line":208,"column":35},"end":{"line":208,"column":36}},"loc":{"start":{"line":208,"column":41},"end":{"line":211,"column":7}}},"16":{"name":"(anonymous_16)","decl":{"start":{"line":212,"column":33},"end":{"line":212,"column":34}},"loc":{"start":{"line":212,"column":39},"end":{"line":215,"column":7}}},"17":{"name":"(anonymous_17)","decl":{"start":{"line":216,"column":31},"end":{"line":216,"column":32}},"loc":{"start":{"line":216,"column":37},"end":{"line":219,"column":7}}},"18":{"name":"(anonymous_18)","decl":{"start":{"line":229,"column":19},"end":{"line":229,"column":26}},"loc":{"start":{"line":229,"column":29},"end":{"line":233,"column":3}}},"19":{"name":"(anonymous_19)","decl":{"start":{"line":241,"column":16},"end":{"line":241,"column":17}},"loc":{"start":{"line":241,"column":38},"end":{"line":264,"column":3}}},"20":{"name":"(anonymous_20)","decl":{"start":{"line":266,"column":24},"end":{"line":266,"column":25}},"loc":{"start":{"line":266,"column":44},"end":{"line":272,"column":3}}}},"branchMap":{"0":{"loc":{"start":{"line":68,"column":4},"end":{"line":72,"column":5}},"type":"if","locations":[{"start":{"line":68,"column":4},"end":{"line":72,"column":5}},{"start":{"line":68,"column":4},"end":{"line":72,"column":5}}]},"1":{"loc":{"start":{"line":70,"column":8},"end":{"line":70,"column":55}},"type":"if","locations":[{"start":{"line":70,"column":8},"end":{"line":70,"column":55}},{"start":{"line":70,"column":8},"end":{"line":70,"column":55}}]},"2":{"loc":{"start":{"line":93,"column":24},"end":{"line":93,"column":34}},"type":"cond-expr","locations":[{"start":{"line":93,"column":24},"end":{"line":93,"column":34}},{"start":{"line":93,"column":37},"end":{"line":93,"column":39}}]},"3":{"loc":{"start":{"line":110,"column":6},"end":{"line":111,"column":49}},"type":"if","locations":[{"start":{"line":110,"column":6},"end":{"line":111,"column":49}},{"start":{"line":110,"column":6},"end":{"line":111,"column":49}}]},"4":{"loc":{"start":{"line":135,"column":4},"end":{"line":137,"column":5}},"type":"if","locations":[{"start":{"line":135,"column":4},"end":{"line":137,"column":5}},{"start":{"line":135,"column":4},"end":{"line":137,"column":5}}]},"5":{"loc":{"start":{"line":148,"column":4},"end":{"line":171,"column":5}},"type":"if","locations":[{"start":{"line":148,"column":4},"end":{"line":171,"column":5}},{"start":{"line":148,"column":4},"end":{"line":171,"column":5}}]},"6":{"loc":{"start":{"line":148,"column":7},"end":{"line":148,"column":22}},"type":"binary-expr","locations":[{"start":{"line":148,"column":7},"end":{"line":148,"column":22}},{"start":{"line":148,"column":26},"end":{"line":148,"column":40}}]},"7":{"loc":{"start":{"line":151,"column":8},"end":{"line":151,"column":28}},"type":"if","locations":[{"start":{"line":151,"column":8},"end":{"line":151,"column":28}},{"start":{"line":151,"column":8},"end":{"line":151,"column":28}}]},"8":{"loc":{"start":{"line":152,"column":8},"end":{"line":152,"column":49}},"type":"if","locations":[{"start":{"line":152,"column":8},"end":{"line":152,"column":49}},{"start":{"line":152,"column":8},"end":{"line":152,"column":49}}]},"9":{"loc":{"start":{"line":165,"column":12},"end":{"line":165,"column":53}},"type":"if","locations":[{"start":{"line":165,"column":12},"end":{"line":165,"column":53}},{"start":{"line":165,"column":12},"end":{"line":165,"column":53}}]},"10":{"loc":{"start":{"line":166,"column":12},"end":{"line":166,"column":32}},"type":"if","locations":[{"start":{"line":166,"column":12},"end":{"line":166,"column":32}},{"start":{"line":166,"column":12},"end":{"line":166,"column":32}}]},"11":{"loc":{"start":{"line":185,"column":4},"end":{"line":185,"column":66}},"type":"if","locations":[{"start":{"line":185,"column":4},"end":{"line":185,"column":66}},{"start":{"line":185,"column":4},"end":{"line":185,"column":66}}]},"12":{"loc":{"start":{"line":185,"column":8},"end":{"line":185,"column":22}},"type":"binary-expr","locations":[{"start":{"line":185,"column":8},"end":{"line":185,"column":22}},{"start":{"line":185,"column":26},"end":{"line":185,"column":40}}]},"13":{"loc":{"start":{"line":186,"column":4},"end":{"line":221,"column":5}},"type":"if","locations":[{"start":{"line":186,"column":4},"end":{"line":221,"column":5}},{"start":{"line":186,"column":4},"end":{"line":221,"column":5}}]},"14":{"loc":{"start":{"line":186,"column":7},"end":{"line":186,"column":22}},"type":"binary-expr","locations":[{"start":{"line":186,"column":7},"end":{"line":186,"column":22}},{"start":{"line":186,"column":26},"end":{"line":186,"column":42}}]},"15":{"loc":{"start":{"line":189,"column":8},"end":{"line":189,"column":32}},"type":"if","locations":[{"start":{"line":189,"column":8},"end":{"line":189,"column":32}},{"start":{"line":189,"column":8},"end":{"line":189,"column":32}}]},"16":{"loc":{"start":{"line":199,"column":10},"end":{"line":203,"column":11}},"type":"if","locations":[{"start":{"line":199,"column":10},"end":{"line":203,"column":11}},{"start":{"line":199,"column":10},"end":{"line":203,"column":11}}]},"17":{"loc":{"start":{"line":201,"column":12},"end":{"line":201,"column":36}},"type":"if","locations":[{"start":{"line":201,"column":12},"end":{"line":201,"column":36}},{"start":{"line":201,"column":12},"end":{"line":201,"column":36}}]},"18":{"loc":{"start":{"line":230,"column":4},"end":{"line":232,"column":5}},"type":"if","locations":[{"start":{"line":230,"column":4},"end":{"line":232,"column":5}},{"start":{"line":230,"column":4},"end":{"line":232,"column":5}}]},"19":{"loc":{"start":{"line":243,"column":8},"end":{"line":243,"column":39}},"type":"cond-expr","locations":[{"start":{"line":243,"column":8},"end":{"line":243,"column":39}},{"start":{"line":244,"column":8},"end":{"line":244,"column":24}}]},"20":{"loc":{"start":{"line":249,"column":25},"end":{"line":249,"column":32}},"type":"cond-expr","locations":[{"start":{"line":249,"column":25},"end":{"li
[...]
{"start":{"line":275,"column":9},"end":{"line":284,"column":3}},"59":{"start":{"line":276,"column":4},"end":{"line":283,"column":7}},"60":{"start":{"line":286,"column":9},"end":{"line":303,"column":3}},"61":{"start":{"line":287,"column":18},"end":{"line":287,"column":48}},"62":{"start":{"line":288,"column":18},"end":{"line":288,"column":20}},"63":{"start":{"line":289,"column":24},"end":{"line":289,"column":54}},"64":{"start":{"line":291,"column":4},"end":{"line":293,"column":28}},"65":{"start":{"line":291,"column":15},"end":{"line":293,"column":28}},"66":{"start":{"line":295,"column":4},"end":{"line":302,"column":7}},"67":{"start":{"line":305,"column":9},"end":{"line":319,"column":3}},"68":{"start":{"line":306,"column":18},"end":{"line":306,"column":20}},"69":{"start":{"line":307,"column":18},"end":{"line":307,"column":48}},"70":{"start":{"line":309,"column":4},"end":{"line":309,"column":48}},"71":{"start":{"line":309,"column":14},"end":{"line":309,"column":48}},"72":{"start":{"line":311,"column":4},"end":{"line":318,"column":7}},"73":{"start":{"line":321,"column":9},"end":{"line":346,"column":3}},"74":{"start":{"line":322,"column":16},"end":{"line":322,"column":39}},"75":{"start":{"line":323,"column":18},"end":{"line":323,"column":20}},"76":{"start":{"line":324,"column":18},"end":{"line":324,"column":48}},"77":{"start":{"line":325,"column":16},"end":{"line":325,"column":62}},"78":{"start":{"line":327,"column":4},"end":{"line":329,"column":5}},"79":{"start":{"line":328,"column":6},"end":{"line":328,"column":43}},"80":{"start":{"line":331,"column":4},"end":{"line":331,"column":28}},"81":{"start":{"line":333,"column":4},"end":{"line":336,"column":5}},"82":{"start":{"line":334,"column":6},"end":{"line":334,"column":22}},"83":{"start":{"line":335,"column":6},"end":{"line":335,"column":44}},"84":{"start":{"line":338,"column":4},"end":{"line":345,"column":7}},"85":{"start":{"line":348,"column":9},"end":{"line":366,"column":3}},"86":{"start":{"line":350,"column":18},"end":{"line":350,"column":20}},"87":{"start":{"line":351,"column":18},"end":{"line":351,"column":23}},"88":{"start":{"line":352,"column":18},"end":{"line":352,"column":38}},"89":{"start":{"line":353,"column":19},"end":{"line":353,"column":40}},"90":{"start":{"line":354,"column":4},"end":{"line":354,"column":51}},"91":{"start":{"line":356,"column":4},"end":{"line":356,"column":65}},"92":{"start":{"line":356,"column":15},"end":{"line":356,"column":65}},"93":{"start":{"line":358,"column":4},"end":{"line":365,"column":7}},"94":{"start":{"line":368,"column":9},"end":{"line":418,"column":3}},"95":{"start":{"line":370,"column":15},"end":{"line":370,"column":35}},"96":{"start":{"line":372,"column":4},"end":{"line":373,"column":36}},"97":{"start":{"line":373,"column":6},"end":{"line":373,"column":36}},"98":{"start":{"line":375,"column":4},"end":{"line":417,"column":5}},"99":{"start":{"line":379,"column":16},"end":{"line":384,"column":7}},"100":{"start":{"line":386,"column":6},"end":{"line":406,"column":9}},"101":{"start":{"line":387,"column":22},"end":{"line":387,"column":24}},"102":{"start":{"line":390,"column":19},"end":{"line":390,"column":47}},"103":{"start":{"line":391,"column":8},"end":{"line":393,"column":9}},"104":{"start":{"line":392,"column":10},"end":{"line":392,"column":46}},"105":{"start":{"line":395,"column":20},"end":{"line":395,"column":60}},"106":{"start":{"line":396,"column":8},"end":{"line":396,"column":69}},"107":{"start":{"line":396,"column":19},"end":{"line":396,"column":69}},"108":{"start":{"line":398,"column":8},"end":{"line":405,"column":11}},"109":{"start":{"line":408,"column":6},"end":{"line":415,"column":9}},"110":{"start":{"line":115,"column":4},"end":{"line":118,"column":5}},"111":{"start":{"line":116,"column":6},"end":{"line":116,"column":33}},"112":{"start":{"line":117,"column":6},"end":{"line":117,"column":23}},"113":{"start":{"line":80,"column":0},"end":{"line":420,"column":1}},"114":{"start":{"line":421,"column":0},"end":{"line":421,"column":26}}},"fnMap":{"0":{"name":"(anonymous_0)","decl":{"start":{"line":114,"column":2},"end":{"line":114,"column":13}},"loc":{"start":{"line":114,"column":41},"end":{"line":119,"column":3}}},"1":{"name":"(anonymous_1)","decl":{"start":{"line":121,"column":18},"end":{"line":121,"column":19}},"loc":{"start":{"line":121,"column":43},"end":{"line":126,"column":3}}},"2":{"name":"(anonymous_2)","decl":{"start":{"line":133,"column":22},"end":{"line":133,"column":23}},"loc":{"start":{"line":133,"column":66},"end":{"line":153,"column":3}}},"3":{"name":"(anonymous_3)","decl":{"start":{"line":137,"column":36},"end":{"line":137,"column":37}},"loc":{"start":{"line":137,"column":45},"end":{"line":140,"column":5}}},"4":{"name":"(anonymous_4)","decl":{"start":{"line":161,"column":17},"end":{"line":161,"column":18}},"loc":{"start":{"line":161,"column":69},"end":{"line":204,"column":3}}},"5":{"name":"(anonymous_5)","decl":{"start":{"line":172,"column":27},"end":{"line":172,"column":28}},"loc":{"start":{"line":172,"column":39},"end":{"line":201,"column":9}}},"6":{"name":"(anonymous_6)","decl":{"start":{"line":212,"column":18},"end":{"line":212,"column":19}},"loc":{"start":{"line":212,"column":40},"end":{"line":234,"column":3}}},"7":{"name":"(anonymous_7)","decl":{"start":{"line":242,"column":23},"end":{"line":242,"column":24}},"loc":{"start":{"line":242,"column":37},"end":{"line":252,"column":3}}},"8":{"name":"(anonymous_8)","decl":{"start":{"line":256,"column":17},"end":{"line":256,"column":18}},"loc":{"start":{"line":256,"column":43},"end":{"line":273,"column":3}}},"9":{"name":"(anonymous_9)","decl":{"start":{"line":275,"column":20},"end":{"line":275,"column":21}},"loc":{"start":{"line":275,"column":46},"end":{"line":284,"column":3}}},"10":{"name":"(anonymous_10)","decl":{"start":{"line":286,"column":16},"end":{"line":286,"column":17}},"loc":{"start":{"line":286,"column":42},"end":{"line":303,"column":3}}},"11":{"name":"(anonymous_11)","decl":{"start":{"line":305,"column":20},"end":{"line":305,"column":21}},"loc":{"start":{"line":305,"column":46},"end":{"line":319,"column":3}}},"12":{"name":"(anonymous_12)","decl":{"start":{"line":321,"column":20},"end":{"line":321,"column":21}},"loc":{"start":{"line":321,"column":46},"end":{"line":346,"column":3}}},"13":{"name":"(anonymous_13)","decl":{"start":{"line":348,"column":17},"end":{"line":348,"column":18}},"loc":{"start":{"line":348,"column":43},"end":{"line":366,"column":3}}},"14":{"name":"(anonymous_14)","decl":{"start":{"line":368,"column":18},"end":{"line":368,"column":19}},"loc":{"start":{"line":368,"column":39},"end":{"line":418,"column":3}}},"15":{"name":"(anonymous_15)","decl":{"start":{"line":386,"column":37},"end":{"line":386,"column":38}},"loc":{"start":{"line":386,"column":48},"end":{"line":406,"column":7}}}},"branchMap":{"0":{"loc":{"start":{"line":122,"column":4},"end":{"line":124,"column":5}},"type":"if","locations":[{"start":{"line":122,"column":4},"end":{"line":124,"column":5}},{"start":{"line":122,"column":4},"end":{"line":124,"column":5}}]},"1":{"loc":{"start":{"line":139,"column":6},"end":{"line":139,"column":44}},"type":"if","locations":[{"start":{"line":139,"column":6},"end":{"line":139,"column":44}},{"start":{"line":139,"column":6},"end":{"line":139,"column":44}}]},"2":{"loc":{"start":{"line":168,"column":32},"end":{"line":168,"column":43}},"type":"cond-expr","locations":[{"start":{"line":168,"column":32},"end":{"line":168,"column":43}},{"start":{"line":168,"column":46},"end":{"line":168,"column":48}}]},"3":{"loc":{"start":{"line":171,"column":6},"end":{"line":202,"column":7}},"type":"if","locations":[{"start":{"line":171,"column":6},"end":{"line":202,"column":7}},{"start":{"line":171,"column":6},"end":{"line":202,"column":7}}]},"4":{"loc":{"start":{"line":174,"column":10},"end":{"line":177,"column":11}},"type":"if","locations":[{"start":{"line":174,"column":10},"end":{"line":177,"column":11}},{"start":{"line":174,"column":10},"end":{"line":177,"column":11}}]},"5":{"loc":{"start":{"line":174,"column":13},"end":{"line":174,"column":35}},"type":"binary-expr","locations":[{"start":{"line":174,"column":13},"end":{"line":174,"column":35}},{"start":{"line":174,"column":39},"end":{"line":174,"column":63}}]},"6":{"loc":{"start":{"line":193,"column":10},"end":{"line":195,"column":11}},"type":"if","locations":[{"start":{"line":193,"column":10},"end":{"line":195,"column":11}},{"start":{"line":193,"column":10},"end":{"line":195,"column":11}}]},"7":{"loc":{"start":{"line":196,"column":10},"end":{"line":200,"column":11}},"type":"if","locations":[{"start":{"line":196,"column":10},"end":{"line":200,"column":11}},{"start":{"line":196,"column":10},"end":{"line":200,"column":11}}]},"8":{"loc":{"start":{"line":214,"column":4},"end":{"line":221,"column":5}},"type":"if","locations":[{"start":{"line":214,"column":4},"end":{"line":221,"column":5}},{"start":{"line":214,"column":4},"end":{"line":221,"column":5}}]},"9":{"loc":{"start":{"line":219,"column":10},"end":{"line":219,"column":49}},"type":"cond-expr","locations":[{"start":{"line":219,"column":10},"end":{"line":219,"column":49}},{"start":{"line":220,"column":10},"end":{"line":220,"column":25}}]},"10":{"loc":{"start":{"line":223,"column":4},"end":{"line":233,"column":5}},"type":"if","locations":[{"start":{"line":223,"column":4},"end":{"line":233,"column":5}},{"start":{"line":223,"column":4},"end":{"line":233,"column":5}}]},"11":{"loc":{"start":{"line":231,"column":6},"end":{"line":231,"column":65}},"type":"if","locations":[{"start":{"line":231,"column":6},"end":{"line":231,"column":65}},{"start":{"line":231,"column":6},"end":{"line":231,"column":65}}]},"12":{"loc":{"start":{"line":249,"column":4},"end":{"line":251,"column":73}},"type":"if","locations":[{"start":{"line":249,"column":4},"end":{"line":251,"column":73}},{"start":{"line":249,"column":4},"end":{"line":251,"column":73}}]},"13":{"loc":{"start":{"line":261,"column":4},"end":{"line":263,"column":29}},"type":"if","locations":[{"start":{"line":261,"column":4},"end":{"line":263,"column":29}},{"start":{"line":261,"column":4},"end":{"line":263,"column":29}}]},"14":{"loc":{"start":{"line":262,"column":7},"end":{"line":262,"column":27}},"type":"cond-expr","locations":[{"start":{"line":262,"column":7},"end":{"line":262,"column":27}},{"start":{"line":263,"column":7},"end":{"line":263,"column":28}}]},"15":{"loc":{"start":{"line":291,"column":4},"end":{"line":293,"column":28}},"type":"if","locations":[{"start":{"line":291,"column":4},"end":{"line":293,"column":28}},{"start":{"line":291,"column":4},"end":{"line":293,"column":28}}]},"16":{"loc":{"start":{"line":292,"column":8},"end":{"line":292,"column":28}},"type":"cond-expr","locations":[{"start":{"line":292,"column":8},"end":{"line":292,"column":28}},{"start":{"line":293,"column":8},"end":{"line":293,"column":27}}]},"17":{"loc":{"start":{"line":309,"column":4},"end":{"line":309,"column":48}},"type":"if","locations":[{"start":{"line":309,"column":4},"end":{"line":309,"column":48}},{"start":{"line":309,"column":4},"end":{"line":309,"column":48}}]},"18":{"loc":{"start":{"line":325,"column":50},"end":{"line":325,"column":54}},"type":"cond-expr","locations":[{"start":{"line":325,"column":50},"end":{"line":325,"column":54}},{"start":{"line":325,"column":57},"end":{"line":325,"column":62}}]},"19":{"loc":{"start":{"line":325,"column":16},"end":{"line":325,"column":22}},"type":"binary-expr","locations":[{"start":{"line":325,"column":16},"end":{"line":325,"column":22}},{"start":{"line":325,"column":26},"end":{"line":325,"column":47}}]},"20":{"loc":{"start":{"line":327,"column":4},"end":{"line":329,"column":5}},"type":"if","locations":[{"start":{"line":327,"column":4},"end":{"line":329,"column":5}},{"start":{"line":327,"column":4},"end":{"line":329,"column":5}}]},"21":{"loc":{"start":{"line":333,"column":4},"end":{"line":336,"column":5}},"type":"if","locations":[{"start":{"line":333,"column":4},"end":{"line":336,"column":5}},{"start":{"line":333,"column":4},"end":{"line":336,"column":5}}]},"22":{"loc":{"start":{"line":356,"column":4},"end":{"line":356,"column":65}},"type":"if","locations":[{"start":{"line":356,"column":4},"end":{"line":356,"column":65}},{"start":{"line":356,"column":4},"end":{"line":356,"column":65}}]},"23":{"loc":{"start":{"line":372,"column":4},"end":{"line":373,"column":36}},"type":"if","locations":[{"start":{"line":372,"column":4},"end":{"line":373,"column":36}},{"start":{"line":372,"column":4},"end":{"line":373,"column":36}}]},"24":{"loc":{"start":{"line":372,"column":7},"end":{"line":372,"column":21}},"type":"binary-expr","locations":[{"start":{"line":372,"column":7},"end":{"line":372,"column":21}},{"start":{"line":372,"column":25},"end":{"line":372,"column":52}}]},"25":{"loc":{"start":{"line":375,"column":4},"end":{"line":417,"column":5}},"type":"if","locations":[{"start":{"line":375,"column":4},"end":{"line":417,"column":5}},{"start":{"line":375,"column":4},"end":{"line":417,"column":5}}]},"26":{"loc":{"start":{"line":375,"column":7},"end":{"line":375,"column":16}},"type":"binary-expr","locations":[{"start":{"line":375,"column":7},"end":{"line":375,"column":16}},{"start":{"line":375,"column":20},"end":{"line":375,"column":38}}]},"27":{"loc":{"start":{"line":391,"column":8},"end":{"line":393,"column":9}},"type":"if","locations":[{"start":{"line":391,"column":8},"end":{"line":393,"column":9}},{"start":{"line":391,"column":8},"end":{"line":393,"column":9}}]},"28":{"loc":{"start":{"line":395,"column":48},"end":{"line":395,"column":52}},"type":"cond-expr","locations":[{"start":{"line":395,"column":48},"end":{"line":395,"column":52}},{"start":{"line":395,"column":55},"end":{"line":395,"column":60}}]},"29":{"loc":{"start":{"line":395,"column":20},"end":{"line":395,"column":27}},"type":"binary-expr","locations":[{"start":{"line":395,"column":20},"end":{"line":395,"column":27}},{"start":{"line":395,"column":31},"end":{"line":395,"column":45}}]},"30":{"loc":{"start":{"line":396,"column":8},"end":{"line":396,"column":69}},"type":"if","locations":[{"start":{"line":396,"column":8},"end":{"line":396,"column":69}},{"start":{"line":396,"column":8},"end":{"line":396,"column":69}}]},"31":{"loc":{"start":{"line":115,"column":4},"end":{"line":118,"column":5}},"type":"if","locations":[{"start":{"line":115,"column":4},"end":{"line":118,"column":5}},{"start":{"line":115,"column":4},"end":{"line":118,"column":5}}]},"32":{"loc":{"start":{"line":115,"column":7},"end":{"line":115,"column":16}},"type":"binary-expr","locations":[{"start":{"line":115,"column":7},"end":{"line":115,"column":16}},{"start":{"line":115,"column":20},"end":{"line":115,"column":24}}]}},"s":{"0":2,"1":2,"2":1,"3":1,"4":0,"5":0,"6":0,"7":1,"8":4,"9":4,"10":20,"11":20,"12":20,"13":4,"14":1,"15":4,"16":4,"17":4,"18":20,"19":20,"20":20,"21":20,"22":36,"23":0,"24":0,"25":36,"26":36,"27":36,"28":36,"29":16,"30":20,"31":20,"32":0,"33":1,"34":28,"35":28,"36":4,"37":4,"38":4,"39":28,"40":0,"41":0,"42":0,"43":0,"44":0,"45":1,"46":16,"47":16,"48":16,"49":16,"50":16,"51":0,"52":1,"53":4,"54":4,"55":4,"56":0,"57":4,"58":1,"59":4,"60":1,"61":0,"62":0,"63":0,"64":0,"65":0,"66":0,"67":1,"68":8,"69":8,"70":8,"71":0,"72":8,"73":1,"74":4,"75":4,"76":4,"77":4,"78":4,"79":2,"80":4,"81":4,"82":2,"83":2,"84":4,"85":1,"86":8,"87":8,"88":8,"89":8,"90":8,"91":8,"92":2,"93":8,"94":1,"95":8,"96":8,"97":8,"98":8,"99":8,"100":8,"101":0,"102":0,"103":0,"104":0,"105":0,"106":0,"107":0,"108":0,"109":0,"110":1,"111":1,"112":1,"113":2,"114":2},"f":{"0":1,"1":0,"2":4,"3":20,"4":4,"5":36,"6":28,"7":16,"8":4,"9":4,"10":0,"11":8,"12":4,"13":8,"14":8,"15":0},"b":{"0":[0,0],"1":[20,0],"2":[20,0],"3":[20,0],"4":[0,36],"5":[36,4],"6":[16,20],"7":[20,0],"8":[4,24],"9":[0,4],"10":[0,28],"11":[0,0],"12":[16,0],"13":[0,4],"14":[0,0],"15":[0,0],"16":[0,0],"17":[0,8],"18":[2,2],"19":[4,4],"20":[2,2],"21":[2,2],"22":[2,6],"23":[8,0],"24":[8,8],"25":[8,0],"26":[8,8],"27":[0,0],"28":[0,0],"29":[0,0],"30":[0,0],"31":[1,0],"32":[1,1]}}
,"/Users/jack/Dev/node/server/simple_server_shop/src/tests/db_connect.ts": {"path":"/Users/jack/Dev/node/server/simple_server_shop/src/tests/db_connect.ts","statementMap":{"0":{"start":{"line":3,"column":0},"end":{"line":3,"column":36}},"1":{"start":{"line":6,"column":0},"end":{"line":6,"column":46}},"2":{"start":{"line":16,"column":10},"end":{"line":16,"column":30}},"3":{"start":{"line":27,"column":9},"end":{"line":28,"column":3}},"4":{"start":{"line":30,"column":9},"end":{"line":45,"column":3}},"5":{"start":{"line":31,"column":4},"end":{"line":31,"column":47}},"6":{"start":{"line":31,"column":24},"end":{"line":31,"column":47}},"7":{"start":{"line":33,"column":6},"end":{"line":43,"column":9}},"8":{"start":{"line":34,"column":8},"end":{"line":37,"column":9}},"9":{"start":{"line":36,"column":10},"end":{"line":36,"column":21}},"10":{"start":{"line":38,"column":8},"end":{"line":42,"column":9}},"11":{"start":{"line":39,"column":10},"end":{"line":39,"column":57}},"12":{"start":{"line":40,"column":10},"end":{"line":40,"column":29}},"13":{"start":{"line":41,"column":10},"end":{"line":41,"column":23}},"14":{"start":{"line":47,"column":9},"end":{"line":52,"column":3}},"15":{"start":{"line":49,"column":4},"end":{"line":51,"column":7}},"16":{"start":{"line":50,"column":6},"end":{"line":50,"column":37}},"17":{"start":{"line":54,"column":9},"end":{"line":60,"column":3}},"18":{"start":{"line":55,"column":4},"end":{"line":59,"column":5}},"19":{"start":{"line":56,"column":6},"end":{"line":56,"column":52}},"20":{"start":{"line":58,"column":6},"end":{"line":58,"column":29}},"21":{"start":{"line":23,"column":4},"end":{"line":23,"column":34}},"22":{"start":{"line":24,"column":4},"end":{"line":24,"column":34}},"23":{"start":{"line":11,"column":0},"end":{"line":63,"column":1}},"24":{"start":{"line":64,"column":0},"end":{"line":64,"column":31}}},"fnMap":{"0":{"name":"(anonymous_0)","decl":{"start":{"line":21,"column":2},"end":{"line":null,"column":-1}},"loc":{"start":{"line":21,"column":2},"end":{"line":25,"column":3}}},"1":{"name":"(anonymous_1)","decl":{"start":{"line":30,"column":24},"end":{"line":30,"column":25}},"loc":{"start":{"line":30,"column":45},"end":{"line":45,"column":3}}},"2":{"name":"(anonymous_2)","decl":{"start":{"line":33,"column":54},"end":{"line":33,"column":55}},"loc":{"start":{"line":33,"column":65},"end":{"line":43,"column":7}}},"3":{"name":"(anonymous_3)","decl":{"start":{"line":47,"column":18},"end":{"line":47,"column":20}},"loc":{"start":{"line":47,"column":23},"end":{"line":52,"column":3}}},"4":{"name":"(anonymous_4)","decl":{"start":{"line":49,"column":29},"end":{"line":49,"column":30}},"loc":{"start":{"line":49,"column":37},"end":{"line":51,"column":5}}},"5":{"name":"(anonymous_5)","decl":{"start":{"line":54,"column":23},"end":{"line":54,"column":29}},"loc":{"start":{"line":54,"column":32},"end":{"line":60,"column":3}}}},"branchMap":{"0":{"loc":{"start":{"line":31,"column":4},"end":{"line":31,"column":47}},"type":"if","locations":[{"start":{"line":31,"column":4},"end":{"line":31,"column":47}},{"start":{"line":31,"column":4},"end":{"line":31,"column":47}}]},"1":{"loc":{"start":{"line":34,"column":8},"end":{"line":37,"column":9}},"type":"if","locations":[{"start":{"line":34,"column":8},"end":{"line":37,"column":9}},{"start":{"line":34,"column":8},"end":{"line":37,"column":9}}]},"2":{"loc":{"start":{"line":38,"column":8},"end":{"line":42,"column":9}},"type":"if","locations":[{"start":{"line":38,"column":8},"end":{"line":42,"column":9}},{"start":{"line":38,"column":8},"end":{"line":42,"column":9}}]},"3":{"loc":{"start":{"line":55,"column":4},"end":{"line":59,"column":5}},"type":"if","locations":[{"start":{"line":55,"column":4},"end":{"line":59,"column":5}},{"start":{"line":55,"column":4},"end":{"line":59,"column":5}}]}},"s":{"0":4,"1":4,"2":4,"3":4,"4":4,"5":20,"6":0,"7":20,"8":8,"9":0,"10":8,"11":8,"12":8,"13":8,"14":4,"15":4,"16":0,"17":4,"18":8,"19":0,"20":0,"21":4,"22":4,"23":4,"24":4},"f":{"0":4,"1":20,"2":8,"3":4,"4":0,"5":8},"b":{"0":[0,20],"1":[0,8],"2":[8,0],"3":[0,8]}}
}
