{"/Users/c017188/Desktop/temp/react_unit/simple_server_shop/src/server/app.ts": {"path":"/Users/c017188/Desktop/temp/react_unit/simple_server_shop/src/server/app.ts","statementMap":{"0":{"start":{"line":3,"column":0},"end":{"line":3,"column":34}},"1":{"start":{"line":5,"column":0},"end":{"line":5,"column":35}},"2":{"start":{"line":6,"column":0},"end":{"line":6,"column":29}},"3":{"start":{"line":7,"column":0},"end":{"line":7,"column":40}},"4":{"start":{"line":8,"column":0},"end":{"line":8,"column":28}},"5":{"start":{"line":9,"column":0},"end":{"line":9,"column":42}},"6":{"start":{"line":10,"column":0},"end":{"line":10,"column":45}},"7":{"start":{"line":11,"column":0},"end":{"line":11,"column":37}},"8":{"start":{"line":16,"column":0},"end":{"line":16,"column":40}},"9":{"start":{"line":17,"column":0},"end":{"line":17,"column":36}},"10":{"start":{"line":19,"column":0},"end":{"line":19,"column":38}},"11":{"start":{"line":22,"column":0},"end":{"line":22,"column":32}},"12":{"start":{"line":44,"column":10},"end":{"line":99,"column":3}},"13":{"start":{"line":45,"column":20},"end":{"line":45,"column":41}},"14":{"start":{"line":47,"column":20},"end":{"line":47,"column":36}},"15":{"start":{"line":48,"column":4},"end":{"line":48,"column":55}},"16":{"start":{"line":49,"column":4},"end":{"line":49,"column":34}},"17":{"start":{"line":51,"column":16},"end":{"line":51,"column":60}},"18":{"start":{"line":53,"column":19},"end":{"line":64,"column":6}},"19":{"start":{"line":66,"column":4},"end":{"line":94,"column":9}},"20":{"start":{"line":87,"column":10},"end":{"line":87,"column":55}},"21":{"start":{"line":93,"column":8},"end":{"line":93,"column":15}},"22":{"start":{"line":96,"column":4},"end":{"line":96,"column":25}},"23":{"start":{"line":101,"column":9},"end":{"line":103,"column":3}},"24":{"start":{"line":102,"column":4},"end":{"line":102,"column":20}},"25":{"start":{"line":105,"column":9},"end":{"line":107,"column":3}},"26":{"start":{"line":106,"column":4},"end":{"line":106,"column":17}},"27":{"start":{"line":115,"column":9},"end":{"line":117,"column":3}},"28":{"start":{"line":116,"column":4},"end":{"line":116,"column":20}},"29":{"start":{"line":119,"column":9},"end":{"line":121,"column":3}},"30":{"start":{"line":120,"column":4},"end":{"line":120,"column":28}},"31":{"start":{"line":40,"column":4},"end":{"line":40,"column":25}},"32":{"start":{"line":41,"column":4},"end":{"line":41,"column":35}},"33":{"start":{"line":125,"column":0},"end":{"line":125,"column":25}}},"fnMap":{"0":{"name":"(anonymous_0)","decl":{"start":{"line":39,"column":2},"end":{"line":null,"column":-1}},"loc":{"start":{"line":39,"column":2},"end":{"line":42,"column":3}}},"1":{"name":"(anonymous_1)","decl":{"start":{"line":44,"column":18},"end":{"line":44,"column":25}},"loc":{"start":{"line":44,"column":28},"end":{"line":99,"column":3}}},"2":{"name":"(anonymous_2)","decl":{"start":{"line":86,"column":20},"end":{"line":86,"column":21}},"loc":{"start":{"line":86,"column":38},"end":{"line":88,"column":9}}},"3":{"name":"(anonymous_3)","decl":{"start":{"line":91,"column":11},"end":{"line":91,"column":12}},"loc":{"start":{"line":91,"column":60},"end":{"line":94,"column":7}}},"4":{"name":"(anonymous_4)","decl":{"start":{"line":101,"column":16},"end":{"line":101,"column":38}},"loc":{"start":{"line":101,"column":41},"end":{"line":103,"column":3}}},"5":{"name":"(anonymous_5)","decl":{"start":{"line":105,"column":23},"end":{"line":105,"column":25}},"loc":{"start":{"line":105,"column":28},"end":{"line":107,"column":3}}},"6":{"name":"(anonymous_6)","decl":{"start":{"line":115,"column":15},"end":{"line":115,"column":17}},"loc":{"start":{"line":115,"column":20},"end":{"line":117,"column":3}}},"7":{"name":"(anonymous_7)","decl":{"start":{"line":119,"column":26},"end":{"line":119,"column":28}},"loc":{"start":{"line":119,"column":31},"end":{"line":121,"column":3}}}},"branchMap":{},"s":{"0":1,"1":1,"2":1,"3":1,"4":1,"5":1,"6":1,"7":1,"8":1,"9":1,"10":1,"11":1,"12":1,"13":0,"14":0,"15":0,"16":0,"17":0,"18":0,"19":0,"20":0,"21":0,"22":0,"23":1,"24":0,"25":1,"26":0,"27":1,"28":4,"29":1,"30":4,"31":1,"32":1,"33":1},"f":{"0":1,"1":0,"2":0,"3":0,"4":0,"5":0,"6":4,"7":4},"b":{}}
,"/Users/c017188/Desktop/temp/react_unit/simple_server_shop/src/server/com/socket.ts": {"path":"/Users/c017188/Desktop/temp/react_unit/simple_server_shop/src/server/com/socket.ts","statementMap":{"0":{"start":{"line":2,"column":0},"end":{"line":2,"column":41}},"1":{"start":{"line":3,"column":0},"end":{"line":3,"column":40}},"2":{"start":{"line":5,"column":0},"end":{"line":5,"column":37}},"3":{"start":{"line":6,"column":0},"end":{"line":6,"column":39}},"4":{"start":{"line":42,"column":9},"end":{"line":45,"column":3}},"5":{"start":{"line":43,"column":16},"end":{"line":43,"column":34}},"6":{"start":{"line":44,"column":4},"end":{"line":44,"column":25}},"7":{"start":{"line":47,"column":9},"end":{"line":50,"column":3}},"8":{"start":{"line":48,"column":16},"end":{"line":48,"column":34}},"9":{"start":{"line":49,"column":4},"end":{"line":49,"column":32}},"10":{"start":{"line":52,"column":9},"end":{"line":60,"column":3}},"11":{"start":{"line":53,"column":4},"end":{"line":59,"column":7}},"12":{"start":{"line":55,"column":6},"end":{"line":58,"column":9}},"13":{"start":{"line":57,"column":8},"end":{"line":57,"column":34}},"14":{"start":{"line":21,"column":4},"end":{"line":21,"column":38}},"15":{"start":{"line":23,"column":22},"end":{"line":23,"column":34}},"16":{"start":{"line":24,"column":4},"end":{"line":24,"column":55}},"17":{"start":{"line":26,"column":4},"end":{"line":29,"column":7}},"18":{"start":{"line":27,"column":6},"end":{"line":27,"column":65}},"19":{"start":{"line":28,"column":6},"end":{"line":28,"column":30}},"20":{"start":{"line":31,"column":21},"end":{"line":31,"column":26}},"21":{"start":{"line":32,"column":4},"end":{"line":32,"column":53}},"22":{"start":{"line":34,"column":4},"end":{"line":37,"column":7}},"23":{"start":{"line":35,"column":6},"end":{"line":35,"column":62}},"24":{"start":{"line":36,"column":6},"end":{"line":36,"column":30}},"25":{"start":{"line":39,"column":4},"end":{"line":39,"column":16}},"26":{"start":{"line":10,"column":0},"end":{"line":62,"column":1}}},"fnMap":{"0":{"name":"(anonymous_0)","decl":{"start":{"line":20,"column":2},"end":{"line":20,"column":13}},"loc":{"start":{"line":20,"column":41},"end":{"line":40,"column":3}}},"1":{"name":"(anonymous_1)","decl":{"start":{"line":42,"column":25},"end":{"line":42,"column":26}},"loc":{"start":{"line":42,"column":61},"end":{"line":45,"column":3}}},"2":{"name":"(anonymous_2)","decl":{"start":{"line":47,"column":25},"end":{"line":47,"column":26}},"loc":{"start":{"line":47,"column":72},"end":{"line":50,"column":3}}},"3":{"name":"(anonymous_3)","decl":{"start":{"line":52,"column":15},"end":{"line":52,"column":16}},"loc":{"start":{"line":52,"column":53},"end":{"line":60,"column":3}}},"4":{"name":"(anonymous_4)","decl":{"start":{"line":53,"column":30},"end":{"line":53,"column":31}},"loc":{"start":{"line":53,"column":46},"end":{"line":59,"column":5}}},"5":{"name":"(anonymous_5)","decl":{"start":{"line":55,"column":21},"end":{"line":55,"column":22}},"loc":{"start":{"line":55,"column":35},"end":{"line":58,"column":7}}},"6":{"name":"(anonymous_6)","decl":{"start":{"line":26,"column":38},"end":{"line":26,"column":40}},"loc":{"start":{"line":26,"column":43},"end":{"line":29,"column":5}}},"7":{"name":"(anonymous_7)","decl":{"start":{"line":34,"column":34},"end":{"line":34,"column":36}},"loc":{"start":{"line":34,"column":39},"end":{"line":37,"column":5}}}},"branchMap":{},"s":{"0":1,"1":1,"2":1,"3":1,"4":1,"5":0,"6":0,"7":1,"8":0,"9":0,"10":1,"11":0,"12":0,"13":0,"14":1,"15":1,"16":1,"17":1,"18":0,"19":0,"20":1,"21":1,"22":1,"23":0,"24":0,"25":1,"26":1},"f":{"0":1,"1":0,"2":0,"3":0,"4":0,"5":0,"6":0,"7":0},"b":{}}
,"/Users/c017188/Desktop/temp/react_unit/simple_server_shop/src/server/config/connect.cnf.ts": {"path":"/Users/c017188/Desktop/temp/react_unit/simple_server_shop/src/server/config/connect.cnf.ts","statementMap":{"0":{"start":{"line":2,"column":0},"end":{"line":2,"column":31}},"1":{"start":{"line":3,"column":0},"end":{"line":3,"column":28}},"2":{"start":{"line":5,"column":0},"end":{"line":54,"column":1}}},"fnMap":{},"branchMap":{},"s":{"0":1,"1":1,"2":1},"f":{},"b":{}}
,"/Users/c017188/Desktop/temp/react_unit/simple_server_shop/src/server/controllers/accountController.ts": {"path":"/Users/c017188/Desktop/temp/react_unit/simple_server_shop/src/server/controllers/accountController.ts","statementMap":{"0":{"start":{"line":8,"column":0},"end":{"line":8,"column":28}},"1":{"start":{"line":9,"column":0},"end":{"line":9,"column":26}},"2":{"start":{"line":10,"column":0},"end":{"line":10,"column":40}},"3":{"start":{"line":37,"column":11},"end":{"line":46,"column":5}},"4":{"start":{"line":38,"column":6},"end":{"line":38,"column":32}},"5":{"start":{"line":42,"column":6},"end":{"line":42,"column":50}},"6":{"start":{"line":43,"column":6},"end":{"line":43,"column":45}},"7":{"start":{"line":44,"column":6},"end":{"line":44,"column":62}},"8":{"start":{"line":45,"column":6},"end":{"line":45,"column":16}},"9":{"start":{"line":48,"column":11},"end":{"line":97,"column":5}},"10":{"start":{"line":49,"column":6},"end":{"line":49,"column":40}},"11":{"start":{"line":50,"column":6},"end":{"line":50,"column":48}},"12":{"start":{"line":51,"column":17},"end":{"line":51,"column":86}},"13":{"start":{"line":53,"column":19},"end":{"line":53,"column":21}},"14":{"start":{"line":54,"column":21},"end":{"line":54,"column":57}},"15":{"start":{"line":56,"column":26},"end":{"line":61,"column":7}},"16":{"start":{"line":63,"column":6},"end":{"line":63,"column":27}},"17":{"start":{"line":65,"column":6},"end":{"line":75,"column":7}},"18":{"start":{"line":67,"column":10},"end":{"line":67,"column":44}},"19":{"start":{"line":68,"column":10},"end":{"line":68,"column":30}},"20":{"start":{"line":69,"column":10},"end":{"line":69,"column":16}},"21":{"start":{"line":71,"column":10},"end":{"line":71,"column":43}},"22":{"start":{"line":72,"column":10},"end":{"line":72,"column":30}},"23":{"start":{"line":73,"column":10},"end":{"line":73,"column":16}},"24":{"start":{"line":77,"column":6},"end":{"line":82,"column":7}},"25":{"start":{"line":78,"column":8},"end":{"line":78,"column":33}},"26":{"start":{"line":79,"column":8},"end":{"line":79,"column":42}},"27":{"start":{"line":80,"column":8},"end":{"line":80,"column":39}},"28":{"start":{"line":81,"column":8},"end":{"line":81,"column":84}},"29":{"start":{"line":84,"column":18},"end":{"line":89,"column":7}},"30":{"start":{"line":92,"column":6},"end":{"line":92,"column":50}},"31":{"start":{"line":93,"column":6},"end":{"line":93,"column":45}},"32":{"start":{"line":94,"column":6},"end":{"line":94,"column":39}},"33":{"start":{"line":95,"column":6},"end":{"line":95,"column":16}},"34":{"start":{"line":99,"column":12},"end":{"line":133,"column":5}},"35":{"start":{"line":100,"column":34},"end":{"line":100,"column":54}},"36":{"start":{"line":101,"column":6},"end":{"line":126,"column":7}},"37":{"start":{"line":103,"column":41},"end":{"line":103,"column":43}},"38":{"start":{"line":104,"column":26},"end":{"line":104,"column":28}},"39":{"start":{"line":105,"column":26},"end":{"line":105,"column":28}},"40":{"start":{"line":107,"column":8},"end":{"line":120,"column":9}},"41":{"start":{"line":108,"column":33},"end":{"line":108,"column":43}},"42":{"start":{"line":109,"column":10},"end":{"line":118,"column":11}},"43":{"start":{"line":111,"column":12},"end":{"line":111,"column":43}},"44":{"start":{"line":113,"column":12},"end":{"line":113,"column":59}},"45":{"start":{"line":114,"column":12},"end":{"line":114,"column":56}},"46":{"start":{"line":117,"column":12},"end":{"line":117,"column":43}},"47":{"start":{"line":121,"column":8},"end":{"line":125,"column":10}},"48":{"start":{"line":127,"column":6},"end":{"line":131,"column":8}},"49":{"start":{"line":30,"column":4},"end":{"line":30,"column":29}},"50":{"start":{"line":32,"column":4},"end":{"line":32,"column":60}},"51":{"start":{"line":33,"column":4},"end":{"line":33,"column":62}},"52":{"start":{"line":20,"column":0},"end":{"line":134,"column":1}}},"fnMap":{"0":{"name":"(anonymous_0)","decl":{"start":{"line":29,"column":2},"end":{"line":29,"column":13}},"loc":{"start":{"line":29,"column":30},"end":{"line":34,"column":3}}},"1":{"name":"(anonymous_1)","decl":{"start":{"line":37,"column":19},"end":{"line":37,"column":20}},"loc":{"start":{"line":37,"column":50},"end":{"line":46,"column":5}}},"2":{"name":"(anonymous_2)","decl":{"start":{"line":48,"column":19},"end":{"line":48,"column":20}},"loc":{"start":{"line":48,"column":64},"end":{"line":97,"column":5}}},"3":{"name":"(anonymous_3)","decl":{"start":{"line":99,"column":26},"end":{"line":99,"column":27}},"loc":{"start":{"line":99,"column":41},"end":{"line":133,"column":5}}}},"branchMap":{"0":{"loc":{"start":{"line":51,"column":55},"end":{"line":51,"column":73}},"type":"cond-expr","locations":[{"start":{"line":51,"column":55},"end":{"line":51,"column":73}},{"start":{"line":51,"column":76},"end":{"line":51,"column":86}}]},"1":{"loc":{"start":{"line":51,"column":17},"end":{"line":51,"column":30}},"type":"binary-expr","locations":[{"start":{"line":51,"column":17},"end":{"line":51,"column":30}},{"start":{"line":51,"column":34},"end":{"line":51,"column":52}}]},"2":{"loc":{"start":{"line":66,"column":8},"end":{"line":69,"column":16}},"type":"switch","locations":[{"start":{"line":66,"column":8},"end":{"line":69,"column":16}},{"start":{"line":70,"column":8},"end":{"line":73,"column":16}},{"start":{"line":74,"column":8},"end":{"line":74,"column":16}}]},"3":{"loc":{"start":{"line":77,"column":6},"end":{"line":82,"column":7}},"type":"if","locations":[{"start":{"line":77,"column":6},"end":{"line":82,"column":7}},{"start":{"line":77,"column":6},"end":{"line":82,"column":7}}]},"4":{"loc":{"start":{"line":101,"column":6},"end":{"line":126,"column":7}},"type":"if","locations":[{"start":{"line":101,"column":6},"end":{"line":126,"column":7}},{"start":{"line":101,"column":6},"end":{"line":126,"column":7}}]},"5":{"loc":{"start":{"line":109,"column":10},"end":{"line":118,"column":11}},"type":"if","locations":[{"start":{"line":109,"column":10},"end":{"line":118,"column":11}},{"start":{"line":109,"column":10},"end":{"line":118,"column":11}}]},"6":{"loc":{"start":{"line":109,"column":15},"end":{"line":109,"column":25}},"type":"binary-expr","locations":[{"start":{"line":109,"column":15},"end":{"line":109,"column":25}},{"start":{"line":109,"column":29},"end":{"line":109,"column":44}}]},"7":{"loc":{"start":{"line":32,"column":28},"end":{"line":32,"column":52}},"type":"cond-expr","locations":[{"start":{"line":32,"column":28},"end":{"line":32,"column":52}},{"start":{"line":32,"column":55},"end":{"line":32,"column":59}}]}},"s":{"0":1,"1":1,"2":1,"3":2,"4":0,"5":0,"6":0,"7":0,"8":0,"9":2,"10":1,"11":1,"12":1,"13":1,"14":1,"15":1,"16":1,"17":1,"18":1,"19":1,"20":1,"21":0,"22":0,"23":0,"24":1,"25":1,"26":1,"27":1,"28":1,"29":1,"30":1,"31":1,"32":1,"33":1,"34":2,"35":1,"36":1,"37":1,"38":1,"39":1,"40":1,"41":8,"42":8,"43":3,"44":3,"45":3,"46":3,"47":1,"48":0,"49":2,"50":2,"51":2,"52":1},"f":{"0":2,"1":0,"2":1,"3":1},"b":{"0":[0,1],"1":[1,0],"2":[1,0,0],"3":[1,0],"4":[1,0],"5":[3,5],"6":[8,7],"7":[2,0]}}
,"/Users/c017188/Desktop/temp/react_unit/simple_server_shop/src/server/controllers/appController.ts": {"path":"/Users/c017188/Desktop/temp/react_unit/simple_server_shop/src/server/controllers/appController.ts","statementMap":{"0":{"start":{"line":4,"column":0},"end":{"line":4,"column":36}},"1":{"start":{"line":6,"column":0},"end":{"line":6,"column":40}},"2":{"start":{"line":7,"column":0},"end":{"line":7,"column":40}},"3":{"start":{"line":24,"column":9},"end":{"line":26,"column":3}},"4":{"start":{"line":25,"column":4},"end":{"line":25,"column":39}},"5":{"start":{"line":28,"column":9},"end":{"line":42,"column":3}},"6":{"start":{"line":29,"column":4},"end":{"line":29,"column":50}},"7":{"start":{"line":30,"column":4},"end":{"line":30,"column":43}},"8":{"start":{"line":31,"column":4},"end":{"line":31,"column":22}},"9":{"start":{"line":33,"column":4},"end":{"line":41,"column":5}},"10":{"start":{"line":36,"column":8},"end":{"line":36,"column":81}},"11":{"start":{"line":37,"column":8},"end":{"line":37,"column":14}},"12":{"start":{"line":39,"column":8},"end":{"line":39,"column":46}},"13":{"start":{"line":40,"column":8},"end":{"line":40,"column":14}},"14":{"start":{"line":44,"column":9},"end":{"line":46,"column":3}},"15":{"start":{"line":45,"column":4},"end":{"line":45,"column":21}},"16":{"start":{"line":48,"column":9},"end":{"line":53,"column":3}},"17":{"start":{"line":49,"column":4},"end":{"line":49,"column":29}},"18":{"start":{"line":50,"column":15},"end":{"line":50,"column":40}},"19":{"start":{"line":20,"column":4},"end":{"line":20,"column":60}},"20":{"start":{"line":21,"column":4},"end":{"line":21,"column":30}},"21":{"start":{"line":9,"column":0},"end":{"line":55,"column":1}}},"fnMap":{"0":{"name":"(anonymous_0)","decl":{"start":{"line":18,"column":2},"end":{"line":18,"column":13}},"loc":{"start":{"line":18,"column":31},"end":{"line":22,"column":3}}},"1":{"name":"(anonymous_1)","decl":{"start":{"line":24,"column":19},"end":{"line":24,"column":21}},"loc":{"start":{"line":24,"column":24},"end":{"line":26,"column":3}}},"2":{"name":"(anonymous_2)","decl":{"start":{"line":28,"column":18},"end":{"line":28,"column":19}},"loc":{"start":{"line":28,"column":43},"end":{"line":42,"column":3}}},"3":{"name":"(anonymous_3)","decl":{"start":{"line":44,"column":18},"end":{"line":44,"column":19}},"loc":{"start":{"line":44,"column":49},"end":{"line":46,"column":3}}},"4":{"name":"(anonymous_4)","decl":{"start":{"line":48,"column":23},"end":{"line":48,"column":24}},"loc":{"start":{"line":48,"column":54},"end":{"line":53,"column":3}}}},"branchMap":{"0":{"loc":{"start":{"line":35,"column":6},"end":{"line":37,"column":14}},"type":"switch","locations":[{"start":{"line":35,"column":6},"end":{"line":37,"column":14}},{"start":{"line":38,"column":6},"end":{"line":40,"column":14}}]},"1":{"loc":{"start":{"line":20,"column":28},"end":{"line":20,"column":52}},"type":"cond-expr","locations":[{"start":{"line":20,"column":28},"end":{"line":20,"column":52}},{"start":{"line":20,"column":55},"end":{"line":20,"column":59}}]}},"s":{"0":1,"1":1,"2":1,"3":1,"4":0,"5":1,"6":0,"7":0,"8":0,"9":0,"10":0,"11":0,"12":0,"13":0,"14":1,"15":0,"16":1,"17":0,"18":0,"19":1,"20":1,"21":1},"f":{"0":1,"1":0,"2":0,"3":0,"4":0},"b":{"0":[0,0],"1":[1,0]}}
,"/Users/c017188/Desktop/temp/react_unit/simple_server_shop/src/server/controllers/cmsController.ts": {"path":"/Users/c017188/Desktop/temp/react_unit/simple_server_shop/src/server/controllers/cmsController.ts","statementMap":{"0":{"start":{"line":4,"column":0},"end":{"line":4,"column":28}},"1":{"start":{"line":5,"column":0},"end":{"line":5,"column":26}},"2":{"start":{"line":6,"column":0},"end":{"line":6,"column":27}},"3":{"start":{"line":7,"column":0},"end":{"line":7,"column":26}},"4":{"start":{"line":8,"column":0},"end":{"line":8,"column":29}},"5":{"start":{"line":9,"column":0},"end":{"line":9,"column":40}},"6":{"start":{"line":48,"column":9},"end":{"line":53,"column":3}},"7":{"start":{"line":49,"column":4},"end":{"line":49,"column":38}},"8":{"start":{"line":50,"column":4},"end":{"line":50,"column":49}},"9":{"start":{"line":51,"column":4},"end":{"line":51,"column":56}},"10":{"start":{"line":52,"column":4},"end":{"line":52,"column":36}},"11":{"start":{"line":56,"column":9},"end":{"line":93,"column":3}},"12":{"start":{"line":57,"column":36},"end":{"line":57,"column":63}},"13":{"start":{"line":58,"column":19},"end":{"line":58,"column":55}},"14":{"start":{"line":63,"column":4},"end":{"line":90,"column":5}},"15":{"start":{"line":65,"column":6},"end":{"line":65,"column":39}},"16":{"start":{"line":66,"column":6},"end":{"line":66,"column":52}},"17":{"start":{"line":67,"column":6},"end":{"line":67,"column":46}},"18":{"start":{"line":69,"column":17},"end":{"line":69,"column":53}},"19":{"start":{"line":70,"column":6},"end":{"line":70,"column":43}},"20":{"start":{"line":71,"column":6},"end":{"line":71,"column":45}},"21":{"start":{"line":72,"column":6},"end":{"line":72,"column":22}},"22":{"start":{"line":73,"column":6},"end":{"line":73,"column":23}},"23":{"start":{"line":75,"column":10},"end":{"line":90,"column":5}},"24":{"start":{"line":76,"column":17},"end":{"line":76,"column":42}},"25":{"start":{"line":78,"column":6},"end":{"line":78,"column":38}},"26":{"start":{"line":79,"column":6},"end":{"line":87,"column":9}},"27":{"start":{"line":80,"column":8},"end":{"line":85,"column":9}},"28":{"start":{"line":81,"column":10},"end":{"line":81,"column":54}},"29":{"start":{"line":82,"column":10},"end":{"line":82,"column":49}},"30":{"start":{"line":83,"column":10},"end":{"line":83,"column":42}},"31":{"start":{"line":84,"column":10},"end":{"line":84,"column":27}},"32":{"start":{"line":86,"column":8},"end":{"line":86,"column":34}},"33":{"start":{"line":89,"column":6},"end":{"line":89,"column":83}},"34":{"start":{"line":95,"column":10},"end":{"line":99,"column":3}},"35":{"start":{"line":96,"column":4},"end":{"line":96,"column":53}},"36":{"start":{"line":97,"column":4},"end":{"line":97,"column":32}},"37":{"start":{"line":98,"column":4},"end":{"line":98,"column":14}},"38":{"start":{"line":101,"column":10},"end":{"line":136,"column":3}},"39":{"start":{"line":102,"column":19},"end":{"line":102,"column":61}},"40":{"start":{"line":104,"column":4},"end":{"line":134,"column":7}},"41":{"start":{"line":106,"column":8},"end":{"line":133,"column":9}},"42":{"start":{"line":107,"column":10},"end":{"line":107,"column":36}},"43":{"start":{"line":110,"column":23},"end":{"line":110,"column":54}},"44":{"start":{"line":111,"column":22},"end":{"line":111,"column":42}},"45":{"start":{"line":112,"column":22},"end":{"line":112,"column":53}},"46":{"start":{"line":113,"column":21},"end":{"line":113,"column":81}},"47":{"start":{"line":114,"column":23},"end":{"line":114,"column":47}},"48":{"start":{"line":118,"column":10},"end":{"line":126,"column":11}},"49":{"start":{"line":120,"column":14},"end":{"line":120,"column":34}},"50":{"start":{"line":121,"column":12},"end":{"line":121,"column":18}},"51":{"start":{"line":123,"column":12},"end":{"line":125,"column":13}},"52":{"start":{"line":124,"column":14},"end":{"line":124,"column":41}},"53":{"start":{"line":127,"column":10},"end":{"line":127,"column":29}},"54":{"start":{"line":129,"column":10},"end":{"line":129,"column":84}},"55":{"start":{"line":130,"column":10},"end":{"line":130,"column":26}},"56":{"start":{"line":131,"column":10},"end":{"line":131,"column":27}},"57":{"start":{"line":26,"column":4},"end":{"line":26,"column":25}},"58":{"start":{"line":28,"column":4},"end":{"line":28,"column":62}},"59":{"start":{"line":30,"column":4},"end":{"line":30,"column":29}},"60":{"start":{"line":34,"column":4},"end":{"line":34,"column":57}},"61":{"start":{"line":35,"column":4},"end":{"line":35,"column":38}},"62":{"start":{"line":36,"column":4},"end":{"line":36,"column":41}},"63":{"start":{"line":39,"column":4},"end":{"line":44,"column":5}},"64":{"start":{"line":12,"column":0},"end":{"line":137,"column":1}}},"fnMap":{"0":{"name":"(anonymous_0)","decl":{"start":{"line":24,"column":2},"end":{"line":24,"column":13}},"loc":{"start":{"line":24,"column":25},"end":{"line":46,"column":3}}},"1":{"name":"(anonymous_1)","decl":{"start":{"line":48,"column":16},"end":{"line":48,"column":17}},"loc":{"start":{"line":48,"column":47},"end":{"line":53,"column":3}}},"2":{"name":"(anonymous_2)","decl":{"start":{"line":56,"column":16},"end":{"line":56,"column":17}},"loc":{"start":{"line":56,"column":47},"end":{"line":93,"column":3}}},"3":{"name":"(anonymous_3)","decl":{"start":{"line":79,"column":20},"end":{"line":79,"column":21}},"loc":{"start":{"line":79,"column":41},"end":{"line":87,"column":7}}},"4":{"name":"(anonymous_4)","decl":{"start":{"line":95,"column":21},"end":{"line":95,"column":22}},"loc":{"start":{"line":95,"column":38},"end":{"line":99,"column":3}}},"5":{"name":"(anonymous_5)","decl":{"start":{"line":101,"column":31},"end":{"line":101,"column":32}},"loc":{"start":{"line":101,"column":62},"end":{"line":136,"column":3}}},"6":{"name":"(anonymous_6)","decl":{"start":{"line":104,"column":20},"end":{"line":104,"column":21}},"loc":{"start":{"line":104,"column":34},"end":{"line":134,"column":5}}}},"branchMap":{"0":{"loc":{"start":{"line":63,"column":4},"end":{"line":90,"column":5}},"type":"if","locations":[{"start":{"line":63,"column":4},"end":{"line":90,"column":5}},{"start":{"line":63,"column":4},"end":{"line":90,"column":5}}]},"1":{"loc":{"start":{"line":75,"column":10},"end":{"line":90,"column":5}},"type":"if","locations":[{"start":{"line":75,"column":10},"end":{"line":90,"column":5}},{"start":{"line":75,"column":10},"end":{"line":90,"column":5}}]},"2":{"loc":{"start":{"line":80,"column":8},"end":{"line":85,"column":9}},"type":"if","locations":[{"start":{"line":80,"column":8},"end":{"line":85,"column":9}},{"start":{"line":80,"column":8},"end":{"line":85,"column":9}}]},"3":{"loc":{"start":{"line":89,"column":24},"end":{"line":89,"column":61}},"type":"cond-expr","locations":[{"start":{"line":89,"column":24},"end":{"line":89,"column":61}},{"start":{"line":89,"column":64},"end":{"line":89,"column":82}}]},"4":{"loc":{"start":{"line":106,"column":8},"end":{"line":133,"column":9}},"type":"if","locations":[{"start":{"line":106,"column":8},"end":{"line":133,"column":9}},{"start":{"line":106,"column":8},"end":{"line":133,"column":9}}]},"5":{"loc":{"start":{"line":112,"column":30},"end":{"line":112,"column":49}},"type":"cond-expr","locations":[{"start":{"line":112,"column":30},"end":{"line":112,"column":49}},{"start":{"line":112,"column":51},"end":{"line":112,"column":53}}]},"6":{"loc":{"start":{"line":113,"column":49},"end":{"line":113,"column":76}},"type":"cond-expr","locations":[{"start":{"line":113,"column":49},"end":{"line":113,"column":76}},{"start":{"line":113,"column":79},"end":{"line":113,"column":81}}]},"7":{"loc":{"start":{"line":113,"column":21},"end":{"line":113,"column":26}},"type":"binary-expr","locations":[{"start":{"line":113,"column":21},"end":{"line":113,"column":26}},{"start":{"line":113,"column":30},"end":{"line":113,"column":46}}]},"8":{"loc":{"start":{"line":119,"column":12},"end":{"line":121,"column":18}},"type":"switch","locations":[{"start":{"line":119,"column":12},"end":{"line":121,"column":18}},{"start":{"line":122,"column":12},"end":{"line":125,"column":13}}]},"9":{"loc":{"start":{"line":123,"column":12},"end":{"line":125,"column":13}},"type":"if","locations":[{"start":{"line":123,"column":12},"end":{"line":125,"column":13}},{"start":{"line":123,"column":12},"end":{"line":125,"column":13}}]}},"s":{"0":1,"1":1,"2":1,"3":1,"4":1,"5":1,"6":1,"7":0,"8":0,"9":0,"10":0,"11":1,"12":0,"13":0,"14":0,"15":0,"16":0,"17":0,"18":0,"19":0,"20":0,"21":0,"22":0,"23":0,"24":0,"25":0,"26":0,"27":0,"28":0,"29":0,"30":0,"31":0,"32":0,"33":0,"34":1,"35":0,"36":0,"37":0,"38":1,"39":0,"40":0,"41":0,"42":0,"43":0,"44":0,"45":0,"46":0,"47":0,"48":0,"49":0,"50":0,"51":0,"52":0,"53":0,"54":0,"55":0,"56":0,"57":1,"58":1,"59":1,"60":1,"61":1,"62":1,"63":1,"64":1},"f":{"0":1,"1":0,"2":0,"3":0,"4":0,"5":0,"6":0},"b":{"0":[0,0],"1":[0,0],"2":[0,0],"3":[0,0],"4":[0,0],"5":[0,0],"6":[0,0],"7":[0,0],"8":[0,0],"9":[0,0]}}
,"/Users/c017188/Desktop/temp/react_unit/simple_server_shop/src/server/db/db_connect.ts": {"path":"/Users/c017188/Desktop/temp/react_unit/simple_server_shop/src/server/db/db_connect.ts","statementMap":{"0":{"start":{"line":3,"column":0},"end":{"line":3,"column":36}},"1":{"start":{"line":6,"column":0},"end":{"line":6,"column":39}},"2":{"start":{"line":15,"column":10},"end":{"line":15,"column":30}},"3":{"start":{"line":26,"column":9},"end":{"line":38,"column":3}},"4":{"start":{"line":27,"column":4},"end":{"line":27,"column":47}},"5":{"start":{"line":27,"column":24},"end":{"line":27,"column":47}},"6":{"start":{"line":29,"column":25},"end":{"line":29,"column":44}},"7":{"start":{"line":30,"column":4},"end":{"line":36,"column":7}},"8":{"start":{"line":31,"column":6},"end":{"line":35,"column":7}},"9":{"start":{"line":32,"column":8},"end":{"line":32,"column":55}},"10":{"start":{"line":33,"column":8},"end":{"line":33,"column":27}},"11":{"start":{"line":34,"column":8},"end":{"line":34,"column":21}},"12":{"start":{"line":37,"column":4},"end":{"line":37,"column":27}},"13":{"start":{"line":40,"column":9},"end":{"line":47,"column":3}},"14":{"start":{"line":41,"column":4},"end":{"line":46,"column":5}},"15":{"start":{"line":42,"column":6},"end":{"line":42,"column":52}},"16":{"start":{"line":43,"column":6},"end":{"line":43,"column":35}},"17":{"start":{"line":45,"column":6},"end":{"line":45,"column":29}},"18":{"start":{"line":22,"column":4},"end":{"line":22,"column":34}},"19":{"start":{"line":23,"column":4},"end":{"line":23,"column":34}},"20":{"start":{"line":10,"column":0},"end":{"line":49,"column":1}},"21":{"start":{"line":50,"column":0},"end":{"line":50,"column":31}}},"fnMap":{"0":{"name":"(anonymous_0)","decl":{"start":{"line":20,"column":2},"end":{"line":null,"column":-1}},"loc":{"start":{"line":20,"column":2},"end":{"line":24,"column":3}}},"1":{"name":"(anonymous_1)","decl":{"start":{"line":26,"column":24},"end":{"line":26,"column":25}},"loc":{"start":{"line":26,"column":45},"end":{"line":38,"column":3}}},"2":{"name":"(anonymous_2)","decl":{"start":{"line":30,"column":62},"end":{"line":30,"column":63}},"loc":{"start":{"line":30,"column":73},"end":{"line":36,"column":5}}},"3":{"name":"(anonymous_3)","decl":{"start":{"line":40,"column":23},"end":{"line":40,"column":29}},"loc":{"start":{"line":40,"column":32},"end":{"line":47,"column":3}}}},"branchMap":{"0":{"loc":{"start":{"line":27,"column":4},"end":{"line":27,"column":47}},"type":"if","locations":[{"start":{"line":27,"column":4},"end":{"line":27,"column":47}},{"start":{"line":27,"column":4},"end":{"line":27,"column":47}}]},"1":{"loc":{"start":{"line":31,"column":6},"end":{"line":35,"column":7}},"type":"if","locations":[{"start":{"line":31,"column":6},"end":{"line":35,"column":7}},{"start":{"line":31,"column":6},"end":{"line":35,"column":7}}]},"2":{"loc":{"start":{"line":41,"column":4},"end":{"line":46,"column":5}},"type":"if","locations":[{"start":{"line":41,"column":4},"end":{"line":46,"column":5}},{"start":{"line":41,"column":4},"end":{"line":46,"column":5}}]}},"s":{"0":1,"1":1,"2":1,"3":1,"4":0,"5":0,"6":0,"7":0,"8":0,"9":0,"10":0,"11":0,"12":0,"13":1,"14":0,"15":0,"16":0,"17":0,"18":1,"19":1,"20":1,"21":1},"f":{"0":1,"1":0,"2":0,"3":0},"b":{"0":[0,0],"1":[0,0],"2":[0,0]}}
,"/Users/c017188/Desktop/temp/react_unit/simple_server_shop/src/server/model/cmsModel.ts": {"path":"/Users/c017188/Desktop/temp/react_unit/simple_server_shop/src/server/model/cmsModel.ts","statementMap":{"0":{"start":{"line":2,"column":0},"end":{"line":2,"column":36}},"1":{"start":{"line":4,"column":0},"end":{"line":4,"column":39}},"2":{"start":{"line":5,"column":0},"end":{"line":5,"column":33}},"3":{"start":{"line":7,"column":0},"end":{"line":7,"column":38}},"4":{"start":{"line":10,"column":11},"end":{"line":10,"column":36}},"5":{"start":{"line":11,"column":11},"end":{"line":11,"column":53}},"6":{"start":{"line":12,"column":11},"end":{"line":12,"column":47}},"7":{"start":{"line":18,"column":10},"end":{"line":18,"column":27}},"8":{"start":{"line":20,"column":10},"end":{"line":20,"column":28}},"9":{"start":{"line":22,"column":10},"end":{"line":22,"column":32}},"10":{"start":{"line":173,"column":9},"end":{"line":178,"column":3}},"11":{"start":{"line":174,"column":4},"end":{"line":176,"column":5}},"12":{"start":{"line":175,"column":6},"end":{"line":175,"column":32}},"13":{"start":{"line":177,"column":4},"end":{"line":177,"column":16}},"14":{"start":{"line":180,"column":9},"end":{"line":187,"column":3}},"15":{"start":{"line":181,"column":4},"end":{"line":181,"column":39}},"16":{"start":{"line":181,"column":20},"end":{"line":181,"column":39}},"17":{"start":{"line":182,"column":24},"end":{"line":182,"column":63}},"18":{"start":{"line":183,"column":4},"end":{"line":185,"column":5}},"19":{"start":{"line":184,"column":6},"end":{"line":184,"column":50}},"20":{"start":{"line":186,"column":4},"end":{"line":186,"column":22}},"21":{"start":{"line":189,"column":9},"end":{"line":196,"column":3}},"22":{"start":{"line":190,"column":4},"end":{"line":190,"column":37}},"23":{"start":{"line":190,"column":19},"end":{"line":190,"column":37}},"24":{"start":{"line":191,"column":17},"end":{"line":191,"column":37}},"25":{"start":{"line":192,"column":4},"end":{"line":194,"column":5}},"26":{"start":{"line":193,"column":6},"end":{"line":193,"column":47}},"27":{"start":{"line":195,"column":4},"end":{"line":195,"column":22}},"28":{"start":{"line":198,"column":9},"end":{"line":205,"column":3}},"29":{"start":{"line":199,"column":4},"end":{"line":199,"column":47}},"30":{"start":{"line":199,"column":24},"end":{"line":199,"column":47}},"31":{"start":{"line":200,"column":16},"end":{"line":200,"column":35}},"32":{"start":{"line":201,"column":4},"end":{"line":203,"column":5}},"33":{"start":{"line":202,"column":6},"end":{"line":202,"column":46}},"34":{"start":{"line":204,"column":4},"end":{"line":204,"column":27}},"35":{"start":{"line":207,"column":9},"end":{"line":213,"column":3}},"36":{"start":{"line":208,"column":17},"end":{"line":208,"column":37}},"37":{"start":{"line":209,"column":4},"end":{"line":211,"column":5}},"38":{"start":{"line":210,"column":6},"end":{"line":210,"column":41}},"39":{"start":{"line":212,"column":4},"end":{"line":212,"column":16}},"40":{"start":{"line":216,"column":9},"end":{"line":235,"column":3}},"41":{"start":{"line":217,"column":4},"end":{"line":234,"column":5}},"42":{"start":{"line":219,"column":8},"end":{"line":232,"column":11}},"43":{"start":{"line":220,"column":10},"end":{"line":230,"column":11}},"44":{"start":{"line":221,"column":39},"end":{"line":221,"column":41}},"45":{"start":{"line":222,"column":12},"end":{"line":228,"column":15}},"46":{"start":{"line":223,"column":14},"end":{"line":223,"column":44}},"47":{"start":{"line":224,"column":14},"end":{"line":224,"column":49}},"48":{"start":{"line":225,"column":14},"end":{"line":227,"column":17}},"49":{"start":{"line":226,"column":16},"end":{"line":226,"column":40}},"50":{"start":{"line":229,"column":12},"end":{"line":229,"column":36}},"51":{"start":{"line":231,"column":10},"end":{"line":231,"column":30}},"52":{"start":{"line":233,"column":6},"end":{"line":233,"column":12}},"53":{"start":{"line":26,"column":6},"end":{"line":170,"column":7}},"54":{"start":{"line":14,"column":0},"end":{"line":238,"column":1}},"55":{"start":{"line":240,"column":0},"end":{"line":240,"column":30}}},"fnMap":{"0":{"name":"(anonymous_0)","decl":{"start":{"line":24,"column":2},"end":{"line":null,"column":-1}},"loc":{"start":{"line":24,"column":2},"end":{"line":171,"column":3}}},"1":{"name":"(anonymous_1)","decl":{"start":{"line":173,"column":18},"end":{"line":173,"column":19}},"loc":{"start":{"line":173,"column":53},"end":{"line":178,"column":3}}},"2":{"name":"(anonymous_2)","decl":{"start":{"line":180,"column":21},"end":{"line":180,"column":22}},"loc":{"start":{"line":180,"column":46},"end":{"line":187,"column":3}}},"3":{"name":"(anonymous_3)","decl":{"start":{"line":189,"column":20},"end":{"line":189,"column":21}},"loc":{"start":{"line":189,"column":45},"end":{"line":196,"column":3}}},"4":{"name":"(anonymous_4)","decl":{"start":{"line":198,"column":16},"end":{"line":198,"column":17}},"loc":{"start":{"line":198,"column":32},"end":{"line":205,"column":3}}},"5":{"name":"(anonymous_5)","decl":{"start":{"line":207,"column":22},"end":{"line":207,"column":23}},"loc":{"start":{"line":207,"column":38},"end":{"line":213,"column":3}}},"6":{"name":"(anonymous_6)","decl":{"start":{"line":216,"column":21},"end":{"line":216,"column":22}},"loc":{"start":{"line":216,"column":57},"end":{"line":235,"column":3}}},"7":{"name":"(anonymous_7)","decl":{"start":{"line":219,"column":37},"end":{"line":219,"column":38}},"loc":{"start":{"line":219,"column":62},"end":{"line":232,"column":9}}},"8":{"name":"(anonymous_8)","decl":{"start":{"line":222,"column":29},"end":{"line":222,"column":30}},"loc":{"start":{"line":222,"column":43},"end":{"line":228,"column":13}}},"9":{"name":"(anonymous_9)","decl":{"start":{"line":225,"column":37},"end":{"line":225,"column":38}},"loc":{"start":{"line":225,"column":51},"end":{"line":227,"column":15}}}},"branchMap":{"0":{"loc":{"start":{"line":174,"column":4},"end":{"line":176,"column":5}},"type":"if","locations":[{"start":{"line":174,"column":4},"end":{"line":176,"column":5}},{"start":{"line":174,"column":4},"end":{"line":176,"column":5}}]},"1":{"loc":{"start":{"line":181,"column":4},"end":{"line":181,"column":39}},"type":"if","locations":[{"start":{"line":181,"column":4},"end":{"line":181,"column":39}},{"start":{"line":181,"column":4},"end":{"line":181,"column":39}}]},"2":{"loc":{"start":{"line":182,"column":38},"end":{"line":182,"column":56}},"type":"cond-expr","locations":[{"start":{"line":182,"column":38},"end":{"line":182,"column":56}},{"start":{"line":182,"column":59},"end":{"line":182,"column":63}}]},"3":{"loc":{"start":{"line":183,"column":4},"end":{"line":185,"column":5}},"type":"if","locations":[{"start":{"line":183,"column":4},"end":{"line":185,"column":5}},{"start":{"line":183,"column":4},"end":{"line":185,"column":5}}]},"4":{"loc":{"start":{"line":190,"column":4},"end":{"line":190,"column":37}},"type":"if","locations":[{"start":{"line":190,"column":4},"end":{"line":190,"column":37}},{"start":{"line":190,"column":4},"end":{"line":190,"column":37}}]},"5":{"loc":{"start":{"line":192,"column":4},"end":{"line":194,"column":5}},"type":"if","locations":[{"start":{"line":192,"column":4},"end":{"line":194,"column":5}},{"start":{"line":192,"column":4},"end":{"line":194,"column":5}}]},"6":{"loc":{"start":{"line":199,"column":4},"end":{"line":199,"column":47}},"type":"if","locations":[{"start":{"line":199,"column":4},"end":{"line":199,"column":47}},{"start":{"line":199,"column":4},"end":{"line":199,"column":47}}]},"7":{"loc":{"start":{"line":201,"column":4},"end":{"line":203,"column":5}},"type":"if","locations":[{"start":{"line":201,"column":4},"end":{"line":203,"column":5}},{"start":{"line":201,"column":4},"end":{"line":203,"column":5}}]},"8":{"loc":{"start":{"line":209,"column":4},"end":{"line":211,"column":5}},"type":"if","locations":[{"start":{"line":209,"column":4},"end":{"line":211,"column":5}},{"start":{"line":209,"column":4},"end":{"line":211,"column":5}}]},"9":{"loc":{"start":{"line":218,"column":6},"end":{"line":233,"column":12}},"type":"switch","locations":[{"start":{"line":218,"column":6},"end":{"line":233,"column":12}}]},"10":{"loc":{"start":{"line":220,"column":10},"end":{"line":230,"column":11}},"type":"if","locations":[{"start":{"line":220,"column":10},"end":{"line":230,"column":11}},{"start":{"line":220,"column":10},"end":{"line":230,"column":11}}]}},"s":{"0":1,"1":1,"2":1,"3":1,"4":1,"5":1,"6":1,"7":1,"8":1,"9":1,"10":1,"11":2,"12":2,"13":0,"14":1,"15":0,"16":0,"17":0,"18":0,"19":0,"20":0,"21":1,"22":0,"23":0,"24":0,"25":0,"26":0,"27":0,"28":1,"29":0,"30":0,"31":0,"32":0,"33":0,"34":0,"35":1,"36":0,"37":0,"38":0,"39":0,"40":1,"41":0,"42":0,"43":0,"44":0,"45":0,"46":0,"47":0,"48":0,"49":0,"50":0,"51":0,"52":0,"53":1,"54":1,"55":1},"f":{"0":1,"1":2,"2":0,"3":0,"4":0,"5":0,"6":0,"7":0,"8":0,"9":0},"b":{"0":[2,0],"1":[0,0],"2":[0,0],"3":[0,0],"4":[0,0],"5":[0,0],"6":[0,0],"7":[0,0],"8":[0,0],"9":[0],"10":[0,0]}}
,"/Users/c017188/Desktop/temp/react_unit/simple_server_shop/src/server/model/repository.ts": {"path":"/Users/c017188/Desktop/temp/react_unit/simple_server_shop/src/server/model/repository.ts","statementMap":{"0":{"start":{"line":1,"column":0},"end":{"line":1,"column":36}},"1":{"start":{"line":2,"column":11},"end":{"line":2,"column":36}},"2":{"start":{"line":3,"column":11},"end":{"line":3,"column":53}},"3":{"start":{"line":4,"column":11},"end":{"line":4,"column":47}},"4":{"start":{"line":15,"column":9},"end":{"line":17,"column":3}},"5":{"start":{"line":16,"column":4},"end":{"line":16,"column":39}},"6":{"start":{"line":19,"column":9},"end":{"line":21,"column":3}},"7":{"start":{"line":20,"column":4},"end":{"line":20,"column":42}},"8":{"start":{"line":23,"column":9},"end":{"line":25,"column":3}},"9":{"start":{"line":24,"column":4},"end":{"line":24,"column":53}},"10":{"start":{"line":27,"column":9},"end":{"line":29,"column":3}},"11":{"start":{"line":28,"column":4},"end":{"line":28,"column":84}},"12":{"start":{"line":28,"column":63},"end":{"line":28,"column":82}},"13":{"start":{"line":31,"column":9},"end":{"line":33,"column":3}},"14":{"start":{"line":32,"column":4},"end":{"line":32,"column":47}},"15":{"start":{"line":35,"column":9},"end":{"line":37,"column":3}},"16":{"start":{"line":36,"column":4},"end":{"line":36,"column":53}},"17":{"start":{"line":39,"column":9},"end":{"line":41,"column":3}},"18":{"start":{"line":40,"column":4},"end":{"line":40,"column":48}},"19":{"start":{"line":43,"column":9},"end":{"line":45,"column":3}},"20":{"start":{"line":44,"column":4},"end":{"line":44,"column":45}},"21":{"start":{"line":47,"column":10},"end":{"line":49,"column":3}},"22":{"start":{"line":48,"column":4},"end":{"line":48,"column":60}},"23":{"start":{"line":12,"column":4},"end":{"line":12,"column":24}},"24":{"start":{"line":7,"column":0},"end":{"line":51,"column":1}}},"fnMap":{"0":{"name":"(anonymous_0)","decl":{"start":{"line":11,"column":2},"end":{"line":11,"column":13}},"loc":{"start":{"line":11,"column":53},"end":{"line":13,"column":3}}},"1":{"name":"(anonymous_1)","decl":{"start":{"line":15,"column":18},"end":{"line":15,"column":19}},"loc":{"start":{"line":15,"column":77},"end":{"line":17,"column":3}}},"2":{"name":"(anonymous_2)","decl":{"start":{"line":19,"column":20},"end":{"line":19,"column":21}},"loc":{"start":{"line":19,"column":68},"end":{"line":21,"column":3}}},"3":{"name":"(anonymous_3)","decl":{"start":{"line":23,"column":18},"end":{"line":23,"column":19}},"loc":{"start":{"line":23,"column":107},"end":{"line":25,"column":3}}},"4":{"name":"(anonymous_4)","decl":{"start":{"line":27,"column":18},"end":{"line":27,"column":19}},"loc":{"start":{"line":27,"column":79},"end":{"line":29,"column":3}}},"5":{"name":"(anonymous_5)","decl":{"start":{"line":28,"column":54},"end":{"line":28,"column":55}},"loc":{"start":{"line":28,"column":63},"end":{"line":28,"column":82}}},"6":{"name":"(anonymous_6)","decl":{"start":{"line":31,"column":20},"end":{"line":31,"column":21}},"loc":{"start":{"line":31,"column":81},"end":{"line":33,"column":3}}},"7":{"name":"(anonymous_7)","decl":{"start":{"line":35,"column":26},"end":{"line":35,"column":27}},"loc":{"start":{"line":35,"column":78},"end":{"line":37,"column":3}}},"8":{"name":"(anonymous_8)","decl":{"start":{"line":39,"column":19},"end":{"line":39,"column":20}},"loc":{"start":{"line":39,"column":83},"end":{"line":41,"column":3}}},"9":{"name":"(anonymous_9)","decl":{"start":{"line":43,"column":16},"end":{"line":43,"column":17}},"loc":{"start":{"line":43,"column":86},"end":{"line":45,"column":3}}},"10":{"name":"(anonymous_10)","decl":{"start":{"line":47,"column":23},"end":{"line":47,"column":24}},"loc":{"start":{"line":47,"column":64},"end":{"line":49,"column":3}}}},"branchMap":{},"s":{"0":1,"1":1,"2":1,"3":1,"4":0,"5":0,"6":0,"7":0,"8":0,"9":0,"10":0,"11":0,"12":0,"13":0,"14":0,"15":0,"16":0,"17":0,"18":0,"19":0,"20":0,"21":0,"22":0,"23":0,"24":1},"f":{"0":0,"1":0,"2":0,"3":0,"4":0,"5":0,"6":0,"7":0,"8":0,"9":0,"10":0},"b":{}}
,"/Users/c017188/Desktop/temp/react_unit/simple_server_shop/src/server/model/validate.ts": {"path":"/Users/c017188/Desktop/temp/react_unit/simple_server_shop/src/server/model/validate.ts","statementMap":{"0":{"start":{"line":3,"column":0},"end":{"line":3,"column":43}},"1":{"start":{"line":45,"column":9},"end":{"line":52,"column":3}},"2":{"start":{"line":46,"column":17},"end":{"line":46,"column":57}},"3":{"start":{"line":47,"column":4},"end":{"line":49,"column":5}},"4":{"start":{"line":48,"column":6},"end":{"line":48,"column":34}},"5":{"start":{"line":50,"column":4},"end":{"line":50,"column":79}},"6":{"start":{"line":55,"column":9},"end":{"line":68,"column":3}},"7":{"start":{"line":56,"column":4},"end":{"line":56,"column":24}},"8":{"start":{"line":57,"column":4},"end":{"line":67,"column":5}},"9":{"start":{"line":58,"column":6},"end":{"line":65,"column":7}},"10":{"start":{"line":59,"column":19},"end":{"line":59,"column":36}},"11":{"start":{"line":60,"column":8},"end":{"line":64,"column":9}},"12":{"start":{"line":61,"column":10},"end":{"line":63,"column":13}},"13":{"start":{"line":62,"column":12},"end":{"line":62,"column":33}},"14":{"start":{"line":10,"column":4},"end":{"line":42,"column":5}},"15":{"start":{"line":5,"column":0},"end":{"line":69,"column":1}},"16":{"start":{"line":71,"column":0},"end":{"line":71,"column":30}}},"fnMap":{"0":{"name":"(anonymous_0)","decl":{"start":{"line":9,"column":2},"end":{"line":null,"column":-1}},"loc":{"start":{"line":9,"column":2},"end":{"line":43,"column":3}}},"1":{"name":"(anonymous_1)","decl":{"start":{"line":45,"column":21},"end":{"line":45,"column":22}},"loc":{"start":{"line":45,"column":37},"end":{"line":52,"column":3}}},"2":{"name":"(anonymous_2)","decl":{"start":{"line":55,"column":22},"end":{"line":55,"column":23}},"loc":{"start":{"line":55,"column":49},"end":{"line":68,"column":3}}},"3":{"name":"(anonymous_3)","decl":{"start":{"line":61,"column":27},"end":{"line":61,"column":28}},"loc":{"start":{"line":61,"column":53},"end":{"line":63,"column":11}}}},"branchMap":{"0":{"loc":{"start":{"line":46,"column":35},"end":{"line":46,"column":50}},"type":"cond-expr","locations":[{"start":{"line":46,"column":35},"end":{"line":46,"column":50}},{"start":{"line":46,"column":53},"end":{"line":46,"column":57}}]},"1":{"loc":{"start":{"line":47,"column":4},"end":{"line":49,"column":5}},"type":"if","locations":[{"start":{"line":47,"column":4},"end":{"line":49,"column":5}},{"start":{"line":47,"column":4},"end":{"line":49,"column":5}}]},"2":{"loc":{"start":{"line":58,"column":6},"end":{"line":65,"column":7}},"type":"if","locations":[{"start":{"line":58,"column":6},"end":{"line":65,"column":7}},{"start":{"line":58,"column":6},"end":{"line":65,"column":7}}]},"3":{"loc":{"start":{"line":60,"column":8},"end":{"line":64,"column":9}},"type":"if","locations":[{"start":{"line":60,"column":8},"end":{"line":64,"column":9}},{"start":{"line":60,"column":8},"end":{"line":64,"column":9}}]}},"s":{"0":1,"1":1,"2":0,"3":0,"4":0,"5":0,"6":1,"7":0,"8":0,"9":0,"10":0,"11":0,"12":0,"13":0,"14":1,"15":1,"16":1},"f":{"0":1,"1":0,"2":0,"3":0},"b":{"0":[0,0],"1":[0,0],"2":[0,0],"3":[0,0]}}
,"/Users/c017188/Desktop/temp/react_unit/simple_server_shop/src/server/route/routes.ts": {"path":"/Users/c017188/Desktop/temp/react_unit/simple_server_shop/src/server/route/routes.ts","statementMap":{"0":{"start":{"line":4,"column":0},"end":{"line":4,"column":58}},"1":{"start":{"line":5,"column":0},"end":{"line":5,"column":58}},"2":{"start":{"line":6,"column":0},"end":{"line":6,"column":66}},"3":{"start":{"line":34,"column":9},"end":{"line":54,"column":3}},"4":{"start":{"line":36,"column":4},"end":{"line":37,"column":25}},"5":{"start":{"line":39,"column":4},"end":{"line":40,"column":25}},"6":{"start":{"line":42,"column":4},"end":{"line":43,"column":25}},"7":{"start":{"line":45,"column":4},"end":{"line":46,"column":27}},"8":{"start":{"line":48,"column":4},"end":{"line":49,"column":28}},"9":{"start":{"line":51,"column":4},"end":{"line":52,"column":28}},"10":{"start":{"line":21,"column":4},"end":{"line":21,"column":29}},"11":{"start":{"line":23,"column":4},"end":{"line":23,"column":44}},"12":{"start":{"line":24,"column":4},"end":{"line":24,"column":43}},"13":{"start":{"line":25,"column":4},"end":{"line":25,"column":43}},"14":{"start":{"line":26,"column":4},"end":{"line":26,"column":47}},"15":{"start":{"line":9,"column":0},"end":{"line":56,"column":1}}},"fnMap":{"0":{"name":"(anonymous_0)","decl":{"start":{"line":19,"column":2},"end":{"line":19,"column":13}},"loc":{"start":{"line":19,"column":29},"end":{"line":27,"column":3}}},"1":{"name":"(anonymous_1)","decl":{"start":{"line":34,"column":18},"end":{"line":34,"column":20}},"loc":{"start":{"line":34,"column":23},"end":{"line":54,"column":3}}}},"branchMap":{},"s":{"0":1,"1":1,"2":1,"3":1,"4":0,"5":0,"6":0,"7":0,"8":0,"9":0,"10":1,"11":1,"12":1,"13":1,"14":1,"15":1},"f":{"0":1,"1":0},"b":{}}
}
