TN:
SF:/Users/c017188/Desktop/temp/react_unit/simple_server_shop/src/server/app.ts
FN:39,(anonymous_0)
FN:44,(anonymous_1)
FN:86,(anonymous_2)
FN:91,(anonymous_3)
FN:101,(anonymous_4)
FN:105,(anonymous_5)
FN:115,(anonymous_6)
FN:119,(anonymous_7)
FNF:8
FNH:3
FNDA:1,(anonymous_0)
FNDA:0,(anonymous_1)
FNDA:0,(anonymous_2)
FNDA:0,(anonymous_3)
FNDA:0,(anonymous_4)
FNDA:0,(anonymous_5)
FNDA:4,(anonymous_6)
FNDA:4,(anonymous_7)
DA:3,1
DA:5,1
DA:6,1
DA:7,1
DA:8,1
DA:9,1
DA:10,1
DA:11,1
DA:16,1
DA:17,1
DA:19,1
DA:22,1
DA:40,1
DA:41,1
DA:44,1
DA:45,0
DA:47,0
DA:48,0
DA:49,0
DA:51,0
DA:53,0
DA:66,0
DA:87,0
DA:93,0
DA:96,0
DA:101,1
DA:102,0
DA:105,1
DA:106,0
DA:115,1
DA:116,4
DA:119,1
DA:120,4
DA:125,1
LF:34
LH:22
BRF:0
BRH:0
end_of_record
TN:
SF:/Users/c017188/Desktop/temp/react_unit/simple_server_shop/src/server/com/socket.ts
FN:20,(anonymous_0)
FN:42,(anonymous_1)
FN:47,(anonymous_2)
FN:52,(anonymous_3)
FN:53,(anonymous_4)
FN:55,(anonymous_5)
FN:26,(anonymous_6)
FN:34,(anonymous_7)
FNF:8
FNH:1
FNDA:1,(anonymous_0)
FNDA:0,(anonymous_1)
FNDA:0,(anonymous_2)
FNDA:0,(anonymous_3)
FNDA:0,(anonymous_4)
FNDA:0,(anonymous_5)
FNDA:0,(anonymous_6)
FNDA:0,(anonymous_7)
DA:2,1
DA:3,1
DA:5,1
DA:6,1
DA:10,1
DA:21,1
DA:23,1
DA:24,1
DA:26,1
DA:27,0
DA:28,0
DA:31,1
DA:32,1
DA:34,1
DA:35,0
DA:36,0
DA:39,1
DA:42,1
DA:43,0
DA:44,0
DA:47,1
DA:48,0
DA:49,0
DA:52,1
DA:53,0
DA:55,0
DA:57,0
LF:27
LH:16
BRF:0
BRH:0
end_of_record
TN:
SF:/Users/c017188/Desktop/temp/react_unit/simple_server_shop/src/server/config/connect.cnf.ts
FNF:0
FNH:0
DA:2,1
DA:3,1
DA:5,1
LF:3
LH:3
BRF:0
BRH:0
end_of_record
TN:
SF:/Users/c017188/Desktop/temp/react_unit/simple_server_shop/src/server/controllers/accountController.ts
FN:29,(anonymous_0)
FN:37,(anonymous_1)
FN:48,(anonymous_2)
FN:99,(anonymous_3)
FNF:4
FNH:3
FNDA:2,(anonymous_0)
FNDA:0,(anonymous_1)
FNDA:1,(anonymous_2)
FNDA:1,(anonymous_3)
DA:8,1
DA:9,1
DA:10,1
DA:20,1
DA:30,2
DA:32,2
DA:33,2
DA:37,2
DA:38,0
DA:42,0
DA:43,0
DA:44,0
DA:45,0
DA:48,2
DA:49,1
DA:50,1
DA:51,1
DA:53,1
DA:54,1
DA:56,1
DA:63,1
DA:65,1
DA:67,1
DA:68,1
DA:69,1
DA:71,0
DA:72,0
DA:73,0
DA:77,1
DA:78,1
DA:79,1
DA:80,1
DA:81,1
DA:84,1
DA:92,1
DA:93,1
DA:94,1
DA:95,1
DA:99,2
DA:100,1
DA:101,1
DA:103,1
DA:104,1
DA:105,1
DA:107,1
DA:108,8
DA:109,8
DA:111,3
DA:113,3
DA:114,3
DA:117,3
DA:121,1
DA:127,0
LF:53
LH:44
BRDA:51,0,0,0
BRDA:51,0,1,1
BRDA:51,1,0,1
BRDA:51,1,1,0
BRDA:66,2,0,1
BRDA:66,2,1,0
BRDA:66,2,2,0
BRDA:77,3,0,1
BRDA:77,3,1,0
BRDA:101,4,0,1
BRDA:101,4,1,0
BRDA:109,5,0,3
BRDA:109,5,1,5
BRDA:109,6,0,8
BRDA:109,6,1,7
BRDA:32,7,0,2
BRDA:32,7,1,0
BRF:17
BRH:10
end_of_record
TN:
SF:/Users/c017188/Desktop/temp/react_unit/simple_server_shop/src/server/controllers/appController.ts
FN:18,(anonymous_0)
FN:24,(anonymous_1)
FN:28,(anonymous_2)
FN:44,(anonymous_3)
FN:48,(anonymous_4)
FNF:5
FNH:1
FNDA:1,(anonymous_0)
FNDA:0,(anonymous_1)
FNDA:0,(anonymous_2)
FNDA:0,(anonymous_3)
FNDA:0,(anonymous_4)
DA:4,1
DA:6,1
DA:7,1
DA:9,1
DA:20,1
DA:21,1
DA:24,1
DA:25,0
DA:28,1
DA:29,0
DA:30,0
DA:31,0
DA:33,0
DA:36,0
DA:37,0
DA:39,0
DA:40,0
DA:44,1
DA:45,0
DA:48,1
DA:49,0
DA:50,0
LF:22
LH:10
BRDA:35,0,0,0
BRDA:35,0,1,0
BRDA:20,1,0,1
BRDA:20,1,1,0
BRF:4
BRH:1
end_of_record
TN:
SF:/Users/c017188/Desktop/temp/react_unit/simple_server_shop/src/server/controllers/cmsController.ts
FN:24,(anonymous_0)
FN:48,(anonymous_1)
FN:56,(anonymous_2)
FN:79,(anonymous_3)
FN:95,(anonymous_4)
FN:101,(anonymous_5)
FN:104,(anonymous_6)
FNF:7
FNH:1
FNDA:1,(anonymous_0)
FNDA:0,(anonymous_1)
FNDA:0,(anonymous_2)
FNDA:0,(anonymous_3)
FNDA:0,(anonymous_4)
FNDA:0,(anonymous_5)
FNDA:0,(anonymous_6)
DA:4,1
DA:5,1
DA:6,1
DA:7,1
DA:8,1
DA:9,1
DA:12,1
DA:26,1
DA:28,1
DA:30,1
DA:34,1
DA:35,1
DA:36,1
DA:39,1
DA:48,1
DA:49,0
DA:50,0
DA:51,0
DA:52,0
DA:56,1
DA:57,0
DA:58,0
DA:63,0
DA:65,0
DA:66,0
DA:67,0
DA:69,0
DA:70,0
DA:71,0
DA:72,0
DA:73,0
DA:75,0
DA:76,0
DA:78,0
DA:79,0
DA:80,0
DA:81,0
DA:82,0
DA:83,0
DA:84,0
DA:86,0
DA:89,0
DA:95,1
DA:96,0
DA:97,0
DA:98,0
DA:101,1
DA:102,0
DA:104,0
DA:106,0
DA:107,0
DA:110,0
DA:111,0
DA:112,0
DA:113,0
DA:114,0
DA:118,0
DA:120,0
DA:121,0
DA:123,0
DA:124,0
DA:127,0
DA:129,0
DA:130,0
DA:131,0
LF:65
LH:18
BRDA:63,0,0,0
BRDA:63,0,1,0
BRDA:75,1,0,0
BRDA:75,1,1,0
BRDA:80,2,0,0
BRDA:80,2,1,0
BRDA:89,3,0,0
BRDA:89,3,1,0
BRDA:106,4,0,0
BRDA:106,4,1,0
BRDA:112,5,0,0
BRDA:112,5,1,0
BRDA:113,6,0,0
BRDA:113,6,1,0
BRDA:113,7,0,0
BRDA:113,7,1,0
BRDA:119,8,0,0
BRDA:119,8,1,0
BRDA:123,9,0,0
BRDA:123,9,1,0
BRF:20
BRH:0
end_of_record
TN:
SF:/Users/c017188/Desktop/temp/react_unit/simple_server_shop/src/server/db/db_connect.ts
FN:20,(anonymous_0)
FN:26,(anonymous_1)
FN:30,(anonymous_2)
FN:40,(anonymous_3)
FNF:4
FNH:1
FNDA:1,(anonymous_0)
FNDA:0,(anonymous_1)
FNDA:0,(anonymous_2)
FNDA:0,(anonymous_3)
DA:3,1
DA:6,1
DA:10,1
DA:15,1
DA:22,1
DA:23,1
DA:26,1
DA:27,0
DA:29,0
DA:30,0
DA:31,0
DA:32,0
DA:33,0
DA:34,0
DA:37,0
DA:40,1
DA:41,0
DA:42,0
DA:43,0
DA:45,0
DA:50,1
LF:21
LH:9
BRDA:27,0,0,0
BRDA:27,0,1,0
BRDA:31,1,0,0
BRDA:31,1,1,0
BRDA:41,2,0,0
BRDA:41,2,1,0
BRF:6
BRH:0
end_of_record
TN:
SF:/Users/c017188/Desktop/temp/react_unit/simple_server_shop/src/server/model/cmsModel.ts
FN:24,(anonymous_0)
FN:173,(anonymous_1)
FN:180,(anonymous_2)
FN:189,(anonymous_3)
FN:198,(anonymous_4)
FN:207,(anonymous_5)
FN:216,(anonymous_6)
FN:219,(anonymous_7)
FN:222,(anonymous_8)
FN:225,(anonymous_9)
FNF:10
FNH:2
FNDA:1,(anonymous_0)
FNDA:2,(anonymous_1)
FNDA:0,(anonymous_2)
FNDA:0,(anonymous_3)
FNDA:0,(anonymous_4)
FNDA:0,(anonymous_5)
FNDA:0,(anonymous_6)
FNDA:0,(anonymous_7)
FNDA:0,(anonymous_8)
FNDA:0,(anonymous_9)
DA:2,1
DA:4,1
DA:5,1
DA:7,1
DA:10,1
DA:11,1
DA:12,1
DA:14,1
DA:18,1
DA:20,1
DA:22,1
DA:26,1
DA:173,1
DA:174,2
DA:175,2
DA:177,0
DA:180,1
DA:181,0
DA:182,0
DA:183,0
DA:184,0
DA:186,0
DA:189,1
DA:190,0
DA:191,0
DA:192,0
DA:193,0
DA:195,0
DA:198,1
DA:199,0
DA:200,0
DA:201,0
DA:202,0
DA:204,0
DA:207,1
DA:208,0
DA:209,0
DA:210,0
DA:212,0
DA:216,1
DA:217,0
DA:219,0
DA:220,0
DA:221,0
DA:222,0
DA:223,0
DA:224,0
DA:225,0
DA:226,0
DA:229,0
DA:231,0
DA:233,0
DA:240,1
LF:53
LH:21
BRDA:174,0,0,2
BRDA:174,0,1,0
BRDA:181,1,0,0
BRDA:181,1,1,0
BRDA:182,2,0,0
BRDA:182,2,1,0
BRDA:183,3,0,0
BRDA:183,3,1,0
BRDA:190,4,0,0
BRDA:190,4,1,0
BRDA:192,5,0,0
BRDA:192,5,1,0
BRDA:199,6,0,0
BRDA:199,6,1,0
BRDA:201,7,0,0
BRDA:201,7,1,0
BRDA:209,8,0,0
BRDA:209,8,1,0
BRDA:218,9,0,0
BRDA:220,10,0,0
BRDA:220,10,1,0
BRF:21
BRH:1
end_of_record
TN:
SF:/Users/c017188/Desktop/temp/react_unit/simple_server_shop/src/server/model/repository.ts
FN:11,(anonymous_0)
FN:15,(anonymous_1)
FN:19,(anonymous_2)
FN:23,(anonymous_3)
FN:27,(anonymous_4)
FN:28,(anonymous_5)
FN:31,(anonymous_6)
FN:35,(anonymous_7)
FN:39,(anonymous_8)
FN:43,(anonymous_9)
FN:47,(anonymous_10)
FNF:11
FNH:0
FNDA:0,(anonymous_0)
FNDA:0,(anonymous_1)
FNDA:0,(anonymous_2)
FNDA:0,(anonymous_3)
FNDA:0,(anonymous_4)
FNDA:0,(anonymous_5)
FNDA:0,(anonymous_6)
FNDA:0,(anonymous_7)
FNDA:0,(anonymous_8)
FNDA:0,(anonymous_9)
FNDA:0,(anonymous_10)
DA:1,1
DA:2,1
DA:3,1
DA:4,1
DA:7,1
DA:12,0
DA:15,0
DA:16,0
DA:19,0
DA:20,0
DA:23,0
DA:24,0
DA:27,0
DA:28,0
DA:31,0
DA:32,0
DA:35,0
DA:36,0
DA:39,0
DA:40,0
DA:43,0
DA:44,0
DA:47,0
DA:48,0
LF:24
LH:5
BRF:0
BRH:0
end_of_record
TN:
SF:/Users/c017188/Desktop/temp/react_unit/simple_server_shop/src/server/model/validate.ts
FN:9,(anonymous_0)
FN:45,(anonymous_1)
FN:55,(anonymous_2)
FN:61,(anonymous_3)
FNF:4
FNH:1
FNDA:1,(anonymous_0)
FNDA:0,(anonymous_1)
FNDA:0,(anonymous_2)
FNDA:0,(anonymous_3)
DA:3,1
DA:5,1
DA:10,1
DA:45,1
DA:46,0
DA:47,0
DA:48,0
DA:50,0
DA:55,1
DA:56,0
DA:57,0
DA:58,0
DA:59,0
DA:60,0
DA:61,0
DA:62,0
DA:71,1
LF:17
LH:6
BRDA:46,0,0,0
BRDA:46,0,1,0
BRDA:47,1,0,0
BRDA:47,1,1,0
BRDA:58,2,0,0
BRDA:58,2,1,0
BRDA:60,3,0,0
BRDA:60,3,1,0
BRF:8
BRH:0
end_of_record
TN:
SF:/Users/c017188/Desktop/temp/react_unit/simple_server_shop/src/server/route/routes.ts
FN:19,(anonymous_0)
FN:34,(anonymous_1)
FNF:2
FNH:1
FNDA:1,(anonymous_0)
FNDA:0,(anonymous_1)
DA:4,1
DA:5,1
DA:6,1
DA:9,1
DA:21,1
DA:23,1
DA:24,1
DA:25,1
DA:26,1
DA:34,1
DA:36,0
DA:39,0
DA:42,0
DA:45,0
DA:48,0
DA:51,0
LF:16
LH:10
BRF:0
BRH:0
end_of_record
