TN:
SF:/Users/c017188/Desktop/temp/react_unit/simple_server_shop/src/server/config/connect.cnf.ts
FNF:0
FNH:0
DA:2,1
DA:3,1
DA:4,1
DA:7,1
DA:12,1
LF:5
LH:5
BRDA:34,0,0,1
BRDA:34,0,1,0
BRDA:35,1,0,1
BRDA:35,1,1,0
BRDA:38,2,0,1
BRDA:38,2,1,0
BRDA:38,3,0,1
BRDA:38,3,1,1
BRDA:49,4,0,1
BRDA:49,4,1,0
BRDA:49,5,0,1
BRDA:49,5,1,1
BRDA:50,6,0,1
BRDA:50,6,1,0
BRDA:50,7,0,1
BRDA:50,7,1,1
BRDA:90,8,0,1
BRDA:90,8,1,0
BRDA:90,9,0,1
BRDA:90,9,1,1
BRDA:91,10,0,1
BRDA:91,10,1,0
BRDA:91,11,0,1
BRDA:91,11,1,1
BRF:24
BRH:17
end_of_record
TN:
SF:/Users/c017188/Desktop/temp/react_unit/simple_server_shop/src/server/config/private.cnf.ts
FNF:0
FNH:0
DA:4,1
LF:1
LH:1
BRF:0
BRH:0
end_of_record
TN:
SF:/Users/c017188/Desktop/temp/react_unit/simple_server_shop/src/server/controllers/boilerplate/responder.ts
FN:13,(anonymous_0)
FN:18,(anonymous_1)
FN:24,(anonymous_2)
FNF:3
FNH:2
FNDA:1,(anonymous_0)
FNDA:1,(anonymous_1)
FNDA:0,(anonymous_2)
DA:3,1
DA:4,1
DA:5,1
DA:6,1
DA:8,1
DA:14,1
DA:15,1
DA:18,1
DA:19,1
DA:20,1
DA:21,1
DA:24,1
DA:25,0
DA:32,1
LF:14
LH:13
BRF:0
BRH:0
end_of_record
TN:
SF:/Users/c017188/Desktop/temp/react_unit/simple_server_shop/src/server/controllers/boilerplate/en/us.ts
FNF:0
FNH:0
DA:2,1
DA:4,1
DA:8,1
DA:10,1
DA:16,1
LF:5
LH:5
BRDA:5,0,0,1
BRDA:5,0,1,0
BRF:2
BRH:1
end_of_record
TN:
SF:/Users/c017188/Desktop/temp/react_unit/simple_server_shop/src/server/mail/mailer.ts
FN:55,(anonymous_0)
FN:67,(anonymous_1)
FN:80,(anonymous_2)
FN:106,(anonymous_3)
FN:108,(anonymous_4)
FN:111,(anonymous_5)
FN:120,(anonymous_6)
FN:147,(anonymous_7)
FN:149,(anonymous_8)
FN:155,(anonymous_9)
FN:163,(anonymous_10)
FN:184,(anonymous_11)
FN:187,(anonymous_12)
FN:195,(anonymous_13)
FN:198,(anonymous_14)
FN:208,(anonymous_15)
FN:212,(anonymous_16)
FN:216,(anonymous_17)
FN:229,(anonymous_18)
FN:241,(anonymous_19)
FN:265,(anonymous_20)
FNF:21
FNH:6
FNDA:1,(anonymous_0)
FNDA:4,(anonymous_1)
FNDA:23,(anonymous_2)
FNDA:0,(anonymous_3)
FNDA:0,(anonymous_4)
FNDA:0,(anonymous_5)
FNDA:23,(anonymous_6)
FNDA:0,(anonymous_7)
FNDA:0,(anonymous_8)
FNDA:0,(anonymous_9)
FNDA:0,(anonymous_10)
FNDA:0,(anonymous_11)
FNDA:0,(anonymous_12)
FNDA:0,(anonymous_13)
FNDA:0,(anonymous_14)
FNDA:0,(anonymous_15)
FNDA:0,(anonymous_16)
FNDA:0,(anonymous_17)
FNDA:0,(anonymous_18)
FNDA:23,(anonymous_19)
FNDA:23,(anonymous_20)
DA:3,1
DA:4,1
DA:7,1
DA:8,1
DA:9,1
DA:10,1
DA:45,1
DA:47,1
DA:48,1
DA:50,1
DA:51,1
DA:53,1
DA:57,1
DA:58,0
DA:59,0
DA:63,1
DA:64,1
DA:67,1
DA:68,4
DA:69,4
DA:70,4
DA:80,1
DA:82,23
DA:83,23
DA:84,23
DA:85,23
DA:87,23
DA:106,1
DA:107,0
DA:108,0
DA:109,0
DA:110,0
DA:111,0
DA:120,1
DA:121,23
DA:123,23
DA:125,23
DA:135,23
DA:136,0
DA:138,23
DA:147,1
DA:148,0
DA:149,0
DA:150,0
DA:151,0
DA:152,0
DA:155,0
DA:157,0
DA:161,0
DA:164,0
DA:165,0
DA:166,0
DA:167,0
DA:168,0
DA:184,1
DA:185,0
DA:186,0
DA:187,0
DA:188,0
DA:189,0
DA:190,0
DA:193,0
DA:195,0
DA:196,0
DA:198,0
DA:199,0
DA:200,0
DA:201,0
DA:202,0
DA:204,0
DA:208,0
DA:209,0
DA:210,0
DA:212,0
DA:213,0
DA:214,0
DA:216,0
DA:217,0
DA:218,0
DA:229,1
DA:230,0
DA:231,0
DA:241,1
DA:242,23
DA:246,23
DA:252,23
DA:253,69
DA:254,69
DA:258,69
DA:259,69
DA:262,23
DA:265,1
DA:267,23
DA:275,1
LF:94
LH:47
BRDA:68,0,0,4
BRDA:68,0,1,0
BRDA:70,1,0,4
BRDA:70,1,1,0
BRDA:93,2,0,2
BRDA:93,2,1,21
BRDA:110,3,0,0
BRDA:110,3,1,0
BRDA:135,4,0,0
BRDA:135,4,1,23
BRDA:148,5,0,0
BRDA:148,5,1,0
BRDA:148,6,0,0
BRDA:148,6,1,0
BRDA:151,7,0,0
BRDA:151,7,1,0
BRDA:152,8,0,0
BRDA:152,8,1,0
BRDA:165,9,0,0
BRDA:165,9,1,0
BRDA:166,10,0,0
BRDA:166,10,1,0
BRDA:185,11,0,0
BRDA:185,11,1,0
BRDA:185,12,0,0
BRDA:185,12,1,0
BRDA:186,13,0,0
BRDA:186,13,1,0
BRDA:186,14,0,0
BRDA:186,14,1,0
BRDA:189,15,0,0
BRDA:189,15,1,0
BRDA:199,16,0,0
BRDA:199,16,1,0
BRDA:201,17,0,0
BRDA:201,17,1,0
BRDA:230,18,0,0
BRDA:230,18,1,0
BRDA:243,19,0,23
BRDA:243,19,1,0
BRDA:249,20,0,2
BRDA:249,20,1,21
BRDA:57,21,0,0
BRDA:57,21,1,1
BRDA:59,22,0,0
BRDA:59,22,1,0
BRF:46
BRH:9
end_of_record
TN:
SF:/Users/c017188/Desktop/temp/react_unit/simple_server_shop/src/server/mail/boilerplate/en/us.ts
FNF:0
FNH:0
DA:1,1
DA:4,1
DA:8,1
DA:13,1
DA:14,1
DA:16,1
DA:27,1
LF:7
LH:7
BRDA:5,0,0,1
BRDA:5,0,1,0
BRF:2
BRH:1
end_of_record
TN:
SF:/Users/c017188/Desktop/temp/react_unit/simple_server_shop/src/server/model/cmsModel.ts
FN:67,(anonymous_0)
FN:244,(anonymous_1)
FN:251,(anonymous_2)
FN:262,(anonymous_3)
FN:273,(anonymous_4)
FN:282,(anonymous_5)
FN:292,(anonymous_6)
FN:293,(anonymous_7)
FN:299,(anonymous_8)
FN:304,(anonymous_9)
FN:314,(anonymous_10)
FN:315,(anonymous_11)
FN:321,(anonymous_12)
FN:322,(anonymous_13)
FN:334,(anonymous_14)
FN:340,(anonymous_15)
FN:341,(anonymous_16)
FN:346,(anonymous_17)
FN:349,(anonymous_18)
FN:356,(anonymous_19)
FN:357,(anonymous_20)
FN:359,(anonymous_21)
FN:368,(anonymous_22)
FN:373,(anonymous_23)
FN:374,(anonymous_24)
FN:382,(anonymous_25)
FN:383,(anonymous_26)
FN:391,(anonymous_27)
FN:410,(anonymous_28)
FN:413,(anonymous_29)
FN:414,(anonymous_30)
FN:418,(anonymous_31)
FN:424,(anonymous_32)
FN:431,(anonymous_33)
FN:441,(anonymous_34)
FN:444,(anonymous_35)
FN:447,(anonymous_36)
FN:450,(anonymous_37)
FNF:38
FNH:22
FNDA:1,(anonymous_0)
FNDA:0,(anonymous_1)
FNDA:2,(anonymous_2)
FNDA:19,(anonymous_3)
FNDA:19,(anonymous_4)
FNDA:0,(anonymous_5)
FNDA:0,(anonymous_6)
FNDA:0,(anonymous_7)
FNDA:0,(anonymous_8)
FNDA:0,(anonymous_9)
FNDA:0,(anonymous_10)
FNDA:0,(anonymous_11)
FNDA:0,(anonymous_12)
FNDA:0,(anonymous_13)
FNDA:4,(anonymous_14)
FNDA:3,(anonymous_15)
FNDA:3,(anonymous_16)
FNDA:3,(anonymous_17)
FNDA:0,(anonymous_18)
FNDA:4,(anonymous_19)
FNDA:3,(anonymous_20)
FNDA:3,(anonymous_21)
FNDA:0,(anonymous_22)
FNDA:2,(anonymous_23)
FNDA:1,(anonymous_24)
FNDA:4,(anonymous_25)
FNDA:3,(anonymous_26)
FNDA:2,(anonymous_27)
FNDA:4,(anonymous_28)
FNDA:4,(anonymous_29)
FNDA:4,(anonymous_30)
FNDA:4,(anonymous_31)
FNDA:4,(anonymous_32)
FNDA:4,(anonymous_33)
FNDA:0,(anonymous_34)
FNDA:0,(anonymous_35)
FNDA:0,(anonymous_36)
FNDA:0,(anonymous_37)
DA:3,1
DA:5,1
DA:6,1
DA:7,1
DA:8,1
DA:9,1
DA:10,1
DA:13,1
DA:14,1
DA:15,1
DA:53,1
DA:57,1
DA:59,1
DA:61,1
DA:63,1
DA:69,1
DA:71,1
DA:244,1
DA:245,0
DA:246,0
DA:248,0
DA:251,1
DA:252,2
DA:254,2
DA:255,2
DA:256,2
DA:257,2
DA:259,0
DA:262,1
DA:263,19
DA:265,2
DA:266,2
DA:267,2
DA:268,2
DA:270,0
DA:273,1
DA:275,19
DA:276,19
DA:277,19
DA:279,0
DA:282,1
DA:283,0
DA:284,0
DA:285,0
DA:287,0
DA:292,1
DA:293,0
DA:294,0
DA:295,0
DA:299,1
DA:301,0
DA:302,0
DA:304,0
DA:305,0
DA:306,0
DA:312,0
DA:314,0
DA:315,0
DA:316,0
DA:317,0
DA:321,0
DA:322,0
DA:324,0
DA:325,0
DA:326,0
DA:334,1
DA:336,4
DA:338,3
DA:340,3
DA:341,3
DA:342,3
DA:346,3
DA:347,3
DA:348,3
DA:350,0
DA:351,0
DA:356,1
DA:357,4
DA:358,3
DA:359,3
DA:360,3
DA:361,3
DA:366,0
DA:369,0
DA:373,1
DA:374,2
DA:375,1
DA:376,1
DA:378,0
DA:382,1
DA:383,4
DA:384,3
DA:385,3
DA:386,3
DA:387,3
DA:388,3
DA:389,3
DA:390,3
DA:391,3
DA:392,2
DA:393,2
DA:399,2
DA:410,1
DA:411,4
DA:413,4
DA:414,4
DA:415,4
DA:418,4
DA:420,4
DA:421,4
DA:425,4
DA:434,4
DA:435,4
DA:441,1
DA:442,0
DA:444,0
DA:445,0
DA:446,0
DA:447,0
DA:448,0
DA:449,0
DA:450,0
DA:451,0
DA:454,0
DA:456,0
DA:458,0
DA:465,1
LF:127
LH:82
BRDA:245,0,0,0
BRDA:245,0,1,0
BRDA:252,1,0,0
BRDA:252,1,1,2
BRDA:254,2,0,2
BRDA:254,2,1,0
BRDA:255,3,0,2
BRDA:255,3,1,0
BRDA:263,4,0,17
BRDA:263,4,1,2
BRDA:266,5,0,2
BRDA:266,5,1,0
BRDA:276,6,0,19
BRDA:276,6,1,0
BRDA:284,7,0,0
BRDA:284,7,1,0
BRDA:294,8,0,0
BRDA:294,8,1,0
BRDA:294,9,0,0
BRDA:294,9,1,0
BRDA:294,9,2,0
BRDA:301,10,0,0
BRDA:301,10,1,0
BRDA:302,11,0,0
BRDA:302,11,1,0
BRDA:308,12,0,0
BRDA:308,12,1,0
BRDA:312,13,0,0
BRDA:312,13,1,0
BRDA:312,14,0,0
BRDA:312,14,1,0
BRDA:316,15,0,0
BRDA:316,15,1,0
BRDA:316,16,0,0
BRDA:316,16,1,0
BRDA:317,17,0,0
BRDA:317,17,1,0
BRDA:324,18,0,0
BRDA:324,18,1,0
BRDA:325,19,0,0
BRDA:325,19,1,0
BRDA:336,20,0,1
BRDA:336,20,1,3
BRDA:336,21,0,4
BRDA:336,21,1,4
BRDA:342,22,0,0
BRDA:342,22,1,3
BRDA:347,23,0,0
BRDA:347,23,1,3
BRDA:347,24,0,3
BRDA:347,24,1,3
BRDA:348,25,0,3
BRDA:348,25,1,0
BRDA:350,26,0,0
BRDA:350,26,1,0
BRDA:360,27,0,3
BRDA:360,27,1,0
BRDA:360,28,0,3
BRDA:360,28,1,3
BRDA:366,29,0,0
BRDA:366,29,1,0
BRDA:369,30,0,0
BRDA:369,30,1,0
BRDA:375,31,0,1
BRDA:375,31,1,0
BRDA:375,32,0,1
BRDA:375,32,1,1
BRDA:375,32,2,1
BRDA:384,33,0,3
BRDA:384,33,1,0
BRDA:384,34,0,3
BRDA:384,34,1,3
BRDA:392,35,0,2
BRDA:392,35,1,0
BRDA:392,36,0,2
BRDA:392,36,1,2
BRDA:399,37,0,0
BRDA:399,37,1,2
BRDA:420,38,0,0
BRDA:420,38,1,4
BRDA:421,39,0,0
BRDA:421,39,1,4
BRDA:428,40,0,3
BRDA:428,40,1,1
BRDA:434,41,0,0
BRDA:434,41,1,4
BRDA:435,42,0,0
BRDA:435,42,1,4
BRDA:443,43,0,0
BRDA:445,44,0,0
BRDA:445,44,1,0
BRF:91
BRH:36
end_of_record
TN:
SF:/Users/c017188/Desktop/temp/react_unit/simple_server_shop/src/server/model/repository.ts
FN:10,(anonymous_0)
FN:14,(anonymous_1)
FN:18,(anonymous_2)
FN:23,(anonymous_3)
FN:27,(anonymous_4)
FN:28,(anonymous_5)
FN:31,(anonymous_6)
FN:35,(anonymous_7)
FN:39,(anonymous_8)
FN:43,(anonymous_9)
FN:47,(anonymous_10)
FNF:11
FNH:5
FNDA:19,(anonymous_0)
FNDA:8,(anonymous_1)
FNDA:0,(anonymous_2)
FNDA:3,(anonymous_3)
FNDA:0,(anonymous_4)
FNDA:0,(anonymous_5)
FNDA:0,(anonymous_6)
FNDA:0,(anonymous_7)
FNDA:5,(anonymous_8)
FNDA:3,(anonymous_9)
FNDA:0,(anonymous_10)
DA:1,1
DA:2,1
DA:3,1
DA:4,1
DA:6,1
DA:11,19
DA:14,19
DA:15,8
DA:18,19
DA:19,0
DA:23,19
DA:24,3
DA:27,19
DA:28,0
DA:31,19
DA:32,0
DA:35,19
DA:36,0
DA:39,19
DA:40,5
DA:43,19
DA:44,3
DA:47,19
DA:48,0
LF:24
LH:19
BRF:0
BRH:0
end_of_record
TN:
SF:/Users/c017188/Desktop/temp/react_unit/simple_server_shop/src/server/model/validate.ts
FN:9,(anonymous_0)
FN:45,(anonymous_1)
FN:55,(anonymous_2)
FN:61,(anonymous_3)
FNF:4
FNH:1
FNDA:1,(anonymous_0)
FNDA:0,(anonymous_1)
FNDA:0,(anonymous_2)
FNDA:0,(anonymous_3)
DA:3,1
DA:5,1
DA:10,1
DA:45,1
DA:46,0
DA:47,0
DA:48,0
DA:50,0
DA:55,1
DA:56,0
DA:57,0
DA:58,0
DA:59,0
DA:60,0
DA:61,0
DA:62,0
DA:71,1
LF:17
LH:6
BRDA:46,0,0,0
BRDA:46,0,1,0
BRDA:47,1,0,0
BRDA:47,1,1,0
BRDA:58,2,0,0
BRDA:58,2,1,0
BRDA:60,3,0,0
BRDA:60,3,1,0
BRF:8
BRH:0
end_of_record
TN:
SF:/Users/c017188/Desktop/temp/react_unit/simple_server_shop/src/server/utils/filters.ts
FN:4,(anonymous_0)
FN:8,(anonymous_1)
FN:12,(anonymous_2)
FNF:3
FNH:3
FNDA:1,(anonymous_0)
FNDA:1016,(anonymous_1)
FNDA:3,(anonymous_2)
DA:4,1
DA:8,1
DA:9,1016
DA:12,1
DA:13,3
DA:14,3
DA:15,3
DA:17,3
DA:18,3
DA:20,3
DA:22,3
DA:24,505
DA:26,174
DA:27,174
DA:28,174
DA:30,165
DA:31,165
DA:32,165
DA:34,166
DA:35,166
DA:36,166
DA:38,505
DA:40,3
DA:46,1
LF:24
LH:24
BRDA:12,0,0,0
BRDA:12,1,0,3
BRDA:15,2,0,3
BRDA:15,2,1,0
BRDA:25,3,0,174
BRDA:25,3,1,165
BRDA:25,3,2,166
BRF:7
BRH:5
end_of_record
TN:
SF:/Users/c017188/Desktop/temp/react_unit/simple_server_shop/src/tests/db_connect.ts
FN:20,(anonymous_0)
FN:29,(anonymous_1)
FN:32,(anonymous_2)
FN:46,(anonymous_3)
FN:48,(anonymous_4)
FN:53,(anonymous_5)
FNF:6
FNH:5
FNDA:1,(anonymous_0)
FNDA:2,(anonymous_1)
FNDA:2,(anonymous_2)
FNDA:1,(anonymous_3)
FNDA:1,(anonymous_4)
FNDA:0,(anonymous_5)
DA:3,1
DA:6,1
DA:10,1
DA:15,1
DA:22,1
DA:23,1
DA:26,1
DA:29,1
DA:30,2
DA:32,2
DA:33,2
DA:35,0
DA:37,2
DA:38,0
DA:39,0
DA:40,0
DA:46,1
DA:48,1
DA:49,1
DA:53,1
DA:54,0
DA:55,0
DA:57,0
DA:63,1
LF:24
LH:17
BRDA:30,0,0,0
BRDA:30,0,1,2
BRDA:33,1,0,0
BRDA:33,1,1,2
BRDA:37,2,0,0
BRDA:37,2,1,2
BRDA:54,3,0,0
BRDA:54,3,1,0
BRF:8
BRH:3
end_of_record
